<?xml version="1.0" encoding="UTF-8"?>
<!-- Generated by org.testng.reporters.JUnitReportReporter -->
<testsuite skipped="0" hostname="Dell" name="com.test.AssetFirst" tests="7" failures="0" timestamp="28 Mar 2018 12:23:04 GMT" time="411.269" errors="0">
  <testcase name="AddFormAsset" time="102.732" classname="com.test.AssetFirst"/>
  <testcase name="NewAddedAsset" time="54.309" classname="com.test.AssetFirst"/>
  <testcase name="EditAssetAndDeletedAsset" time="88.560" classname="com.test.AssetFirst"/>
  <testcase name="DownloadAssetInventoryTemplate" time="19.811" classname="com.test.AssetFirst"/>
  <testcase name="ImportAsset" time="52.828" classname="com.test.AssetFirst"/>
  <testcase name="AssetInventoryListSort" time="15.219" classname="com.test.AssetFirst"/>
  <testcase name="MediaAssetGroups" time="77.810" classname="com.test.AssetFirst"/>
</testsuite> <!-- com.test.AssetFirst -->
