<?xml version="1.0" encoding="UTF-8"?>
<!-- Generated by org.testng.reporters.JUnitReportReporter -->
<testsuite skipped="2" hostname="Dell" name="com.test.RatingReviewTestcases" tests="14" failures="0" timestamp="27 Mar 2019 13:33:43 GMT" time="355.252" errors="0">
  <testcase name="NavigatePage_RatingReview" time="35.593" classname="com.test.RatingReviewTestcases"/>
  <testcase name="PageHearder_RatingReview" time="20.326" classname="com.test.RatingReviewTestcases"/>
  <testcase name="PanelBar_RatingReview" time="6.235" classname="com.test.RatingReviewTestcases"/>
  <testcase name="PageLevelHelp_RatingReview" time="9.411" classname="com.test.RatingReviewTestcases"/>
  <testcase name="RiskManagementMap_RatingReview" time="14.388" classname="com.test.RatingReviewTestcases"/>
  <testcase name="ScenarioAdvisory_RatingReview" time="43.183" classname="com.test.RatingReviewTestcases"/>
  <testcase name="Vulnerabilitylink_RatingReview" time="39.418" classname="com.test.RatingReviewTestcases"/>
  <testcase name="ContextHelpIcon_RatingReview" time="16.286" classname="com.test.RatingReviewTestcases"/>
  <testcase name="Notes_RatingReview" time="24.268" classname="com.test.RatingReviewTestcases"/>
  <testcase name="QuickFilter_RatingReview" time="58.115" classname="com.test.RatingReviewTestcases"/>
  <testcase name="Export_RatingReview" time="48.608" classname="com.test.RatingReviewTestcases"/>
  <testcase name="ClearResponse_RatingReview" time="39.421" classname="com.test.RatingReviewTestcases"/>
  <testcase name="Filter_RatingReview" classname="com.test.RatingReviewTestcases">
    <skipped/>
  </testcase> <!-- Filter_RatingReview -->
  <testcase name="Sorting_RatingReview" classname="com.test.RatingReviewTestcases">
    <skipped/>
  </testcase> <!-- Sorting_RatingReview -->
</testsuite> <!-- com.test.RatingReviewTestcases -->
