<?xml version="1.0" encoding="UTF-8"?>
<!-- Generated by org.testng.reporters.JUnitReportReporter -->
<testsuite skipped="2" hostname="Dell" name="com.test.ControlsResponseReview" tests="18" failures="0" timestamp="31 May 2018 10:16:31 GMT" time="50.114" errors="16">
  <testcase name="ControlsResponse" time="5.008" classname="com.test.ControlsResponseReview">
    <error type="org.openqa.selenium.SessionNotCreatedException" message="Tried to run command without establishing a connection
Build info: version: &#039;unknown&#039;, revision: &#039;unknown&#039;, time: &#039;unknown&#039;
System info: host: &#039;DELL&#039;, ip: &#039;192.168.43.138&#039;, os.name: &#039;Windows 8.1&#039;, os.arch: &#039;amd64&#039;, os.version: &#039;6.3&#039;, java.version: &#039;1.8.0_144&#039;
Driver info: org.openqa.selenium.firefox.FirefoxDriver
Capabilities [{moz:profile=C:\Users\User\AppData\Local\Temp\rust_mozprofile.mHgxxNwvi1q3, rotatable=false, timeouts={implicit=0.0, pageLoad=300000.0, script=30000.0}, pageLoadStrategy=normal, platform=ANY, specificationLevel=0.0, moz:accessibilityChecks=false, acceptInsecureCerts=false, browserVersion=55.0.2, platformVersion=6.3, moz:processID=8764.0, browserName=firefox, javascriptEnabled=true, platformName=windows_nt}]
Session ID: 45ed5544-53e2-4eae-ae05-d02a0f0700bd
*** Element info: {Using=link text, value=Controls Response Review}">
      <![CDATA[org.openqa.selenium.SessionNotCreatedException: Tried to run command without establishing a connection
Build info: version: 'unknown', revision: 'unknown', time: 'unknown'
System info: host: 'DELL', ip: '192.168.43.138', os.name: 'Windows 8.1', os.arch: 'amd64', os.version: '6.3', java.version: '1.8.0_144'
Driver info: org.openqa.selenium.firefox.FirefoxDriver
Capabilities [{moz:profile=C:\Users\User\AppData\Local\Temp\rust_mozprofile.mHgxxNwvi1q3, rotatable=false, timeouts={implicit=0.0, pageLoad=300000.0, script=30000.0}, pageLoadStrategy=normal, platform=ANY, specificationLevel=0.0, moz:accessibilityChecks=false, acceptInsecureCerts=false, browserVersion=55.0.2, platformVersion=6.3, moz:processID=8764.0, browserName=firefox, javascriptEnabled=true, platformName=windows_nt}]
Session ID: 45ed5544-53e2-4eae-ae05-d02a0f0700bd
*** Element info: {Using=link text, value=Controls Response Review}
	at sun.reflect.GeneratedConstructorAccessor13.newInstance(Unknown Source)
	at sun.reflect.DelegatingConstructorAccessorImpl.newInstance(Unknown Source)
	at java.lang.reflect.Constructor.newInstance(Unknown Source)
	at org.openqa.selenium.remote.http.W3CHttpResponseCodec.createException(W3CHttpResponseCodec.java:185)
	at org.openqa.selenium.remote.http.W3CHttpResponseCodec.decode(W3CHttpResponseCodec.java:120)
	at org.openqa.selenium.remote.http.W3CHttpResponseCodec.decode(W3CHttpResponseCodec.java:49)
	at org.openqa.selenium.remote.HttpCommandExecutor.execute(HttpCommandExecutor.java:164)
	at org.openqa.selenium.remote.service.DriverCommandExecutor.execute(DriverCommandExecutor.java:82)
	at org.openqa.selenium.remote.RemoteWebDriver.execute(RemoteWebDriver.java:641)
	at org.openqa.selenium.remote.RemoteWebDriver.findElement(RemoteWebDriver.java:414)
	at org.openqa.selenium.remote.RemoteWebDriver.findElementByLinkText(RemoteWebDriver.java:465)
	at org.openqa.selenium.By$ByLinkText.findElement(By.java:246)
	at org.openqa.selenium.remote.RemoteWebDriver.findElement(RemoteWebDriver.java:406)
	at com.test.WrapperClass.assertTextLink(WrapperClass.java:1204)
	at com.test.ControlsResponseReview.ControlsResponse(ControlsResponseReview.java:23)
	at sun.reflect.NativeMethodAccessorImpl.invoke0(Native Method)
	at sun.reflect.NativeMethodAccessorImpl.invoke(Unknown Source)
	at sun.reflect.DelegatingMethodAccessorImpl.invoke(Unknown Source)
	at java.lang.reflect.Method.invoke(Unknown Source)
	at org.testng.internal.MethodInvocationHelper.invokeMethod(MethodInvocationHelper.java:108)
	at org.testng.internal.Invoker.invokeMethod(Invoker.java:661)
	at org.testng.internal.Invoker.invokeTestMethod(Invoker.java:869)
	at org.testng.internal.Invoker.invokeTestMethods(Invoker.java:1193)
	at org.testng.internal.TestMethodWorker.invokeTestMethods(TestMethodWorker.java:126)
	at org.testng.internal.TestMethodWorker.run(TestMethodWorker.java:109)
	at org.testng.TestRunner.privateRun(TestRunner.java:744)
	at org.testng.TestRunner.run(TestRunner.java:602)
	at org.testng.SuiteRunner.runTest(SuiteRunner.java:380)
	at org.testng.SuiteRunner.runSequentially(SuiteRunner.java:375)
	at org.testng.SuiteRunner.privateRun(SuiteRunner.java:340)
	at org.testng.SuiteRunner.run(SuiteRunner.java:289)
	at org.testng.SuiteRunnerWorker.runSuite(SuiteRunnerWorker.java:52)
	at org.testng.SuiteRunnerWorker.run(SuiteRunnerWorker.java:86)
	at org.testng.TestNG.runSuitesSequentially(TestNG.java:1301)
	at org.testng.TestNG.runSuitesLocally(TestNG.java:1226)
	at org.testng.TestNG.runSuites(TestNG.java:1144)
	at org.testng.TestNG.run(TestNG.java:1115)
	at org.testng.remote.AbstractRemoteTestNG.run(AbstractRemoteTestNG.java:132)
	at org.testng.remote.RemoteTestNG.initAndRun(RemoteTestNG.java:230)
	at org.testng.remote.RemoteTestNG.main(RemoteTestNG.java:76)
]]>
    </error>
  </testcase> <!-- ControlsResponse -->
  <testcase name="ControlsResponseReviewFilter" time="0.010" classname="com.test.ControlsResponseReview">
    <error type="org.openqa.selenium.SessionNotCreatedException" message="Tried to run command without establishing a connection
Build info: version: &#039;unknown&#039;, revision: &#039;unknown&#039;, time: &#039;unknown&#039;
System info: host: &#039;DELL&#039;, ip: &#039;192.168.43.138&#039;, os.name: &#039;Windows 8.1&#039;, os.arch: &#039;amd64&#039;, os.version: &#039;6.3&#039;, java.version: &#039;1.8.0_144&#039;
Driver info: org.openqa.selenium.firefox.FirefoxDriver
Capabilities [{moz:profile=C:\Users\User\AppData\Local\Temp\rust_mozprofile.mHgxxNwvi1q3, rotatable=false, timeouts={implicit=0.0, pageLoad=300000.0, script=30000.0}, pageLoadStrategy=normal, platform=ANY, specificationLevel=0.0, moz:accessibilityChecks=false, acceptInsecureCerts=false, browserVersion=55.0.2, platformVersion=6.3, moz:processID=8764.0, browserName=firefox, javascriptEnabled=true, platformName=windows_nt}]
Session ID: 45ed5544-53e2-4eae-ae05-d02a0f0700bd
*** Element info: {Using=xpath, value=//*[@id=&#039;header&#039;]/div[2]/div/ul[1]/li/a/i}">
      <![CDATA[org.openqa.selenium.SessionNotCreatedException: Tried to run command without establishing a connection
Build info: version: 'unknown', revision: 'unknown', time: 'unknown'
System info: host: 'DELL', ip: '192.168.43.138', os.name: 'Windows 8.1', os.arch: 'amd64', os.version: '6.3', java.version: '1.8.0_144'
Driver info: org.openqa.selenium.firefox.FirefoxDriver
Capabilities [{moz:profile=C:\Users\User\AppData\Local\Temp\rust_mozprofile.mHgxxNwvi1q3, rotatable=false, timeouts={implicit=0.0, pageLoad=300000.0, script=30000.0}, pageLoadStrategy=normal, platform=ANY, specificationLevel=0.0, moz:accessibilityChecks=false, acceptInsecureCerts=false, browserVersion=55.0.2, platformVersion=6.3, moz:processID=8764.0, browserName=firefox, javascriptEnabled=true, platformName=windows_nt}]
Session ID: 45ed5544-53e2-4eae-ae05-d02a0f0700bd
*** Element info: {Using=xpath, value=//*[@id='header']/div[2]/div/ul[1]/li/a/i}
	at sun.reflect.GeneratedConstructorAccessor13.newInstance(Unknown Source)
	at sun.reflect.DelegatingConstructorAccessorImpl.newInstance(Unknown Source)
	at java.lang.reflect.Constructor.newInstance(Unknown Source)
	at org.openqa.selenium.remote.http.W3CHttpResponseCodec.createException(W3CHttpResponseCodec.java:185)
	at org.openqa.selenium.remote.http.W3CHttpResponseCodec.decode(W3CHttpResponseCodec.java:120)
	at org.openqa.selenium.remote.http.W3CHttpResponseCodec.decode(W3CHttpResponseCodec.java:49)
	at org.openqa.selenium.remote.HttpCommandExecutor.execute(HttpCommandExecutor.java:164)
	at org.openqa.selenium.remote.service.DriverCommandExecutor.execute(DriverCommandExecutor.java:82)
	at org.openqa.selenium.remote.RemoteWebDriver.execute(RemoteWebDriver.java:641)
	at org.openqa.selenium.remote.RemoteWebDriver.findElement(RemoteWebDriver.java:414)
	at org.openqa.selenium.remote.RemoteWebDriver.findElementByXPath(RemoteWebDriver.java:513)
	at org.openqa.selenium.By$ByXPath.findElement(By.java:361)
	at org.openqa.selenium.remote.RemoteWebDriver.findElement(RemoteWebDriver.java:406)
	at com.test.WrapperClass.clickByXpath(WrapperClass.java:559)
	at com.test.ControlsResponseReview.ControlsResponseReviewFilter(ControlsResponseReview.java:110)
	at sun.reflect.NativeMethodAccessorImpl.invoke0(Native Method)
	at sun.reflect.NativeMethodAccessorImpl.invoke(Unknown Source)
	at sun.reflect.DelegatingMethodAccessorImpl.invoke(Unknown Source)
	at java.lang.reflect.Method.invoke(Unknown Source)
	at org.testng.internal.MethodInvocationHelper.invokeMethod(MethodInvocationHelper.java:108)
	at org.testng.internal.Invoker.invokeMethod(Invoker.java:661)
	at org.testng.internal.Invoker.invokeTestMethod(Invoker.java:869)
	at org.testng.internal.Invoker.invokeTestMethods(Invoker.java:1193)
	at org.testng.internal.TestMethodWorker.invokeTestMethods(TestMethodWorker.java:126)
	at org.testng.internal.TestMethodWorker.run(TestMethodWorker.java:109)
	at org.testng.TestRunner.privateRun(TestRunner.java:744)
	at org.testng.TestRunner.run(TestRunner.java:602)
	at org.testng.SuiteRunner.runTest(SuiteRunner.java:380)
	at org.testng.SuiteRunner.runSequentially(SuiteRunner.java:375)
	at org.testng.SuiteRunner.privateRun(SuiteRunner.java:340)
	at org.testng.SuiteRunner.run(SuiteRunner.java:289)
	at org.testng.SuiteRunnerWorker.runSuite(SuiteRunnerWorker.java:52)
	at org.testng.SuiteRunnerWorker.run(SuiteRunnerWorker.java:86)
	at org.testng.TestNG.runSuitesSequentially(TestNG.java:1301)
	at org.testng.TestNG.runSuitesLocally(TestNG.java:1226)
	at org.testng.TestNG.runSuites(TestNG.java:1144)
	at org.testng.TestNG.run(TestNG.java:1115)
	at org.testng.remote.AbstractRemoteTestNG.run(AbstractRemoteTestNG.java:132)
	at org.testng.remote.RemoteTestNG.initAndRun(RemoteTestNG.java:230)
	at org.testng.remote.RemoteTestNG.main(RemoteTestNG.java:76)
]]>
    </error>
  </testcase> <!-- ControlsResponseReviewFilter -->
  <testcase name="ExportControlsResponseReview" time="0.010" classname="com.test.ControlsResponseReview">
    <error type="org.openqa.selenium.SessionNotCreatedException" message="Tried to run command without establishing a connection
Build info: version: &#039;unknown&#039;, revision: &#039;unknown&#039;, time: &#039;unknown&#039;
System info: host: &#039;DELL&#039;, ip: &#039;192.168.43.138&#039;, os.name: &#039;Windows 8.1&#039;, os.arch: &#039;amd64&#039;, os.version: &#039;6.3&#039;, java.version: &#039;1.8.0_144&#039;
Driver info: org.openqa.selenium.firefox.FirefoxDriver
Capabilities [{moz:profile=C:\Users\User\AppData\Local\Temp\rust_mozprofile.mHgxxNwvi1q3, rotatable=false, timeouts={implicit=0.0, pageLoad=300000.0, script=30000.0}, pageLoadStrategy=normal, platform=ANY, specificationLevel=0.0, moz:accessibilityChecks=false, acceptInsecureCerts=false, browserVersion=55.0.2, platformVersion=6.3, moz:processID=8764.0, browserName=firefox, javascriptEnabled=true, platformName=windows_nt}]
Session ID: 45ed5544-53e2-4eae-ae05-d02a0f0700bd
*** Element info: {Using=xpath, value=//*[@id=&#039;cw-panelbar&#039;]/div/div[3]/ul/li[2]/div/button}">
      <![CDATA[org.openqa.selenium.SessionNotCreatedException: Tried to run command without establishing a connection
Build info: version: 'unknown', revision: 'unknown', time: 'unknown'
System info: host: 'DELL', ip: '192.168.43.138', os.name: 'Windows 8.1', os.arch: 'amd64', os.version: '6.3', java.version: '1.8.0_144'
Driver info: org.openqa.selenium.firefox.FirefoxDriver
Capabilities [{moz:profile=C:\Users\User\AppData\Local\Temp\rust_mozprofile.mHgxxNwvi1q3, rotatable=false, timeouts={implicit=0.0, pageLoad=300000.0, script=30000.0}, pageLoadStrategy=normal, platform=ANY, specificationLevel=0.0, moz:accessibilityChecks=false, acceptInsecureCerts=false, browserVersion=55.0.2, platformVersion=6.3, moz:processID=8764.0, browserName=firefox, javascriptEnabled=true, platformName=windows_nt}]
Session ID: 45ed5544-53e2-4eae-ae05-d02a0f0700bd
*** Element info: {Using=xpath, value=//*[@id='cw-panelbar']/div/div[3]/ul/li[2]/div/button}
	at sun.reflect.GeneratedConstructorAccessor13.newInstance(Unknown Source)
	at sun.reflect.DelegatingConstructorAccessorImpl.newInstance(Unknown Source)
	at java.lang.reflect.Constructor.newInstance(Unknown Source)
	at org.openqa.selenium.remote.http.W3CHttpResponseCodec.createException(W3CHttpResponseCodec.java:185)
	at org.openqa.selenium.remote.http.W3CHttpResponseCodec.decode(W3CHttpResponseCodec.java:120)
	at org.openqa.selenium.remote.http.W3CHttpResponseCodec.decode(W3CHttpResponseCodec.java:49)
	at org.openqa.selenium.remote.HttpCommandExecutor.execute(HttpCommandExecutor.java:164)
	at org.openqa.selenium.remote.service.DriverCommandExecutor.execute(DriverCommandExecutor.java:82)
	at org.openqa.selenium.remote.RemoteWebDriver.execute(RemoteWebDriver.java:641)
	at org.openqa.selenium.remote.RemoteWebDriver.findElement(RemoteWebDriver.java:414)
	at org.openqa.selenium.remote.RemoteWebDriver.findElementByXPath(RemoteWebDriver.java:513)
	at org.openqa.selenium.By$ByXPath.findElement(By.java:361)
	at org.openqa.selenium.remote.RemoteWebDriver.findElement(RemoteWebDriver.java:406)
	at com.test.WrapperClass.assertTextXpath(WrapperClass.java:1192)
	at com.test.ControlsResponseReview.ExportControlsResponseReview(ControlsResponseReview.java:209)
	at sun.reflect.NativeMethodAccessorImpl.invoke0(Native Method)
	at sun.reflect.NativeMethodAccessorImpl.invoke(Unknown Source)
	at sun.reflect.DelegatingMethodAccessorImpl.invoke(Unknown Source)
	at java.lang.reflect.Method.invoke(Unknown Source)
	at org.testng.internal.MethodInvocationHelper.invokeMethod(MethodInvocationHelper.java:108)
	at org.testng.internal.Invoker.invokeMethod(Invoker.java:661)
	at org.testng.internal.Invoker.invokeTestMethod(Invoker.java:869)
	at org.testng.internal.Invoker.invokeTestMethods(Invoker.java:1193)
	at org.testng.internal.TestMethodWorker.invokeTestMethods(TestMethodWorker.java:126)
	at org.testng.internal.TestMethodWorker.run(TestMethodWorker.java:109)
	at org.testng.TestRunner.privateRun(TestRunner.java:744)
	at org.testng.TestRunner.run(TestRunner.java:602)
	at org.testng.SuiteRunner.runTest(SuiteRunner.java:380)
	at org.testng.SuiteRunner.runSequentially(SuiteRunner.java:375)
	at org.testng.SuiteRunner.privateRun(SuiteRunner.java:340)
	at org.testng.SuiteRunner.run(SuiteRunner.java:289)
	at org.testng.SuiteRunnerWorker.runSuite(SuiteRunnerWorker.java:52)
	at org.testng.SuiteRunnerWorker.run(SuiteRunnerWorker.java:86)
	at org.testng.TestNG.runSuitesSequentially(TestNG.java:1301)
	at org.testng.TestNG.runSuitesLocally(TestNG.java:1226)
	at org.testng.TestNG.runSuites(TestNG.java:1144)
	at org.testng.TestNG.run(TestNG.java:1115)
	at org.testng.remote.AbstractRemoteTestNG.run(AbstractRemoteTestNG.java:132)
	at org.testng.remote.RemoteTestNG.initAndRun(RemoteTestNG.java:230)
	at org.testng.remote.RemoteTestNG.main(RemoteTestNG.java:76)
]]>
    </error>
  </testcase> <!-- ExportControlsResponseReview -->
  <testcase name="ControlsResponseReviewQuickFilter" time="3.009" classname="com.test.ControlsResponseReview">
    <error type="org.openqa.selenium.SessionNotCreatedException" message="Tried to run command without establishing a connection
Build info: version: &#039;unknown&#039;, revision: &#039;unknown&#039;, time: &#039;unknown&#039;
System info: host: &#039;DELL&#039;, ip: &#039;192.168.43.138&#039;, os.name: &#039;Windows 8.1&#039;, os.arch: &#039;amd64&#039;, os.version: &#039;6.3&#039;, java.version: &#039;1.8.0_144&#039;
Driver info: org.openqa.selenium.firefox.FirefoxDriver
Capabilities [{moz:profile=C:\Users\User\AppData\Local\Temp\rust_mozprofile.mHgxxNwvi1q3, rotatable=false, timeouts={implicit=0.0, pageLoad=300000.0, script=30000.0}, pageLoadStrategy=normal, platform=ANY, specificationLevel=0.0, moz:accessibilityChecks=false, acceptInsecureCerts=false, browserVersion=55.0.2, platformVersion=6.3, moz:processID=8764.0, browserName=firefox, javascriptEnabled=true, platformName=windows_nt}]
Session ID: 45ed5544-53e2-4eae-ae05-d02a0f0700bd
*** Element info: {Using=xpath, value=//*[@id=&#039;crr-column-set&#039;]}">
      <![CDATA[org.openqa.selenium.SessionNotCreatedException: Tried to run command without establishing a connection
Build info: version: 'unknown', revision: 'unknown', time: 'unknown'
System info: host: 'DELL', ip: '192.168.43.138', os.name: 'Windows 8.1', os.arch: 'amd64', os.version: '6.3', java.version: '1.8.0_144'
Driver info: org.openqa.selenium.firefox.FirefoxDriver
Capabilities [{moz:profile=C:\Users\User\AppData\Local\Temp\rust_mozprofile.mHgxxNwvi1q3, rotatable=false, timeouts={implicit=0.0, pageLoad=300000.0, script=30000.0}, pageLoadStrategy=normal, platform=ANY, specificationLevel=0.0, moz:accessibilityChecks=false, acceptInsecureCerts=false, browserVersion=55.0.2, platformVersion=6.3, moz:processID=8764.0, browserName=firefox, javascriptEnabled=true, platformName=windows_nt}]
Session ID: 45ed5544-53e2-4eae-ae05-d02a0f0700bd
*** Element info: {Using=xpath, value=//*[@id='crr-column-set']}
	at sun.reflect.GeneratedConstructorAccessor13.newInstance(Unknown Source)
	at sun.reflect.DelegatingConstructorAccessorImpl.newInstance(Unknown Source)
	at java.lang.reflect.Constructor.newInstance(Unknown Source)
	at org.openqa.selenium.remote.http.W3CHttpResponseCodec.createException(W3CHttpResponseCodec.java:185)
	at org.openqa.selenium.remote.http.W3CHttpResponseCodec.decode(W3CHttpResponseCodec.java:120)
	at org.openqa.selenium.remote.http.W3CHttpResponseCodec.decode(W3CHttpResponseCodec.java:49)
	at org.openqa.selenium.remote.HttpCommandExecutor.execute(HttpCommandExecutor.java:164)
	at org.openqa.selenium.remote.service.DriverCommandExecutor.execute(DriverCommandExecutor.java:82)
	at org.openqa.selenium.remote.RemoteWebDriver.execute(RemoteWebDriver.java:641)
	at org.openqa.selenium.remote.RemoteWebDriver.findElement(RemoteWebDriver.java:414)
	at org.openqa.selenium.remote.RemoteWebDriver.findElementByXPath(RemoteWebDriver.java:513)
	at org.openqa.selenium.By$ByXPath.findElement(By.java:361)
	at org.openqa.selenium.remote.RemoteWebDriver.findElement(RemoteWebDriver.java:406)
	at com.test.WrapperClass.clickByXpath(WrapperClass.java:559)
	at com.test.ControlsResponseReview.ControlsResponseReviewQuickFilter(ControlsResponseReview.java:253)
	at sun.reflect.NativeMethodAccessorImpl.invoke0(Native Method)
	at sun.reflect.NativeMethodAccessorImpl.invoke(Unknown Source)
	at sun.reflect.DelegatingMethodAccessorImpl.invoke(Unknown Source)
	at java.lang.reflect.Method.invoke(Unknown Source)
	at org.testng.internal.MethodInvocationHelper.invokeMethod(MethodInvocationHelper.java:108)
	at org.testng.internal.Invoker.invokeMethod(Invoker.java:661)
	at org.testng.internal.Invoker.invokeTestMethod(Invoker.java:869)
	at org.testng.internal.Invoker.invokeTestMethods(Invoker.java:1193)
	at org.testng.internal.TestMethodWorker.invokeTestMethods(TestMethodWorker.java:126)
	at org.testng.internal.TestMethodWorker.run(TestMethodWorker.java:109)
	at org.testng.TestRunner.privateRun(TestRunner.java:744)
	at org.testng.TestRunner.run(TestRunner.java:602)
	at org.testng.SuiteRunner.runTest(SuiteRunner.java:380)
	at org.testng.SuiteRunner.runSequentially(SuiteRunner.java:375)
	at org.testng.SuiteRunner.privateRun(SuiteRunner.java:340)
	at org.testng.SuiteRunner.run(SuiteRunner.java:289)
	at org.testng.SuiteRunnerWorker.runSuite(SuiteRunnerWorker.java:52)
	at org.testng.SuiteRunnerWorker.run(SuiteRunnerWorker.java:86)
	at org.testng.TestNG.runSuitesSequentially(TestNG.java:1301)
	at org.testng.TestNG.runSuitesLocally(TestNG.java:1226)
	at org.testng.TestNG.runSuites(TestNG.java:1144)
	at org.testng.TestNG.run(TestNG.java:1115)
	at org.testng.remote.AbstractRemoteTestNG.run(AbstractRemoteTestNG.java:132)
	at org.testng.remote.RemoteTestNG.initAndRun(RemoteTestNG.java:230)
	at org.testng.remote.RemoteTestNG.main(RemoteTestNG.java:76)
]]>
    </error>
  </testcase> <!-- ControlsResponseReviewQuickFilter -->
  <testcase name="ControlsResponseReviewSort" time="0.005" classname="com.test.ControlsResponseReview">
    <error type="org.openqa.selenium.SessionNotCreatedException" message="Tried to run command without establishing a connection
Build info: version: &#039;unknown&#039;, revision: &#039;unknown&#039;, time: &#039;unknown&#039;
System info: host: &#039;DELL&#039;, ip: &#039;192.168.43.138&#039;, os.name: &#039;Windows 8.1&#039;, os.arch: &#039;amd64&#039;, os.version: &#039;6.3&#039;, java.version: &#039;1.8.0_144&#039;
Driver info: org.openqa.selenium.firefox.FirefoxDriver
Capabilities [{moz:profile=C:\Users\User\AppData\Local\Temp\rust_mozprofile.mHgxxNwvi1q3, rotatable=false, timeouts={implicit=0.0, pageLoad=300000.0, script=30000.0}, pageLoadStrategy=normal, platform=ANY, specificationLevel=0.0, moz:accessibilityChecks=false, acceptInsecureCerts=false, browserVersion=55.0.2, platformVersion=6.3, moz:processID=8764.0, browserName=firefox, javascriptEnabled=true, platformName=windows_nt}]
Session ID: 45ed5544-53e2-4eae-ae05-d02a0f0700bd
*** Element info: {Using=xpath, value=//*[@id=&#039;controls_response_review&#039;]/thead/tr[1]/th[4]/span[1]/span}">
      <![CDATA[org.openqa.selenium.SessionNotCreatedException: Tried to run command without establishing a connection
Build info: version: 'unknown', revision: 'unknown', time: 'unknown'
System info: host: 'DELL', ip: '192.168.43.138', os.name: 'Windows 8.1', os.arch: 'amd64', os.version: '6.3', java.version: '1.8.0_144'
Driver info: org.openqa.selenium.firefox.FirefoxDriver
Capabilities [{moz:profile=C:\Users\User\AppData\Local\Temp\rust_mozprofile.mHgxxNwvi1q3, rotatable=false, timeouts={implicit=0.0, pageLoad=300000.0, script=30000.0}, pageLoadStrategy=normal, platform=ANY, specificationLevel=0.0, moz:accessibilityChecks=false, acceptInsecureCerts=false, browserVersion=55.0.2, platformVersion=6.3, moz:processID=8764.0, browserName=firefox, javascriptEnabled=true, platformName=windows_nt}]
Session ID: 45ed5544-53e2-4eae-ae05-d02a0f0700bd
*** Element info: {Using=xpath, value=//*[@id='controls_response_review']/thead/tr[1]/th[4]/span[1]/span}
	at sun.reflect.GeneratedConstructorAccessor13.newInstance(Unknown Source)
	at sun.reflect.DelegatingConstructorAccessorImpl.newInstance(Unknown Source)
	at java.lang.reflect.Constructor.newInstance(Unknown Source)
	at org.openqa.selenium.remote.http.W3CHttpResponseCodec.createException(W3CHttpResponseCodec.java:185)
	at org.openqa.selenium.remote.http.W3CHttpResponseCodec.decode(W3CHttpResponseCodec.java:120)
	at org.openqa.selenium.remote.http.W3CHttpResponseCodec.decode(W3CHttpResponseCodec.java:49)
	at org.openqa.selenium.remote.HttpCommandExecutor.execute(HttpCommandExecutor.java:164)
	at org.openqa.selenium.remote.service.DriverCommandExecutor.execute(DriverCommandExecutor.java:82)
	at org.openqa.selenium.remote.RemoteWebDriver.execute(RemoteWebDriver.java:641)
	at org.openqa.selenium.remote.RemoteWebDriver.findElement(RemoteWebDriver.java:414)
	at org.openqa.selenium.remote.RemoteWebDriver.findElementByXPath(RemoteWebDriver.java:513)
	at org.openqa.selenium.By$ByXPath.findElement(By.java:361)
	at org.openqa.selenium.remote.RemoteWebDriver.findElement(RemoteWebDriver.java:406)
	at com.test.WrapperClass.clickByXpath(WrapperClass.java:559)
	at com.test.ControlsResponseReview.ControlsResponseReviewSort(ControlsResponseReview.java:280)
	at sun.reflect.NativeMethodAccessorImpl.invoke0(Native Method)
	at sun.reflect.NativeMethodAccessorImpl.invoke(Unknown Source)
	at sun.reflect.DelegatingMethodAccessorImpl.invoke(Unknown Source)
	at java.lang.reflect.Method.invoke(Unknown Source)
	at org.testng.internal.MethodInvocationHelper.invokeMethod(MethodInvocationHelper.java:108)
	at org.testng.internal.Invoker.invokeMethod(Invoker.java:661)
	at org.testng.internal.Invoker.invokeTestMethod(Invoker.java:869)
	at org.testng.internal.Invoker.invokeTestMethods(Invoker.java:1193)
	at org.testng.internal.TestMethodWorker.invokeTestMethods(TestMethodWorker.java:126)
	at org.testng.internal.TestMethodWorker.run(TestMethodWorker.java:109)
	at org.testng.TestRunner.privateRun(TestRunner.java:744)
	at org.testng.TestRunner.run(TestRunner.java:602)
	at org.testng.SuiteRunner.runTest(SuiteRunner.java:380)
	at org.testng.SuiteRunner.runSequentially(SuiteRunner.java:375)
	at org.testng.SuiteRunner.privateRun(SuiteRunner.java:340)
	at org.testng.SuiteRunner.run(SuiteRunner.java:289)
	at org.testng.SuiteRunnerWorker.runSuite(SuiteRunnerWorker.java:52)
	at org.testng.SuiteRunnerWorker.run(SuiteRunnerWorker.java:86)
	at org.testng.TestNG.runSuitesSequentially(TestNG.java:1301)
	at org.testng.TestNG.runSuitesLocally(TestNG.java:1226)
	at org.testng.TestNG.runSuites(TestNG.java:1144)
	at org.testng.TestNG.run(TestNG.java:1115)
	at org.testng.remote.AbstractRemoteTestNG.run(AbstractRemoteTestNG.java:132)
	at org.testng.remote.RemoteTestNG.initAndRun(RemoteTestNG.java:230)
	at org.testng.remote.RemoteTestNG.main(RemoteTestNG.java:76)
]]>
    </error>
  </testcase> <!-- ControlsResponseReviewSort -->
  <testcase name="ResidualRatingReviewQuickFilter" time="5.005" classname="com.test.ControlsResponseReview">
    <error type="org.openqa.selenium.SessionNotCreatedException" message="Tried to run command without establishing a connection
Build info: version: &#039;unknown&#039;, revision: &#039;unknown&#039;, time: &#039;unknown&#039;
System info: host: &#039;DELL&#039;, ip: &#039;192.168.43.138&#039;, os.name: &#039;Windows 8.1&#039;, os.arch: &#039;amd64&#039;, os.version: &#039;6.3&#039;, java.version: &#039;1.8.0_144&#039;
Driver info: org.openqa.selenium.firefox.FirefoxDriver
Capabilities [{moz:profile=C:\Users\User\AppData\Local\Temp\rust_mozprofile.mHgxxNwvi1q3, rotatable=false, timeouts={implicit=0.0, pageLoad=300000.0, script=30000.0}, pageLoadStrategy=normal, platform=ANY, specificationLevel=0.0, moz:accessibilityChecks=false, acceptInsecureCerts=false, browserVersion=55.0.2, platformVersion=6.3, moz:processID=8764.0, browserName=firefox, javascriptEnabled=true, platformName=windows_nt}]
Session ID: 45ed5544-53e2-4eae-ae05-d02a0f0700bd
*** Element info: {Using=link text, value=Residual Rating Review}">
      <![CDATA[org.openqa.selenium.SessionNotCreatedException: Tried to run command without establishing a connection
Build info: version: 'unknown', revision: 'unknown', time: 'unknown'
System info: host: 'DELL', ip: '192.168.43.138', os.name: 'Windows 8.1', os.arch: 'amd64', os.version: '6.3', java.version: '1.8.0_144'
Driver info: org.openqa.selenium.firefox.FirefoxDriver
Capabilities [{moz:profile=C:\Users\User\AppData\Local\Temp\rust_mozprofile.mHgxxNwvi1q3, rotatable=false, timeouts={implicit=0.0, pageLoad=300000.0, script=30000.0}, pageLoadStrategy=normal, platform=ANY, specificationLevel=0.0, moz:accessibilityChecks=false, acceptInsecureCerts=false, browserVersion=55.0.2, platformVersion=6.3, moz:processID=8764.0, browserName=firefox, javascriptEnabled=true, platformName=windows_nt}]
Session ID: 45ed5544-53e2-4eae-ae05-d02a0f0700bd
*** Element info: {Using=link text, value=Residual Rating Review}
	at sun.reflect.GeneratedConstructorAccessor13.newInstance(Unknown Source)
	at sun.reflect.DelegatingConstructorAccessorImpl.newInstance(Unknown Source)
	at java.lang.reflect.Constructor.newInstance(Unknown Source)
	at org.openqa.selenium.remote.http.W3CHttpResponseCodec.createException(W3CHttpResponseCodec.java:185)
	at org.openqa.selenium.remote.http.W3CHttpResponseCodec.decode(W3CHttpResponseCodec.java:120)
	at org.openqa.selenium.remote.http.W3CHttpResponseCodec.decode(W3CHttpResponseCodec.java:49)
	at org.openqa.selenium.remote.HttpCommandExecutor.execute(HttpCommandExecutor.java:164)
	at org.openqa.selenium.remote.service.DriverCommandExecutor.execute(DriverCommandExecutor.java:82)
	at org.openqa.selenium.remote.RemoteWebDriver.execute(RemoteWebDriver.java:641)
	at org.openqa.selenium.remote.RemoteWebDriver.findElement(RemoteWebDriver.java:414)
	at org.openqa.selenium.remote.RemoteWebDriver.findElementByLinkText(RemoteWebDriver.java:465)
	at org.openqa.selenium.By$ByLinkText.findElement(By.java:246)
	at org.openqa.selenium.remote.RemoteWebDriver.findElement(RemoteWebDriver.java:406)
	at com.test.WrapperClass.assertTextLink(WrapperClass.java:1204)
	at com.test.ControlsResponseReview.ResidualRatingReviewQuickFilter(ControlsResponseReview.java:307)
	at sun.reflect.NativeMethodAccessorImpl.invoke0(Native Method)
	at sun.reflect.NativeMethodAccessorImpl.invoke(Unknown Source)
	at sun.reflect.DelegatingMethodAccessorImpl.invoke(Unknown Source)
	at java.lang.reflect.Method.invoke(Unknown Source)
	at org.testng.internal.MethodInvocationHelper.invokeMethod(MethodInvocationHelper.java:108)
	at org.testng.internal.Invoker.invokeMethod(Invoker.java:661)
	at org.testng.internal.Invoker.invokeTestMethod(Invoker.java:869)
	at org.testng.internal.Invoker.invokeTestMethods(Invoker.java:1193)
	at org.testng.internal.TestMethodWorker.invokeTestMethods(TestMethodWorker.java:126)
	at org.testng.internal.TestMethodWorker.run(TestMethodWorker.java:109)
	at org.testng.TestRunner.privateRun(TestRunner.java:744)
	at org.testng.TestRunner.run(TestRunner.java:602)
	at org.testng.SuiteRunner.runTest(SuiteRunner.java:380)
	at org.testng.SuiteRunner.runSequentially(SuiteRunner.java:375)
	at org.testng.SuiteRunner.privateRun(SuiteRunner.java:340)
	at org.testng.SuiteRunner.run(SuiteRunner.java:289)
	at org.testng.SuiteRunnerWorker.runSuite(SuiteRunnerWorker.java:52)
	at org.testng.SuiteRunnerWorker.run(SuiteRunnerWorker.java:86)
	at org.testng.TestNG.runSuitesSequentially(TestNG.java:1301)
	at org.testng.TestNG.runSuitesLocally(TestNG.java:1226)
	at org.testng.TestNG.runSuites(TestNG.java:1144)
	at org.testng.TestNG.run(TestNG.java:1115)
	at org.testng.remote.AbstractRemoteTestNG.run(AbstractRemoteTestNG.java:132)
	at org.testng.remote.RemoteTestNG.initAndRun(RemoteTestNG.java:230)
	at org.testng.remote.RemoteTestNG.main(RemoteTestNG.java:76)
]]>
    </error>
  </testcase> <!-- ResidualRatingReviewQuickFilter -->
  <testcase name="ResidualRatingReviewFilter" time="3.006" classname="com.test.ControlsResponseReview">
    <error type="org.openqa.selenium.SessionNotCreatedException" message="Tried to run command without establishing a connection
Build info: version: &#039;unknown&#039;, revision: &#039;unknown&#039;, time: &#039;unknown&#039;
System info: host: &#039;DELL&#039;, ip: &#039;192.168.43.138&#039;, os.name: &#039;Windows 8.1&#039;, os.arch: &#039;amd64&#039;, os.version: &#039;6.3&#039;, java.version: &#039;1.8.0_144&#039;
Driver info: org.openqa.selenium.firefox.FirefoxDriver
Capabilities [{moz:profile=C:\Users\User\AppData\Local\Temp\rust_mozprofile.mHgxxNwvi1q3, rotatable=false, timeouts={implicit=0.0, pageLoad=300000.0, script=30000.0}, pageLoadStrategy=normal, platform=ANY, specificationLevel=0.0, moz:accessibilityChecks=false, acceptInsecureCerts=false, browserVersion=55.0.2, platformVersion=6.3, moz:processID=8764.0, browserName=firefox, javascriptEnabled=true, platformName=windows_nt}]
Session ID: 45ed5544-53e2-4eae-ae05-d02a0f0700bd
*** Element info: {Using=xpath, value=//*[@id=&#039;header&#039;]/div[2]/div/ul[1]/li/a/i}">
      <![CDATA[org.openqa.selenium.SessionNotCreatedException: Tried to run command without establishing a connection
Build info: version: 'unknown', revision: 'unknown', time: 'unknown'
System info: host: 'DELL', ip: '192.168.43.138', os.name: 'Windows 8.1', os.arch: 'amd64', os.version: '6.3', java.version: '1.8.0_144'
Driver info: org.openqa.selenium.firefox.FirefoxDriver
Capabilities [{moz:profile=C:\Users\User\AppData\Local\Temp\rust_mozprofile.mHgxxNwvi1q3, rotatable=false, timeouts={implicit=0.0, pageLoad=300000.0, script=30000.0}, pageLoadStrategy=normal, platform=ANY, specificationLevel=0.0, moz:accessibilityChecks=false, acceptInsecureCerts=false, browserVersion=55.0.2, platformVersion=6.3, moz:processID=8764.0, browserName=firefox, javascriptEnabled=true, platformName=windows_nt}]
Session ID: 45ed5544-53e2-4eae-ae05-d02a0f0700bd
*** Element info: {Using=xpath, value=//*[@id='header']/div[2]/div/ul[1]/li/a/i}
	at sun.reflect.GeneratedConstructorAccessor13.newInstance(Unknown Source)
	at sun.reflect.DelegatingConstructorAccessorImpl.newInstance(Unknown Source)
	at java.lang.reflect.Constructor.newInstance(Unknown Source)
	at org.openqa.selenium.remote.http.W3CHttpResponseCodec.createException(W3CHttpResponseCodec.java:185)
	at org.openqa.selenium.remote.http.W3CHttpResponseCodec.decode(W3CHttpResponseCodec.java:120)
	at org.openqa.selenium.remote.http.W3CHttpResponseCodec.decode(W3CHttpResponseCodec.java:49)
	at org.openqa.selenium.remote.HttpCommandExecutor.execute(HttpCommandExecutor.java:164)
	at org.openqa.selenium.remote.service.DriverCommandExecutor.execute(DriverCommandExecutor.java:82)
	at org.openqa.selenium.remote.RemoteWebDriver.execute(RemoteWebDriver.java:641)
	at org.openqa.selenium.remote.RemoteWebDriver.findElement(RemoteWebDriver.java:414)
	at org.openqa.selenium.remote.RemoteWebDriver.findElementByXPath(RemoteWebDriver.java:513)
	at org.openqa.selenium.By$ByXPath.findElement(By.java:361)
	at org.openqa.selenium.remote.RemoteWebDriver.findElement(RemoteWebDriver.java:406)
	at com.test.WrapperClass.clickByXpath(WrapperClass.java:559)
	at com.test.ControlsResponseReview.ResidualRatingReviewFilter(ControlsResponseReview.java:374)
	at sun.reflect.NativeMethodAccessorImpl.invoke0(Native Method)
	at sun.reflect.NativeMethodAccessorImpl.invoke(Unknown Source)
	at sun.reflect.DelegatingMethodAccessorImpl.invoke(Unknown Source)
	at java.lang.reflect.Method.invoke(Unknown Source)
	at org.testng.internal.MethodInvocationHelper.invokeMethod(MethodInvocationHelper.java:108)
	at org.testng.internal.Invoker.invokeMethod(Invoker.java:661)
	at org.testng.internal.Invoker.invokeTestMethod(Invoker.java:869)
	at org.testng.internal.Invoker.invokeTestMethods(Invoker.java:1193)
	at org.testng.internal.TestMethodWorker.invokeTestMethods(TestMethodWorker.java:126)
	at org.testng.internal.TestMethodWorker.run(TestMethodWorker.java:109)
	at org.testng.TestRunner.privateRun(TestRunner.java:744)
	at org.testng.TestRunner.run(TestRunner.java:602)
	at org.testng.SuiteRunner.runTest(SuiteRunner.java:380)
	at org.testng.SuiteRunner.runSequentially(SuiteRunner.java:375)
	at org.testng.SuiteRunner.privateRun(SuiteRunner.java:340)
	at org.testng.SuiteRunner.run(SuiteRunner.java:289)
	at org.testng.SuiteRunnerWorker.runSuite(SuiteRunnerWorker.java:52)
	at org.testng.SuiteRunnerWorker.run(SuiteRunnerWorker.java:86)
	at org.testng.TestNG.runSuitesSequentially(TestNG.java:1301)
	at org.testng.TestNG.runSuitesLocally(TestNG.java:1226)
	at org.testng.TestNG.runSuites(TestNG.java:1144)
	at org.testng.TestNG.run(TestNG.java:1115)
	at org.testng.remote.AbstractRemoteTestNG.run(AbstractRemoteTestNG.java:132)
	at org.testng.remote.RemoteTestNG.initAndRun(RemoteTestNG.java:230)
	at org.testng.remote.RemoteTestNG.main(RemoteTestNG.java:76)
]]>
    </error>
  </testcase> <!-- ResidualRatingReviewFilter -->
  <testcase name="ExportResidualRatingReview" time="5.005" classname="com.test.ControlsResponseReview">
    <error type="org.openqa.selenium.SessionNotCreatedException" message="Tried to run command without establishing a connection
Build info: version: &#039;unknown&#039;, revision: &#039;unknown&#039;, time: &#039;unknown&#039;
System info: host: &#039;DELL&#039;, ip: &#039;192.168.43.138&#039;, os.name: &#039;Windows 8.1&#039;, os.arch: &#039;amd64&#039;, os.version: &#039;6.3&#039;, java.version: &#039;1.8.0_144&#039;
Driver info: org.openqa.selenium.firefox.FirefoxDriver
Capabilities [{moz:profile=C:\Users\User\AppData\Local\Temp\rust_mozprofile.mHgxxNwvi1q3, rotatable=false, timeouts={implicit=0.0, pageLoad=300000.0, script=30000.0}, pageLoadStrategy=normal, platform=ANY, specificationLevel=0.0, moz:accessibilityChecks=false, acceptInsecureCerts=false, browserVersion=55.0.2, platformVersion=6.3, moz:processID=8764.0, browserName=firefox, javascriptEnabled=true, platformName=windows_nt}]
Session ID: 45ed5544-53e2-4eae-ae05-d02a0f0700bd
*** Element info: {Using=xpath, value=//*[@id=&#039;cw-panelbar&#039;]/div/div[3]/ul/li[2]/div/button}">
      <![CDATA[org.openqa.selenium.SessionNotCreatedException: Tried to run command without establishing a connection
Build info: version: 'unknown', revision: 'unknown', time: 'unknown'
System info: host: 'DELL', ip: '192.168.43.138', os.name: 'Windows 8.1', os.arch: 'amd64', os.version: '6.3', java.version: '1.8.0_144'
Driver info: org.openqa.selenium.firefox.FirefoxDriver
Capabilities [{moz:profile=C:\Users\User\AppData\Local\Temp\rust_mozprofile.mHgxxNwvi1q3, rotatable=false, timeouts={implicit=0.0, pageLoad=300000.0, script=30000.0}, pageLoadStrategy=normal, platform=ANY, specificationLevel=0.0, moz:accessibilityChecks=false, acceptInsecureCerts=false, browserVersion=55.0.2, platformVersion=6.3, moz:processID=8764.0, browserName=firefox, javascriptEnabled=true, platformName=windows_nt}]
Session ID: 45ed5544-53e2-4eae-ae05-d02a0f0700bd
*** Element info: {Using=xpath, value=//*[@id='cw-panelbar']/div/div[3]/ul/li[2]/div/button}
	at sun.reflect.GeneratedConstructorAccessor13.newInstance(Unknown Source)
	at sun.reflect.DelegatingConstructorAccessorImpl.newInstance(Unknown Source)
	at java.lang.reflect.Constructor.newInstance(Unknown Source)
	at org.openqa.selenium.remote.http.W3CHttpResponseCodec.createException(W3CHttpResponseCodec.java:185)
	at org.openqa.selenium.remote.http.W3CHttpResponseCodec.decode(W3CHttpResponseCodec.java:120)
	at org.openqa.selenium.remote.http.W3CHttpResponseCodec.decode(W3CHttpResponseCodec.java:49)
	at org.openqa.selenium.remote.HttpCommandExecutor.execute(HttpCommandExecutor.java:164)
	at org.openqa.selenium.remote.service.DriverCommandExecutor.execute(DriverCommandExecutor.java:82)
	at org.openqa.selenium.remote.RemoteWebDriver.execute(RemoteWebDriver.java:641)
	at org.openqa.selenium.remote.RemoteWebDriver.findElement(RemoteWebDriver.java:414)
	at org.openqa.selenium.remote.RemoteWebDriver.findElementByXPath(RemoteWebDriver.java:513)
	at org.openqa.selenium.By$ByXPath.findElement(By.java:361)
	at org.openqa.selenium.remote.RemoteWebDriver.findElement(RemoteWebDriver.java:406)
	at com.test.WrapperClass.assertTextXpath(WrapperClass.java:1192)
	at com.test.ControlsResponseReview.ExportResidualRatingReview(ControlsResponseReview.java:471)
	at sun.reflect.NativeMethodAccessorImpl.invoke0(Native Method)
	at sun.reflect.NativeMethodAccessorImpl.invoke(Unknown Source)
	at sun.reflect.DelegatingMethodAccessorImpl.invoke(Unknown Source)
	at java.lang.reflect.Method.invoke(Unknown Source)
	at org.testng.internal.MethodInvocationHelper.invokeMethod(MethodInvocationHelper.java:108)
	at org.testng.internal.Invoker.invokeMethod(Invoker.java:661)
	at org.testng.internal.Invoker.invokeTestMethod(Invoker.java:869)
	at org.testng.internal.Invoker.invokeTestMethods(Invoker.java:1193)
	at org.testng.internal.TestMethodWorker.invokeTestMethods(TestMethodWorker.java:126)
	at org.testng.internal.TestMethodWorker.run(TestMethodWorker.java:109)
	at org.testng.TestRunner.privateRun(TestRunner.java:744)
	at org.testng.TestRunner.run(TestRunner.java:602)
	at org.testng.SuiteRunner.runTest(SuiteRunner.java:380)
	at org.testng.SuiteRunner.runSequentially(SuiteRunner.java:375)
	at org.testng.SuiteRunner.privateRun(SuiteRunner.java:340)
	at org.testng.SuiteRunner.run(SuiteRunner.java:289)
	at org.testng.SuiteRunnerWorker.runSuite(SuiteRunnerWorker.java:52)
	at org.testng.SuiteRunnerWorker.run(SuiteRunnerWorker.java:86)
	at org.testng.TestNG.runSuitesSequentially(TestNG.java:1301)
	at org.testng.TestNG.runSuitesLocally(TestNG.java:1226)
	at org.testng.TestNG.runSuites(TestNG.java:1144)
	at org.testng.TestNG.run(TestNG.java:1115)
	at org.testng.remote.AbstractRemoteTestNG.run(AbstractRemoteTestNG.java:132)
	at org.testng.remote.RemoteTestNG.initAndRun(RemoteTestNG.java:230)
	at org.testng.remote.RemoteTestNG.main(RemoteTestNG.java:76)
]]>
    </error>
  </testcase> <!-- ExportResidualRatingReview -->
  <testcase name="ResidualRatingReviewSort" time="0.006" classname="com.test.ControlsResponseReview">
    <error type="org.openqa.selenium.SessionNotCreatedException" message="Tried to run command without establishing a connection
Build info: version: &#039;unknown&#039;, revision: &#039;unknown&#039;, time: &#039;unknown&#039;
System info: host: &#039;DELL&#039;, ip: &#039;192.168.43.138&#039;, os.name: &#039;Windows 8.1&#039;, os.arch: &#039;amd64&#039;, os.version: &#039;6.3&#039;, java.version: &#039;1.8.0_144&#039;
Driver info: org.openqa.selenium.firefox.FirefoxDriver
Capabilities [{moz:profile=C:\Users\User\AppData\Local\Temp\rust_mozprofile.mHgxxNwvi1q3, rotatable=false, timeouts={implicit=0.0, pageLoad=300000.0, script=30000.0}, pageLoadStrategy=normal, platform=ANY, specificationLevel=0.0, moz:accessibilityChecks=false, acceptInsecureCerts=false, browserVersion=55.0.2, platformVersion=6.3, moz:processID=8764.0, browserName=firefox, javascriptEnabled=true, platformName=windows_nt}]
Session ID: 45ed5544-53e2-4eae-ae05-d02a0f0700bd
*** Element info: {Using=xpath, value=//*[@id=&#039;residual_rating_review&#039;]/thead/tr[2]/th[2]/span[1]/span}">
      <![CDATA[org.openqa.selenium.SessionNotCreatedException: Tried to run command without establishing a connection
Build info: version: 'unknown', revision: 'unknown', time: 'unknown'
System info: host: 'DELL', ip: '192.168.43.138', os.name: 'Windows 8.1', os.arch: 'amd64', os.version: '6.3', java.version: '1.8.0_144'
Driver info: org.openqa.selenium.firefox.FirefoxDriver
Capabilities [{moz:profile=C:\Users\User\AppData\Local\Temp\rust_mozprofile.mHgxxNwvi1q3, rotatable=false, timeouts={implicit=0.0, pageLoad=300000.0, script=30000.0}, pageLoadStrategy=normal, platform=ANY, specificationLevel=0.0, moz:accessibilityChecks=false, acceptInsecureCerts=false, browserVersion=55.0.2, platformVersion=6.3, moz:processID=8764.0, browserName=firefox, javascriptEnabled=true, platformName=windows_nt}]
Session ID: 45ed5544-53e2-4eae-ae05-d02a0f0700bd
*** Element info: {Using=xpath, value=//*[@id='residual_rating_review']/thead/tr[2]/th[2]/span[1]/span}
	at sun.reflect.GeneratedConstructorAccessor13.newInstance(Unknown Source)
	at sun.reflect.DelegatingConstructorAccessorImpl.newInstance(Unknown Source)
	at java.lang.reflect.Constructor.newInstance(Unknown Source)
	at org.openqa.selenium.remote.http.W3CHttpResponseCodec.createException(W3CHttpResponseCodec.java:185)
	at org.openqa.selenium.remote.http.W3CHttpResponseCodec.decode(W3CHttpResponseCodec.java:120)
	at org.openqa.selenium.remote.http.W3CHttpResponseCodec.decode(W3CHttpResponseCodec.java:49)
	at org.openqa.selenium.remote.HttpCommandExecutor.execute(HttpCommandExecutor.java:164)
	at org.openqa.selenium.remote.service.DriverCommandExecutor.execute(DriverCommandExecutor.java:82)
	at org.openqa.selenium.remote.RemoteWebDriver.execute(RemoteWebDriver.java:641)
	at org.openqa.selenium.remote.RemoteWebDriver.findElement(RemoteWebDriver.java:414)
	at org.openqa.selenium.remote.RemoteWebDriver.findElementByXPath(RemoteWebDriver.java:513)
	at org.openqa.selenium.By$ByXPath.findElement(By.java:361)
	at org.openqa.selenium.remote.RemoteWebDriver.findElement(RemoteWebDriver.java:406)
	at com.test.WrapperClass.clickByXpath(WrapperClass.java:559)
	at com.test.ControlsResponseReview.ResidualRatingReviewSort(ControlsResponseReview.java:508)
	at sun.reflect.NativeMethodAccessorImpl.invoke0(Native Method)
	at sun.reflect.NativeMethodAccessorImpl.invoke(Unknown Source)
	at sun.reflect.DelegatingMethodAccessorImpl.invoke(Unknown Source)
	at java.lang.reflect.Method.invoke(Unknown Source)
	at org.testng.internal.MethodInvocationHelper.invokeMethod(MethodInvocationHelper.java:108)
	at org.testng.internal.Invoker.invokeMethod(Invoker.java:661)
	at org.testng.internal.Invoker.invokeTestMethod(Invoker.java:869)
	at org.testng.internal.Invoker.invokeTestMethods(Invoker.java:1193)
	at org.testng.internal.TestMethodWorker.invokeTestMethods(TestMethodWorker.java:126)
	at org.testng.internal.TestMethodWorker.run(TestMethodWorker.java:109)
	at org.testng.TestRunner.privateRun(TestRunner.java:744)
	at org.testng.TestRunner.run(TestRunner.java:602)
	at org.testng.SuiteRunner.runTest(SuiteRunner.java:380)
	at org.testng.SuiteRunner.runSequentially(SuiteRunner.java:375)
	at org.testng.SuiteRunner.privateRun(SuiteRunner.java:340)
	at org.testng.SuiteRunner.run(SuiteRunner.java:289)
	at org.testng.SuiteRunnerWorker.runSuite(SuiteRunnerWorker.java:52)
	at org.testng.SuiteRunnerWorker.run(SuiteRunnerWorker.java:86)
	at org.testng.TestNG.runSuitesSequentially(TestNG.java:1301)
	at org.testng.TestNG.runSuitesLocally(TestNG.java:1226)
	at org.testng.TestNG.runSuites(TestNG.java:1144)
	at org.testng.TestNG.run(TestNG.java:1115)
	at org.testng.remote.AbstractRemoteTestNG.run(AbstractRemoteTestNG.java:132)
	at org.testng.remote.RemoteTestNG.initAndRun(RemoteTestNG.java:230)
	at org.testng.remote.RemoteTestNG.main(RemoteTestNG.java:76)
]]>
    </error>
  </testcase> <!-- ResidualRatingReviewSort -->
  <testcase name="RiskActionPlan" time="2.006" classname="com.test.ControlsResponseReview">
    <error type="org.openqa.selenium.SessionNotCreatedException" message="Tried to run command without establishing a connection
Build info: version: &#039;unknown&#039;, revision: &#039;unknown&#039;, time: &#039;unknown&#039;
System info: host: &#039;DELL&#039;, ip: &#039;192.168.43.138&#039;, os.name: &#039;Windows 8.1&#039;, os.arch: &#039;amd64&#039;, os.version: &#039;6.3&#039;, java.version: &#039;1.8.0_144&#039;
Driver info: org.openqa.selenium.firefox.FirefoxDriver
Capabilities [{moz:profile=C:\Users\User\AppData\Local\Temp\rust_mozprofile.mHgxxNwvi1q3, rotatable=false, timeouts={implicit=0.0, pageLoad=300000.0, script=30000.0}, pageLoadStrategy=normal, platform=ANY, specificationLevel=0.0, moz:accessibilityChecks=false, acceptInsecureCerts=false, browserVersion=55.0.2, platformVersion=6.3, moz:processID=8764.0, browserName=firefox, javascriptEnabled=true, platformName=windows_nt}]
Session ID: 45ed5544-53e2-4eae-ae05-d02a0f0700bd
*** Element info: {Using=xpath, value=//*[@id=&#039;header&#039;]/div[2]/div/ul[1]/li/a/i}">
      <![CDATA[org.openqa.selenium.SessionNotCreatedException: Tried to run command without establishing a connection
Build info: version: 'unknown', revision: 'unknown', time: 'unknown'
System info: host: 'DELL', ip: '192.168.43.138', os.name: 'Windows 8.1', os.arch: 'amd64', os.version: '6.3', java.version: '1.8.0_144'
Driver info: org.openqa.selenium.firefox.FirefoxDriver
Capabilities [{moz:profile=C:\Users\User\AppData\Local\Temp\rust_mozprofile.mHgxxNwvi1q3, rotatable=false, timeouts={implicit=0.0, pageLoad=300000.0, script=30000.0}, pageLoadStrategy=normal, platform=ANY, specificationLevel=0.0, moz:accessibilityChecks=false, acceptInsecureCerts=false, browserVersion=55.0.2, platformVersion=6.3, moz:processID=8764.0, browserName=firefox, javascriptEnabled=true, platformName=windows_nt}]
Session ID: 45ed5544-53e2-4eae-ae05-d02a0f0700bd
*** Element info: {Using=xpath, value=//*[@id='header']/div[2]/div/ul[1]/li/a/i}
	at sun.reflect.GeneratedConstructorAccessor13.newInstance(Unknown Source)
	at sun.reflect.DelegatingConstructorAccessorImpl.newInstance(Unknown Source)
	at java.lang.reflect.Constructor.newInstance(Unknown Source)
	at org.openqa.selenium.remote.http.W3CHttpResponseCodec.createException(W3CHttpResponseCodec.java:185)
	at org.openqa.selenium.remote.http.W3CHttpResponseCodec.decode(W3CHttpResponseCodec.java:120)
	at org.openqa.selenium.remote.http.W3CHttpResponseCodec.decode(W3CHttpResponseCodec.java:49)
	at org.openqa.selenium.remote.HttpCommandExecutor.execute(HttpCommandExecutor.java:164)
	at org.openqa.selenium.remote.service.DriverCommandExecutor.execute(DriverCommandExecutor.java:82)
	at org.openqa.selenium.remote.RemoteWebDriver.execute(RemoteWebDriver.java:641)
	at org.openqa.selenium.remote.RemoteWebDriver.findElement(RemoteWebDriver.java:414)
	at org.openqa.selenium.remote.RemoteWebDriver.findElementByXPath(RemoteWebDriver.java:513)
	at org.openqa.selenium.By$ByXPath.findElement(By.java:361)
	at org.openqa.selenium.remote.RemoteWebDriver.findElement(RemoteWebDriver.java:406)
	at com.test.WrapperClass.clickByXpath(WrapperClass.java:559)
	at com.test.ControlsResponseReview.RiskActionPlan(ControlsResponseReview.java:543)
	at sun.reflect.NativeMethodAccessorImpl.invoke0(Native Method)
	at sun.reflect.NativeMethodAccessorImpl.invoke(Unknown Source)
	at sun.reflect.DelegatingMethodAccessorImpl.invoke(Unknown Source)
	at java.lang.reflect.Method.invoke(Unknown Source)
	at org.testng.internal.MethodInvocationHelper.invokeMethod(MethodInvocationHelper.java:108)
	at org.testng.internal.Invoker.invokeMethod(Invoker.java:661)
	at org.testng.internal.Invoker.invokeTestMethod(Invoker.java:869)
	at org.testng.internal.Invoker.invokeTestMethods(Invoker.java:1193)
	at org.testng.internal.TestMethodWorker.invokeTestMethods(TestMethodWorker.java:126)
	at org.testng.internal.TestMethodWorker.run(TestMethodWorker.java:109)
	at org.testng.TestRunner.privateRun(TestRunner.java:744)
	at org.testng.TestRunner.run(TestRunner.java:602)
	at org.testng.SuiteRunner.runTest(SuiteRunner.java:380)
	at org.testng.SuiteRunner.runSequentially(SuiteRunner.java:375)
	at org.testng.SuiteRunner.privateRun(SuiteRunner.java:340)
	at org.testng.SuiteRunner.run(SuiteRunner.java:289)
	at org.testng.SuiteRunnerWorker.runSuite(SuiteRunnerWorker.java:52)
	at org.testng.SuiteRunnerWorker.run(SuiteRunnerWorker.java:86)
	at org.testng.TestNG.runSuitesSequentially(TestNG.java:1301)
	at org.testng.TestNG.runSuitesLocally(TestNG.java:1226)
	at org.testng.TestNG.runSuites(TestNG.java:1144)
	at org.testng.TestNG.run(TestNG.java:1115)
	at org.testng.remote.AbstractRemoteTestNG.run(AbstractRemoteTestNG.java:132)
	at org.testng.remote.RemoteTestNG.initAndRun(RemoteTestNG.java:230)
	at org.testng.remote.RemoteTestNG.main(RemoteTestNG.java:76)
]]>
    </error>
  </testcase> <!-- RiskActionPlan -->
  <testcase name="RiskActionPlanQuickFilter" time="3.006" classname="com.test.ControlsResponseReview">
    <error type="org.openqa.selenium.SessionNotCreatedException" message="Tried to run command without establishing a connection
Build info: version: &#039;unknown&#039;, revision: &#039;unknown&#039;, time: &#039;unknown&#039;
System info: host: &#039;DELL&#039;, ip: &#039;192.168.43.138&#039;, os.name: &#039;Windows 8.1&#039;, os.arch: &#039;amd64&#039;, os.version: &#039;6.3&#039;, java.version: &#039;1.8.0_144&#039;
Driver info: org.openqa.selenium.firefox.FirefoxDriver
Capabilities [{moz:profile=C:\Users\User\AppData\Local\Temp\rust_mozprofile.mHgxxNwvi1q3, rotatable=false, timeouts={implicit=0.0, pageLoad=300000.0, script=30000.0}, pageLoadStrategy=normal, platform=ANY, specificationLevel=0.0, moz:accessibilityChecks=false, acceptInsecureCerts=false, browserVersion=55.0.2, platformVersion=6.3, moz:processID=8764.0, browserName=firefox, javascriptEnabled=true, platformName=windows_nt}]
Session ID: 45ed5544-53e2-4eae-ae05-d02a0f0700bd
*** Element info: {Using=xpath, value=//*[@id=&#039;cw-panelbar&#039;]/div/div[3]/cw-drop-list/button}">
      <![CDATA[org.openqa.selenium.SessionNotCreatedException: Tried to run command without establishing a connection
Build info: version: 'unknown', revision: 'unknown', time: 'unknown'
System info: host: 'DELL', ip: '192.168.43.138', os.name: 'Windows 8.1', os.arch: 'amd64', os.version: '6.3', java.version: '1.8.0_144'
Driver info: org.openqa.selenium.firefox.FirefoxDriver
Capabilities [{moz:profile=C:\Users\User\AppData\Local\Temp\rust_mozprofile.mHgxxNwvi1q3, rotatable=false, timeouts={implicit=0.0, pageLoad=300000.0, script=30000.0}, pageLoadStrategy=normal, platform=ANY, specificationLevel=0.0, moz:accessibilityChecks=false, acceptInsecureCerts=false, browserVersion=55.0.2, platformVersion=6.3, moz:processID=8764.0, browserName=firefox, javascriptEnabled=true, platformName=windows_nt}]
Session ID: 45ed5544-53e2-4eae-ae05-d02a0f0700bd
*** Element info: {Using=xpath, value=//*[@id='cw-panelbar']/div/div[3]/cw-drop-list/button}
	at sun.reflect.GeneratedConstructorAccessor13.newInstance(Unknown Source)
	at sun.reflect.DelegatingConstructorAccessorImpl.newInstance(Unknown Source)
	at java.lang.reflect.Constructor.newInstance(Unknown Source)
	at org.openqa.selenium.remote.http.W3CHttpResponseCodec.createException(W3CHttpResponseCodec.java:185)
	at org.openqa.selenium.remote.http.W3CHttpResponseCodec.decode(W3CHttpResponseCodec.java:120)
	at org.openqa.selenium.remote.http.W3CHttpResponseCodec.decode(W3CHttpResponseCodec.java:49)
	at org.openqa.selenium.remote.HttpCommandExecutor.execute(HttpCommandExecutor.java:164)
	at org.openqa.selenium.remote.service.DriverCommandExecutor.execute(DriverCommandExecutor.java:82)
	at org.openqa.selenium.remote.RemoteWebDriver.execute(RemoteWebDriver.java:641)
	at org.openqa.selenium.remote.RemoteWebDriver.findElement(RemoteWebDriver.java:414)
	at org.openqa.selenium.remote.RemoteWebDriver.findElementByXPath(RemoteWebDriver.java:513)
	at org.openqa.selenium.By$ByXPath.findElement(By.java:361)
	at org.openqa.selenium.remote.RemoteWebDriver.findElement(RemoteWebDriver.java:406)
	at com.test.WrapperClass.clickByXpath(WrapperClass.java:559)
	at com.test.ControlsResponseReview.RiskActionPlanQuickFilter(ControlsResponseReview.java:614)
	at sun.reflect.NativeMethodAccessorImpl.invoke0(Native Method)
	at sun.reflect.NativeMethodAccessorImpl.invoke(Unknown Source)
	at sun.reflect.DelegatingMethodAccessorImpl.invoke(Unknown Source)
	at java.lang.reflect.Method.invoke(Unknown Source)
	at org.testng.internal.MethodInvocationHelper.invokeMethod(MethodInvocationHelper.java:108)
	at org.testng.internal.Invoker.invokeMethod(Invoker.java:661)
	at org.testng.internal.Invoker.invokeTestMethod(Invoker.java:869)
	at org.testng.internal.Invoker.invokeTestMethods(Invoker.java:1193)
	at org.testng.internal.TestMethodWorker.invokeTestMethods(TestMethodWorker.java:126)
	at org.testng.internal.TestMethodWorker.run(TestMethodWorker.java:109)
	at org.testng.TestRunner.privateRun(TestRunner.java:744)
	at org.testng.TestRunner.run(TestRunner.java:602)
	at org.testng.SuiteRunner.runTest(SuiteRunner.java:380)
	at org.testng.SuiteRunner.runSequentially(SuiteRunner.java:375)
	at org.testng.SuiteRunner.privateRun(SuiteRunner.java:340)
	at org.testng.SuiteRunner.run(SuiteRunner.java:289)
	at org.testng.SuiteRunnerWorker.runSuite(SuiteRunnerWorker.java:52)
	at org.testng.SuiteRunnerWorker.run(SuiteRunnerWorker.java:86)
	at org.testng.TestNG.runSuitesSequentially(TestNG.java:1301)
	at org.testng.TestNG.runSuitesLocally(TestNG.java:1226)
	at org.testng.TestNG.runSuites(TestNG.java:1144)
	at org.testng.TestNG.run(TestNG.java:1115)
	at org.testng.remote.AbstractRemoteTestNG.run(AbstractRemoteTestNG.java:132)
	at org.testng.remote.RemoteTestNG.initAndRun(RemoteTestNG.java:230)
	at org.testng.remote.RemoteTestNG.main(RemoteTestNG.java:76)
]]>
    </error>
  </testcase> <!-- RiskActionPlanQuickFilter -->
  <testcase name="ExportRiskActionPlan" time="5.006" classname="com.test.ControlsResponseReview">
    <error type="org.openqa.selenium.SessionNotCreatedException" message="Tried to run command without establishing a connection
Build info: version: &#039;unknown&#039;, revision: &#039;unknown&#039;, time: &#039;unknown&#039;
System info: host: &#039;DELL&#039;, ip: &#039;192.168.43.138&#039;, os.name: &#039;Windows 8.1&#039;, os.arch: &#039;amd64&#039;, os.version: &#039;6.3&#039;, java.version: &#039;1.8.0_144&#039;
Driver info: org.openqa.selenium.firefox.FirefoxDriver
Capabilities [{moz:profile=C:\Users\User\AppData\Local\Temp\rust_mozprofile.mHgxxNwvi1q3, rotatable=false, timeouts={implicit=0.0, pageLoad=300000.0, script=30000.0}, pageLoadStrategy=normal, platform=ANY, specificationLevel=0.0, moz:accessibilityChecks=false, acceptInsecureCerts=false, browserVersion=55.0.2, platformVersion=6.3, moz:processID=8764.0, browserName=firefox, javascriptEnabled=true, platformName=windows_nt}]
Session ID: 45ed5544-53e2-4eae-ae05-d02a0f0700bd
*** Element info: {Using=xpath, value=//*[@id=&#039;cw-panelbar&#039;]/div/div[3]/ul/li[2]/div/button}">
      <![CDATA[org.openqa.selenium.SessionNotCreatedException: Tried to run command without establishing a connection
Build info: version: 'unknown', revision: 'unknown', time: 'unknown'
System info: host: 'DELL', ip: '192.168.43.138', os.name: 'Windows 8.1', os.arch: 'amd64', os.version: '6.3', java.version: '1.8.0_144'
Driver info: org.openqa.selenium.firefox.FirefoxDriver
Capabilities [{moz:profile=C:\Users\User\AppData\Local\Temp\rust_mozprofile.mHgxxNwvi1q3, rotatable=false, timeouts={implicit=0.0, pageLoad=300000.0, script=30000.0}, pageLoadStrategy=normal, platform=ANY, specificationLevel=0.0, moz:accessibilityChecks=false, acceptInsecureCerts=false, browserVersion=55.0.2, platformVersion=6.3, moz:processID=8764.0, browserName=firefox, javascriptEnabled=true, platformName=windows_nt}]
Session ID: 45ed5544-53e2-4eae-ae05-d02a0f0700bd
*** Element info: {Using=xpath, value=//*[@id='cw-panelbar']/div/div[3]/ul/li[2]/div/button}
	at sun.reflect.GeneratedConstructorAccessor13.newInstance(Unknown Source)
	at sun.reflect.DelegatingConstructorAccessorImpl.newInstance(Unknown Source)
	at java.lang.reflect.Constructor.newInstance(Unknown Source)
	at org.openqa.selenium.remote.http.W3CHttpResponseCodec.createException(W3CHttpResponseCodec.java:185)
	at org.openqa.selenium.remote.http.W3CHttpResponseCodec.decode(W3CHttpResponseCodec.java:120)
	at org.openqa.selenium.remote.http.W3CHttpResponseCodec.decode(W3CHttpResponseCodec.java:49)
	at org.openqa.selenium.remote.HttpCommandExecutor.execute(HttpCommandExecutor.java:164)
	at org.openqa.selenium.remote.service.DriverCommandExecutor.execute(DriverCommandExecutor.java:82)
	at org.openqa.selenium.remote.RemoteWebDriver.execute(RemoteWebDriver.java:641)
	at org.openqa.selenium.remote.RemoteWebDriver.findElement(RemoteWebDriver.java:414)
	at org.openqa.selenium.remote.RemoteWebDriver.findElementByXPath(RemoteWebDriver.java:513)
	at org.openqa.selenium.By$ByXPath.findElement(By.java:361)
	at org.openqa.selenium.remote.RemoteWebDriver.findElement(RemoteWebDriver.java:406)
	at com.test.WrapperClass.assertTextXpath(WrapperClass.java:1192)
	at com.test.ControlsResponseReview.ExportRiskActionPlan(ControlsResponseReview.java:630)
	at sun.reflect.NativeMethodAccessorImpl.invoke0(Native Method)
	at sun.reflect.NativeMethodAccessorImpl.invoke(Unknown Source)
	at sun.reflect.DelegatingMethodAccessorImpl.invoke(Unknown Source)
	at java.lang.reflect.Method.invoke(Unknown Source)
	at org.testng.internal.MethodInvocationHelper.invokeMethod(MethodInvocationHelper.java:108)
	at org.testng.internal.Invoker.invokeMethod(Invoker.java:661)
	at org.testng.internal.Invoker.invokeTestMethod(Invoker.java:869)
	at org.testng.internal.Invoker.invokeTestMethods(Invoker.java:1193)
	at org.testng.internal.TestMethodWorker.invokeTestMethods(TestMethodWorker.java:126)
	at org.testng.internal.TestMethodWorker.run(TestMethodWorker.java:109)
	at org.testng.TestRunner.privateRun(TestRunner.java:744)
	at org.testng.TestRunner.run(TestRunner.java:602)
	at org.testng.SuiteRunner.runTest(SuiteRunner.java:380)
	at org.testng.SuiteRunner.runSequentially(SuiteRunner.java:375)
	at org.testng.SuiteRunner.privateRun(SuiteRunner.java:340)
	at org.testng.SuiteRunner.run(SuiteRunner.java:289)
	at org.testng.SuiteRunnerWorker.runSuite(SuiteRunnerWorker.java:52)
	at org.testng.SuiteRunnerWorker.run(SuiteRunnerWorker.java:86)
	at org.testng.TestNG.runSuitesSequentially(TestNG.java:1301)
	at org.testng.TestNG.runSuitesLocally(TestNG.java:1226)
	at org.testng.TestNG.runSuites(TestNG.java:1144)
	at org.testng.TestNG.run(TestNG.java:1115)
	at org.testng.remote.AbstractRemoteTestNG.run(AbstractRemoteTestNG.java:132)
	at org.testng.remote.RemoteTestNG.initAndRun(RemoteTestNG.java:230)
	at org.testng.remote.RemoteTestNG.main(RemoteTestNG.java:76)
]]>
    </error>
  </testcase> <!-- ExportRiskActionPlan -->
  <testcase name="RiskActionPlanSort" time="0.011" classname="com.test.ControlsResponseReview">
    <error type="org.openqa.selenium.SessionNotCreatedException" message="Tried to run command without establishing a connection
Build info: version: &#039;unknown&#039;, revision: &#039;unknown&#039;, time: &#039;unknown&#039;
System info: host: &#039;DELL&#039;, ip: &#039;192.168.43.138&#039;, os.name: &#039;Windows 8.1&#039;, os.arch: &#039;amd64&#039;, os.version: &#039;6.3&#039;, java.version: &#039;1.8.0_144&#039;
Driver info: org.openqa.selenium.firefox.FirefoxDriver
Capabilities [{moz:profile=C:\Users\User\AppData\Local\Temp\rust_mozprofile.mHgxxNwvi1q3, rotatable=false, timeouts={implicit=0.0, pageLoad=300000.0, script=30000.0}, pageLoadStrategy=normal, platform=ANY, specificationLevel=0.0, moz:accessibilityChecks=false, acceptInsecureCerts=false, browserVersion=55.0.2, platformVersion=6.3, moz:processID=8764.0, browserName=firefox, javascriptEnabled=true, platformName=windows_nt}]
Session ID: 45ed5544-53e2-4eae-ae05-d02a0f0700bd
*** Element info: {Using=xpath, value=//*[@id=&#039;action-plans-table&#039;]/thead/tr[1]/th[5]/span[1]/span}">
      <![CDATA[org.openqa.selenium.SessionNotCreatedException: Tried to run command without establishing a connection
Build info: version: 'unknown', revision: 'unknown', time: 'unknown'
System info: host: 'DELL', ip: '192.168.43.138', os.name: 'Windows 8.1', os.arch: 'amd64', os.version: '6.3', java.version: '1.8.0_144'
Driver info: org.openqa.selenium.firefox.FirefoxDriver
Capabilities [{moz:profile=C:\Users\User\AppData\Local\Temp\rust_mozprofile.mHgxxNwvi1q3, rotatable=false, timeouts={implicit=0.0, pageLoad=300000.0, script=30000.0}, pageLoadStrategy=normal, platform=ANY, specificationLevel=0.0, moz:accessibilityChecks=false, acceptInsecureCerts=false, browserVersion=55.0.2, platformVersion=6.3, moz:processID=8764.0, browserName=firefox, javascriptEnabled=true, platformName=windows_nt}]
Session ID: 45ed5544-53e2-4eae-ae05-d02a0f0700bd
*** Element info: {Using=xpath, value=//*[@id='action-plans-table']/thead/tr[1]/th[5]/span[1]/span}
	at sun.reflect.GeneratedConstructorAccessor13.newInstance(Unknown Source)
	at sun.reflect.DelegatingConstructorAccessorImpl.newInstance(Unknown Source)
	at java.lang.reflect.Constructor.newInstance(Unknown Source)
	at org.openqa.selenium.remote.http.W3CHttpResponseCodec.createException(W3CHttpResponseCodec.java:185)
	at org.openqa.selenium.remote.http.W3CHttpResponseCodec.decode(W3CHttpResponseCodec.java:120)
	at org.openqa.selenium.remote.http.W3CHttpResponseCodec.decode(W3CHttpResponseCodec.java:49)
	at org.openqa.selenium.remote.HttpCommandExecutor.execute(HttpCommandExecutor.java:164)
	at org.openqa.selenium.remote.service.DriverCommandExecutor.execute(DriverCommandExecutor.java:82)
	at org.openqa.selenium.remote.RemoteWebDriver.execute(RemoteWebDriver.java:641)
	at org.openqa.selenium.remote.RemoteWebDriver.findElement(RemoteWebDriver.java:414)
	at org.openqa.selenium.remote.RemoteWebDriver.findElementByXPath(RemoteWebDriver.java:513)
	at org.openqa.selenium.By$ByXPath.findElement(By.java:361)
	at org.openqa.selenium.remote.RemoteWebDriver.findElement(RemoteWebDriver.java:406)
	at com.test.WrapperClass.clickByXpath(WrapperClass.java:559)
	at com.test.ControlsResponseReview.RiskActionPlanSort(ControlsResponseReview.java:772)
	at sun.reflect.NativeMethodAccessorImpl.invoke0(Native Method)
	at sun.reflect.NativeMethodAccessorImpl.invoke(Unknown Source)
	at sun.reflect.DelegatingMethodAccessorImpl.invoke(Unknown Source)
	at java.lang.reflect.Method.invoke(Unknown Source)
	at org.testng.internal.MethodInvocationHelper.invokeMethod(MethodInvocationHelper.java:108)
	at org.testng.internal.Invoker.invokeMethod(Invoker.java:661)
	at org.testng.internal.Invoker.invokeTestMethod(Invoker.java:869)
	at org.testng.internal.Invoker.invokeTestMethods(Invoker.java:1193)
	at org.testng.internal.TestMethodWorker.invokeTestMethods(TestMethodWorker.java:126)
	at org.testng.internal.TestMethodWorker.run(TestMethodWorker.java:109)
	at org.testng.TestRunner.privateRun(TestRunner.java:744)
	at org.testng.TestRunner.run(TestRunner.java:602)
	at org.testng.SuiteRunner.runTest(SuiteRunner.java:380)
	at org.testng.SuiteRunner.runSequentially(SuiteRunner.java:375)
	at org.testng.SuiteRunner.privateRun(SuiteRunner.java:340)
	at org.testng.SuiteRunner.run(SuiteRunner.java:289)
	at org.testng.SuiteRunnerWorker.runSuite(SuiteRunnerWorker.java:52)
	at org.testng.SuiteRunnerWorker.run(SuiteRunnerWorker.java:86)
	at org.testng.TestNG.runSuitesSequentially(TestNG.java:1301)
	at org.testng.TestNG.runSuitesLocally(TestNG.java:1226)
	at org.testng.TestNG.runSuites(TestNG.java:1144)
	at org.testng.TestNG.run(TestNG.java:1115)
	at org.testng.remote.AbstractRemoteTestNG.run(AbstractRemoteTestNG.java:132)
	at org.testng.remote.RemoteTestNG.initAndRun(RemoteTestNG.java:230)
	at org.testng.remote.RemoteTestNG.main(RemoteTestNG.java:76)
]]>
    </error>
  </testcase> <!-- RiskActionPlanSort -->
  <testcase name="RiskReconciliationQuickFilter" time="16.011" classname="com.test.ControlsResponseReview">
    <error type="org.openqa.selenium.SessionNotCreatedException" message="Tried to run command without establishing a connection
Build info: version: &#039;unknown&#039;, revision: &#039;unknown&#039;, time: &#039;unknown&#039;
System info: host: &#039;DELL&#039;, ip: &#039;192.168.43.138&#039;, os.name: &#039;Windows 8.1&#039;, os.arch: &#039;amd64&#039;, os.version: &#039;6.3&#039;, java.version: &#039;1.8.0_144&#039;
Driver info: org.openqa.selenium.firefox.FirefoxDriver
Capabilities [{moz:profile=C:\Users\User\AppData\Local\Temp\rust_mozprofile.mHgxxNwvi1q3, rotatable=false, timeouts={implicit=0.0, pageLoad=300000.0, script=30000.0}, pageLoadStrategy=normal, platform=ANY, specificationLevel=0.0, moz:accessibilityChecks=false, acceptInsecureCerts=false, browserVersion=55.0.2, platformVersion=6.3, moz:processID=8764.0, browserName=firefox, javascriptEnabled=true, platformName=windows_nt}]
Session ID: 45ed5544-53e2-4eae-ae05-d02a0f0700bd
*** Element info: {Using=xpath, value=//*[@id=&#039;show-my-risks&#039;]}">
      <![CDATA[org.openqa.selenium.SessionNotCreatedException: Tried to run command without establishing a connection
Build info: version: 'unknown', revision: 'unknown', time: 'unknown'
System info: host: 'DELL', ip: '192.168.43.138', os.name: 'Windows 8.1', os.arch: 'amd64', os.version: '6.3', java.version: '1.8.0_144'
Driver info: org.openqa.selenium.firefox.FirefoxDriver
Capabilities [{moz:profile=C:\Users\User\AppData\Local\Temp\rust_mozprofile.mHgxxNwvi1q3, rotatable=false, timeouts={implicit=0.0, pageLoad=300000.0, script=30000.0}, pageLoadStrategy=normal, platform=ANY, specificationLevel=0.0, moz:accessibilityChecks=false, acceptInsecureCerts=false, browserVersion=55.0.2, platformVersion=6.3, moz:processID=8764.0, browserName=firefox, javascriptEnabled=true, platformName=windows_nt}]
Session ID: 45ed5544-53e2-4eae-ae05-d02a0f0700bd
*** Element info: {Using=xpath, value=//*[@id='show-my-risks']}
	at sun.reflect.GeneratedConstructorAccessor13.newInstance(Unknown Source)
	at sun.reflect.DelegatingConstructorAccessorImpl.newInstance(Unknown Source)
	at java.lang.reflect.Constructor.newInstance(Unknown Source)
	at org.openqa.selenium.remote.http.W3CHttpResponseCodec.createException(W3CHttpResponseCodec.java:185)
	at org.openqa.selenium.remote.http.W3CHttpResponseCodec.decode(W3CHttpResponseCodec.java:120)
	at org.openqa.selenium.remote.http.W3CHttpResponseCodec.decode(W3CHttpResponseCodec.java:49)
	at org.openqa.selenium.remote.HttpCommandExecutor.execute(HttpCommandExecutor.java:164)
	at org.openqa.selenium.remote.service.DriverCommandExecutor.execute(DriverCommandExecutor.java:82)
	at org.openqa.selenium.remote.RemoteWebDriver.execute(RemoteWebDriver.java:641)
	at org.openqa.selenium.remote.RemoteWebDriver.findElement(RemoteWebDriver.java:414)
	at org.openqa.selenium.remote.RemoteWebDriver.findElementByXPath(RemoteWebDriver.java:513)
	at org.openqa.selenium.By$ByXPath.findElement(By.java:361)
	at org.openqa.selenium.remote.RemoteWebDriver.findElement(RemoteWebDriver.java:406)
	at com.test.WrapperClass.clickByXpath(WrapperClass.java:559)
	at com.test.ControlsResponseReview.RiskReconciliationQuickFilter(ControlsResponseReview.java:823)
	at sun.reflect.NativeMethodAccessorImpl.invoke0(Native Method)
	at sun.reflect.NativeMethodAccessorImpl.invoke(Unknown Source)
	at sun.reflect.DelegatingMethodAccessorImpl.invoke(Unknown Source)
	at java.lang.reflect.Method.invoke(Unknown Source)
	at org.testng.internal.MethodInvocationHelper.invokeMethod(MethodInvocationHelper.java:108)
	at org.testng.internal.Invoker.invokeMethod(Invoker.java:661)
	at org.testng.internal.Invoker.invokeTestMethod(Invoker.java:869)
	at org.testng.internal.Invoker.invokeTestMethods(Invoker.java:1193)
	at org.testng.internal.TestMethodWorker.invokeTestMethods(TestMethodWorker.java:126)
	at org.testng.internal.TestMethodWorker.run(TestMethodWorker.java:109)
	at org.testng.TestRunner.privateRun(TestRunner.java:744)
	at org.testng.TestRunner.run(TestRunner.java:602)
	at org.testng.SuiteRunner.runTest(SuiteRunner.java:380)
	at org.testng.SuiteRunner.runSequentially(SuiteRunner.java:375)
	at org.testng.SuiteRunner.privateRun(SuiteRunner.java:340)
	at org.testng.SuiteRunner.run(SuiteRunner.java:289)
	at org.testng.SuiteRunnerWorker.runSuite(SuiteRunnerWorker.java:52)
	at org.testng.SuiteRunnerWorker.run(SuiteRunnerWorker.java:86)
	at org.testng.TestNG.runSuitesSequentially(TestNG.java:1301)
	at org.testng.TestNG.runSuitesLocally(TestNG.java:1226)
	at org.testng.TestNG.runSuites(TestNG.java:1144)
	at org.testng.TestNG.run(TestNG.java:1115)
	at org.testng.remote.AbstractRemoteTestNG.run(AbstractRemoteTestNG.java:132)
	at org.testng.remote.RemoteTestNG.initAndRun(RemoteTestNG.java:230)
	at org.testng.remote.RemoteTestNG.main(RemoteTestNG.java:76)
]]>
    </error>
  </testcase> <!-- RiskReconciliationQuickFilter -->
  <testcase name="ExportRiskReconciliationList" time="3.004" classname="com.test.ControlsResponseReview">
    <error type="org.openqa.selenium.SessionNotCreatedException" message="Tried to run command without establishing a connection
Build info: version: &#039;unknown&#039;, revision: &#039;unknown&#039;, time: &#039;unknown&#039;
System info: host: &#039;DELL&#039;, ip: &#039;192.168.43.138&#039;, os.name: &#039;Windows 8.1&#039;, os.arch: &#039;amd64&#039;, os.version: &#039;6.3&#039;, java.version: &#039;1.8.0_144&#039;
Driver info: org.openqa.selenium.firefox.FirefoxDriver
Capabilities [{moz:profile=C:\Users\User\AppData\Local\Temp\rust_mozprofile.mHgxxNwvi1q3, rotatable=false, timeouts={implicit=0.0, pageLoad=300000.0, script=30000.0}, pageLoadStrategy=normal, platform=ANY, specificationLevel=0.0, moz:accessibilityChecks=false, acceptInsecureCerts=false, browserVersion=55.0.2, platformVersion=6.3, moz:processID=8764.0, browserName=firefox, javascriptEnabled=true, platformName=windows_nt}]
Session ID: 45ed5544-53e2-4eae-ae05-d02a0f0700bd
*** Element info: {Using=xpath, value=//*[@id=&#039;cw-panelbar&#039;]/div/div[3]/ul/li[2]/div/button}">
      <![CDATA[org.openqa.selenium.SessionNotCreatedException: Tried to run command without establishing a connection
Build info: version: 'unknown', revision: 'unknown', time: 'unknown'
System info: host: 'DELL', ip: '192.168.43.138', os.name: 'Windows 8.1', os.arch: 'amd64', os.version: '6.3', java.version: '1.8.0_144'
Driver info: org.openqa.selenium.firefox.FirefoxDriver
Capabilities [{moz:profile=C:\Users\User\AppData\Local\Temp\rust_mozprofile.mHgxxNwvi1q3, rotatable=false, timeouts={implicit=0.0, pageLoad=300000.0, script=30000.0}, pageLoadStrategy=normal, platform=ANY, specificationLevel=0.0, moz:accessibilityChecks=false, acceptInsecureCerts=false, browserVersion=55.0.2, platformVersion=6.3, moz:processID=8764.0, browserName=firefox, javascriptEnabled=true, platformName=windows_nt}]
Session ID: 45ed5544-53e2-4eae-ae05-d02a0f0700bd
*** Element info: {Using=xpath, value=//*[@id='cw-panelbar']/div/div[3]/ul/li[2]/div/button}
	at sun.reflect.GeneratedConstructorAccessor13.newInstance(Unknown Source)
	at sun.reflect.DelegatingConstructorAccessorImpl.newInstance(Unknown Source)
	at java.lang.reflect.Constructor.newInstance(Unknown Source)
	at org.openqa.selenium.remote.http.W3CHttpResponseCodec.createException(W3CHttpResponseCodec.java:185)
	at org.openqa.selenium.remote.http.W3CHttpResponseCodec.decode(W3CHttpResponseCodec.java:120)
	at org.openqa.selenium.remote.http.W3CHttpResponseCodec.decode(W3CHttpResponseCodec.java:49)
	at org.openqa.selenium.remote.HttpCommandExecutor.execute(HttpCommandExecutor.java:164)
	at org.openqa.selenium.remote.service.DriverCommandExecutor.execute(DriverCommandExecutor.java:82)
	at org.openqa.selenium.remote.RemoteWebDriver.execute(RemoteWebDriver.java:641)
	at org.openqa.selenium.remote.RemoteWebDriver.findElement(RemoteWebDriver.java:414)
	at org.openqa.selenium.remote.RemoteWebDriver.findElementByXPath(RemoteWebDriver.java:513)
	at org.openqa.selenium.By$ByXPath.findElement(By.java:361)
	at org.openqa.selenium.remote.RemoteWebDriver.findElement(RemoteWebDriver.java:406)
	at com.test.WrapperClass.assertTextXpath(WrapperClass.java:1192)
	at com.test.ControlsResponseReview.ExportRiskReconciliationList(ControlsResponseReview.java:937)
	at sun.reflect.NativeMethodAccessorImpl.invoke0(Native Method)
	at sun.reflect.NativeMethodAccessorImpl.invoke(Unknown Source)
	at sun.reflect.DelegatingMethodAccessorImpl.invoke(Unknown Source)
	at java.lang.reflect.Method.invoke(Unknown Source)
	at org.testng.internal.MethodInvocationHelper.invokeMethod(MethodInvocationHelper.java:108)
	at org.testng.internal.Invoker.invokeMethod(Invoker.java:661)
	at org.testng.internal.Invoker.invokeTestMethod(Invoker.java:869)
	at org.testng.internal.Invoker.invokeTestMethods(Invoker.java:1193)
	at org.testng.internal.TestMethodWorker.invokeTestMethods(TestMethodWorker.java:126)
	at org.testng.internal.TestMethodWorker.run(TestMethodWorker.java:109)
	at org.testng.TestRunner.privateRun(TestRunner.java:744)
	at org.testng.TestRunner.run(TestRunner.java:602)
	at org.testng.SuiteRunner.runTest(SuiteRunner.java:380)
	at org.testng.SuiteRunner.runSequentially(SuiteRunner.java:375)
	at org.testng.SuiteRunner.privateRun(SuiteRunner.java:340)
	at org.testng.SuiteRunner.run(SuiteRunner.java:289)
	at org.testng.SuiteRunnerWorker.runSuite(SuiteRunnerWorker.java:52)
	at org.testng.SuiteRunnerWorker.run(SuiteRunnerWorker.java:86)
	at org.testng.TestNG.runSuitesSequentially(TestNG.java:1301)
	at org.testng.TestNG.runSuitesLocally(TestNG.java:1226)
	at org.testng.TestNG.runSuites(TestNG.java:1144)
	at org.testng.TestNG.run(TestNG.java:1115)
	at org.testng.remote.AbstractRemoteTestNG.run(AbstractRemoteTestNG.java:132)
	at org.testng.remote.RemoteTestNG.initAndRun(RemoteTestNG.java:230)
	at org.testng.remote.RemoteTestNG.main(RemoteTestNG.java:76)
]]>
    </error>
  </testcase> <!-- ExportRiskReconciliationList -->
  <testcase name="RiskReconciliationSort" time="0.006" classname="com.test.ControlsResponseReview">
    <error type="org.openqa.selenium.SessionNotCreatedException" message="Tried to run command without establishing a connection
Build info: version: &#039;unknown&#039;, revision: &#039;unknown&#039;, time: &#039;unknown&#039;
System info: host: &#039;DELL&#039;, ip: &#039;192.168.43.138&#039;, os.name: &#039;Windows 8.1&#039;, os.arch: &#039;amd64&#039;, os.version: &#039;6.3&#039;, java.version: &#039;1.8.0_144&#039;
Driver info: org.openqa.selenium.firefox.FirefoxDriver
Capabilities [{moz:profile=C:\Users\User\AppData\Local\Temp\rust_mozprofile.mHgxxNwvi1q3, rotatable=false, timeouts={implicit=0.0, pageLoad=300000.0, script=30000.0}, pageLoadStrategy=normal, platform=ANY, specificationLevel=0.0, moz:accessibilityChecks=false, acceptInsecureCerts=false, browserVersion=55.0.2, platformVersion=6.3, moz:processID=8764.0, browserName=firefox, javascriptEnabled=true, platformName=windows_nt}]
Session ID: 45ed5544-53e2-4eae-ae05-d02a0f0700bd
*** Element info: {Using=xpath, value=//*[@id=&#039;table-risk-reconciliation&#039;]/thead/tr[2]/th[2]/span[1]/span}">
      <![CDATA[org.openqa.selenium.SessionNotCreatedException: Tried to run command without establishing a connection
Build info: version: 'unknown', revision: 'unknown', time: 'unknown'
System info: host: 'DELL', ip: '192.168.43.138', os.name: 'Windows 8.1', os.arch: 'amd64', os.version: '6.3', java.version: '1.8.0_144'
Driver info: org.openqa.selenium.firefox.FirefoxDriver
Capabilities [{moz:profile=C:\Users\User\AppData\Local\Temp\rust_mozprofile.mHgxxNwvi1q3, rotatable=false, timeouts={implicit=0.0, pageLoad=300000.0, script=30000.0}, pageLoadStrategy=normal, platform=ANY, specificationLevel=0.0, moz:accessibilityChecks=false, acceptInsecureCerts=false, browserVersion=55.0.2, platformVersion=6.3, moz:processID=8764.0, browserName=firefox, javascriptEnabled=true, platformName=windows_nt}]
Session ID: 45ed5544-53e2-4eae-ae05-d02a0f0700bd
*** Element info: {Using=xpath, value=//*[@id='table-risk-reconciliation']/thead/tr[2]/th[2]/span[1]/span}
	at sun.reflect.GeneratedConstructorAccessor13.newInstance(Unknown Source)
	at sun.reflect.DelegatingConstructorAccessorImpl.newInstance(Unknown Source)
	at java.lang.reflect.Constructor.newInstance(Unknown Source)
	at org.openqa.selenium.remote.http.W3CHttpResponseCodec.createException(W3CHttpResponseCodec.java:185)
	at org.openqa.selenium.remote.http.W3CHttpResponseCodec.decode(W3CHttpResponseCodec.java:120)
	at org.openqa.selenium.remote.http.W3CHttpResponseCodec.decode(W3CHttpResponseCodec.java:49)
	at org.openqa.selenium.remote.HttpCommandExecutor.execute(HttpCommandExecutor.java:164)
	at org.openqa.selenium.remote.service.DriverCommandExecutor.execute(DriverCommandExecutor.java:82)
	at org.openqa.selenium.remote.RemoteWebDriver.execute(RemoteWebDriver.java:641)
	at org.openqa.selenium.remote.RemoteWebDriver.findElement(RemoteWebDriver.java:414)
	at org.openqa.selenium.remote.RemoteWebDriver.findElementByXPath(RemoteWebDriver.java:513)
	at org.openqa.selenium.By$ByXPath.findElement(By.java:361)
	at org.openqa.selenium.remote.RemoteWebDriver.findElement(RemoteWebDriver.java:406)
	at com.test.WrapperClass.clickByXpath(WrapperClass.java:559)
	at com.test.ControlsResponseReview.RiskReconciliationSort(ControlsResponseReview.java:975)
	at sun.reflect.NativeMethodAccessorImpl.invoke0(Native Method)
	at sun.reflect.NativeMethodAccessorImpl.invoke(Unknown Source)
	at sun.reflect.DelegatingMethodAccessorImpl.invoke(Unknown Source)
	at java.lang.reflect.Method.invoke(Unknown Source)
	at org.testng.internal.MethodInvocationHelper.invokeMethod(MethodInvocationHelper.java:108)
	at org.testng.internal.Invoker.invokeMethod(Invoker.java:661)
	at org.testng.internal.Invoker.invokeTestMethod(Invoker.java:869)
	at org.testng.internal.Invoker.invokeTestMethods(Invoker.java:1193)
	at org.testng.internal.TestMethodWorker.invokeTestMethods(TestMethodWorker.java:126)
	at org.testng.internal.TestMethodWorker.run(TestMethodWorker.java:109)
	at org.testng.TestRunner.privateRun(TestRunner.java:744)
	at org.testng.TestRunner.run(TestRunner.java:602)
	at org.testng.SuiteRunner.runTest(SuiteRunner.java:380)
	at org.testng.SuiteRunner.runSequentially(SuiteRunner.java:375)
	at org.testng.SuiteRunner.privateRun(SuiteRunner.java:340)
	at org.testng.SuiteRunner.run(SuiteRunner.java:289)
	at org.testng.SuiteRunnerWorker.runSuite(SuiteRunnerWorker.java:52)
	at org.testng.SuiteRunnerWorker.run(SuiteRunnerWorker.java:86)
	at org.testng.TestNG.runSuitesSequentially(TestNG.java:1301)
	at org.testng.TestNG.runSuitesLocally(TestNG.java:1226)
	at org.testng.TestNG.runSuites(TestNG.java:1144)
	at org.testng.TestNG.run(TestNG.java:1115)
	at org.testng.remote.AbstractRemoteTestNG.run(AbstractRemoteTestNG.java:132)
	at org.testng.remote.RemoteTestNG.initAndRun(RemoteTestNG.java:230)
	at org.testng.remote.RemoteTestNG.main(RemoteTestNG.java:76)
]]>
    </error>
  </testcase> <!-- RiskReconciliationSort -->
  <testcase name="RiskActionPlanFilter" classname="com.test.ControlsResponseReview">
    <skipped/>
  </testcase> <!-- RiskActionPlanFilter -->
  <testcase name="RiskReconciliationFilter" classname="com.test.ControlsResponseReview">
    <skipped/>
  </testcase> <!-- RiskReconciliationFilter -->
</testsuite> <!-- com.test.ControlsResponseReview -->
