<?xml version="1.0" encoding="UTF-8"?>
<!-- Generated by org.testng.reporters.JUnitReportReporter -->
<testsuite skipped="4" hostname="Dell" name="com.test.RiskResponseListTestcase" tests="16" failures="0" timestamp="05 Oct 2018 12:25:38 GMT" time="631.102" errors="0">
  <testcase name="NavigatePage_RiskResponseList" time="74.958" classname="com.test.RiskResponseListTestcase"/>
  <testcase name="PageHearder_RiskResponseList" time="7.410" classname="com.test.RiskResponseListTestcase"/>
  <testcase name="PanelBar_RiskResponseList" time="6.244" classname="com.test.RiskResponseListTestcase"/>
  <testcase name="PageLevelHelp_RiskResponseList" time="9.463" classname="com.test.RiskResponseListTestcase"/>
  <testcase name="RiskManagementMap_RiskResponseList" time="9.490" classname="com.test.RiskResponseListTestcase"/>
  <testcase name="TBO_RiskResponseist" time="307.878" classname="com.test.RiskResponseListTestcase"/>
  <testcase name="ChkEachFields_RiskResponseist" time="26.422" classname="com.test.RiskResponseListTestcase"/>
  <testcase name="QuickFilter_RiskResponseist" time="47.087" classname="com.test.RiskResponseListTestcase"/>
  <testcase name="Export_RiskResponseist" time="77.132" classname="com.test.RiskResponseListTestcase"/>
  <testcase name="ProgressBar_RiskResponseist" time="9.458" classname="com.test.RiskResponseListTestcase"/>
  <testcase name="ColumnHeaders_RiskResponseist" time="0.821" classname="com.test.RiskResponseListTestcase"/>
  <testcase name="Sorting_RiskResponseist" time="54.739" classname="com.test.RiskResponseListTestcase"/>
  <testcase name="TC191" classname="com.test.RiskResponseListTestcase">
    <skipped/>
  </testcase> <!-- TC191 -->
  <testcase name="Filter_RiskResponseist" classname="com.test.RiskResponseListTestcase">
    <skipped/>
  </testcase> <!-- Filter_RiskResponseist -->
  <testcase name="Icon_RiskResponseist" classname="com.test.RiskResponseListTestcase">
    <skipped/>
  </testcase> <!-- Icon_RiskResponseist -->
  <testcase name="AutoLoading_" classname="com.test.RiskResponseListTestcase">
    <skipped/>
  </testcase> <!-- AutoLoading_ -->
</testsuite> <!-- com.test.RiskResponseListTestcase -->
