<?xml version="1.0" encoding="UTF-8"?>
<!-- Generated by org.testng.reporters.JUnitReportReporter -->
<testsuite skipped="5" hostname="Dell" name="com.test.RiskDeterminationTestcase" tests="23" failures="0" timestamp="05 Oct 2018 12:25:38 GMT" time="1036.672" errors="0">
  <testcase name="NavigatePage_RiskQuestionnaireList" time="27.718" classname="com.test.RiskDeterminationTestcase"/>
  <testcase name="PageHearder_RiskQuestionnaireList" time="7.472" classname="com.test.RiskDeterminationTestcase"/>
  <testcase name="PanelBar_RiskQuestionnaireList" time="9.442" classname="com.test.RiskDeterminationTestcase"/>
  <testcase name="PageLevelHelp_RiskQuestionnaireList" time="9.471" classname="com.test.RiskDeterminationTestcase"/>
  <testcase name="RiskManagementMap_RiskQuestionnaireList" time="9.415" classname="com.test.RiskDeterminationTestcase"/>
  <testcase name="PageHearder_RiskQuestionnaireForm" time="20.656" classname="com.test.RiskDeterminationTestcase"/>
  <testcase name="PanelBar_RiskQuestionnaireForm" time="5.234" classname="com.test.RiskDeterminationTestcase"/>
  <testcase name="PageLevelHelp_RiskQuestionnaireForm" time="9.519" classname="com.test.RiskDeterminationTestcase"/>
  <testcase name="RiskManagementMap_RiskQuestionnaireForm" time="20.947" classname="com.test.RiskDeterminationTestcase"/>
  <testcase name="RQLBackUp_RiskQuestionnaire" time="462.242" classname="com.test.RiskDeterminationTestcase"/>
  <testcase name="AllFields_RiskQuestionnaireList" time="15.510" classname="com.test.RiskDeterminationTestcase"/>
  <testcase name="QuickFilter_RiskQuestionnaireList" time="38.663" classname="com.test.RiskDeterminationTestcase"/>
  <testcase name="Filters_RiskQuestionnaireList" time="60.152" classname="com.test.RiskDeterminationTestcase"/>
  <testcase name="Export_RiskQuestionnaireList" time="85.116" classname="com.test.RiskDeterminationTestcase"/>
  <testcase name="ProgressBar_ColumnHeaders_RiskQuestionnaireList" time="31.317" classname="com.test.RiskDeterminationTestcase"/>
  <testcase name="RiskAnalyst_RiskQuestionnaireList" time="6.543" classname="com.test.RiskDeterminationTestcase"/>
  <testcase name="ReviewButton_RiskQuestionnaireList" time="101.936" classname="com.test.RiskDeterminationTestcase"/>
  <testcase name="Sorting_RiskdeterminationList" time="115.319" classname="com.test.RiskDeterminationTestcase"/>
  <testcase name="TC153" classname="com.test.RiskDeterminationTestcase">
    <skipped/>
  </testcase> <!-- TC153 -->
  <testcase name="TC164" classname="com.test.RiskDeterminationTestcase">
    <skipped/>
  </testcase> <!-- TC164 -->
  <testcase name="TC147and148" classname="com.test.RiskDeterminationTestcase">
    <skipped/>
  </testcase> <!-- TC147and148 -->
  <testcase name="Multi_Selector_" classname="com.test.RiskDeterminationTestcase">
    <skipped/>
  </testcase> <!-- Multi_Selector_ -->
  <testcase name="RQLPager_RiskQuestionnaireForm" classname="com.test.RiskDeterminationTestcase">
    <skipped/>
  </testcase> <!-- RQLPager_RiskQuestionnaireForm -->
</testsuite> <!-- com.test.RiskDeterminationTestcase -->
