<?xml version="1.0" encoding="UTF-8"?>
<!-- Generated by org.testng.reporters.JUnitReportReporter -->
<testsuite skipped="0" hostname="Dell" name="com.test.Dashboard" tests="1" failures="0" timestamp="23 Feb 2018 12:46:52 GMT" time="519.155" errors="0">
  <testcase name="DashboardFilter" time="519.155" classname="com.test.Dashboard"/>
</testsuite> <!-- com.test.Dashboard -->
