<?xml version="1.0" encoding="UTF-8"?>
<!-- Generated by org.testng.reporters.JUnitReportReporter -->
<testsuite skipped="5" hostname="Dell" name="com.test.ReportsTestcases" tests="43" failures="1" timestamp="05 Oct 2018 12:25:38 GMT" time="1167.883" errors="1">
  <testcase name="Check_Submenu_Reports" time="49.284" classname="com.test.ReportsTestcases"/>
  <testcase name="Navigate_RiskRatingReport" time="23.877" classname="com.test.ReportsTestcases"/>
  <testcase name="PageHearder_RiskRatingReport" time="9.443" classname="com.test.ReportsTestcases"/>
  <testcase name="PanelBar_RiskRatingReport" time="9.284" classname="com.test.ReportsTestcases"/>
  <testcase name="PageLevelHelp_RiskRatingReport" time="13.506" classname="com.test.ReportsTestcases"/>
  <testcase name="RiskManagementMap_RiskRatingReport" time="18.516" classname="com.test.ReportsTestcases"/>
  <testcase name="Check_ColumnHeader_RiskRatingReport" time="37.137" classname="com.test.ReportsTestcases"/>
  <testcase name="Export_RiskRatingReport" time="41.954" classname="com.test.ReportsTestcases"/>
  <testcase name="QuickFilter_RiskRatingReport" time="41.947" classname="com.test.ReportsTestcases"/>
  <testcase name="Navigate_RiskRatingDetailReport" time="23.866" classname="com.test.ReportsTestcases"/>
  <testcase name="PageHearder_RiskRatingDetailReport" time="9.409" classname="com.test.ReportsTestcases"/>
  <testcase name="PanelBar_RiskRatingDetailReport" time="9.200" classname="com.test.ReportsTestcases"/>
  <testcase name="PageLevelHelp_RiskRatingDetailReport" time="13.423" classname="com.test.ReportsTestcases"/>
  <testcase name="RiskManagementMap_RiskRatingDetailReport" time="18.503" classname="com.test.ReportsTestcases"/>
  <testcase name="Check_ColumnHeader_RiskRatingDetailReport" time="34.074" classname="com.test.ReportsTestcases"/>
  <testcase name="Export_RiskRatingDetailReport" time="41.961" classname="com.test.ReportsTestcases"/>
  <testcase name="QuickFilter_RiskRatingDetailReport" time="41.968" classname="com.test.ReportsTestcases"/>
  <testcase name="Navigate_AssetInventoryReport" time="16.983" classname="com.test.ReportsTestcases"/>
  <testcase name="PageHearder_AssetInventoryReport" time="9.412" classname="com.test.ReportsTestcases"/>
  <testcase name="PanelBar_AssetInventoryReport" time="9.258" classname="com.test.ReportsTestcases"/>
  <testcase name="PageLevelHelp_AssetInventoryReport" time="13.515" classname="com.test.ReportsTestcases"/>
  <testcase name="RiskManagementMap_AssetInventoryReport" time="18.459" classname="com.test.ReportsTestcases"/>
  <testcase name="Check_ColumnHeader_AssetInventoryReport" time="21.725" classname="com.test.ReportsTestcases">
    <failure type="java.lang.AssertionError" message="expected [Media and Storage Devices] but found [Component and Storage Devices]">
      <![CDATA[java.lang.AssertionError: expected [Media and Storage Devices] but found [Component and Storage Devices]
	at org.testng.Assert.fail(Assert.java:93)
	at org.testng.Assert.failNotEquals(Assert.java:512)
	at org.testng.Assert.assertEqualsImpl(Assert.java:134)
	at org.testng.Assert.assertEquals(Assert.java:115)
	at org.testng.Assert.assertEquals(Assert.java:189)
	at org.testng.Assert.assertEquals(Assert.java:199)
	at com.test.WrapperClass.assertEquals(WrapperClass.java:1317)
	at com.test.ReportsTestcases.Check_ColumnHeader_AssetInventoryReport(ReportsTestcases.java:795)
	at sun.reflect.NativeMethodAccessorImpl.invoke0(Native Method)
	at sun.reflect.NativeMethodAccessorImpl.invoke(Unknown Source)
	at sun.reflect.DelegatingMethodAccessorImpl.invoke(Unknown Source)
	at java.lang.reflect.Method.invoke(Unknown Source)
	at org.testng.internal.MethodInvocationHelper.invokeMethod(MethodInvocationHelper.java:108)
	at org.testng.internal.Invoker.invokeMethod(Invoker.java:661)
	at org.testng.internal.Invoker.invokeTestMethod(Invoker.java:869)
	at org.testng.internal.Invoker.invokeTestMethods(Invoker.java:1193)
	at org.testng.internal.TestMethodWorker.invokeTestMethods(TestMethodWorker.java:126)
	at org.testng.internal.TestMethodWorker.run(TestMethodWorker.java:109)
	at org.testng.TestRunner.privateRun(TestRunner.java:744)
	at org.testng.TestRunner.run(TestRunner.java:602)
	at org.testng.SuiteRunner.runTest(SuiteRunner.java:380)
	at org.testng.SuiteRunner.runSequentially(SuiteRunner.java:375)
	at org.testng.SuiteRunner.privateRun(SuiteRunner.java:340)
	at org.testng.SuiteRunner.run(SuiteRunner.java:289)
	at org.testng.SuiteRunnerWorker.runSuite(SuiteRunnerWorker.java:52)
	at org.testng.SuiteRunnerWorker.run(SuiteRunnerWorker.java:86)
	at org.testng.TestNG.runSuitesSequentially(TestNG.java:1301)
	at org.testng.TestNG.runSuitesLocally(TestNG.java:1226)
	at org.testng.TestNG.runSuites(TestNG.java:1144)
	at org.testng.TestNG.run(TestNG.java:1115)
	at org.testng.remote.AbstractRemoteTestNG.run(AbstractRemoteTestNG.java:132)
	at org.testng.remote.RemoteTestNG.initAndRun(RemoteTestNG.java:230)
	at org.testng.remote.RemoteTestNG.main(RemoteTestNG.java:76)
]]>
    </failure>
  </testcase> <!-- Check_ColumnHeader_AssetInventoryReport -->
  <testcase name="Export_AssetInventoryReport" time="41.772" classname="com.test.ReportsTestcases"/>
  <testcase name="QuickFilter_AssetInventoryReport" time="131.272" classname="com.test.ReportsTestcases">
    <error type="org.openqa.selenium.NoSuchElementException" message="no such element: Unable to locate element: {&quot;method&quot;:&quot;xpath&quot;,&quot;selector&quot;:&quot;//*[@id=&#039;cw-panelbar&#039;]/div/div[3]/ng-transclude/cw-version-selector/div/ul/li/a&quot;}
  (Session info: chrome=69.0.3497.100)
  (Driver info: chromedriver=2.41.578737 (49da6702b16031c40d63e5618de03a32ff6c197e),platform=Windows NT 6.3.9600 x86_64) (WARNING: The server did not provide any stacktrace information)
Command duration or timeout: 0 milliseconds
For documentation on this error, please visit: http://seleniumhq.org/exceptions/no_such_element.html
Build info: version: &#039;unknown&#039;, revision: &#039;unknown&#039;, time: &#039;unknown&#039;
System info: host: &#039;DELL&#039;, ip: &#039;192.168.1.7&#039;, os.name: &#039;Windows 8.1&#039;, os.arch: &#039;amd64&#039;, os.version: &#039;6.3&#039;, java.version: &#039;1.8.0_181&#039;
Driver info: org.openqa.selenium.chrome.ChromeDriver
Capabilities [{mobileEmulationEnabled=false, hasTouchScreen=false, platform=WIN8_1, acceptSslCerts=false, goog:chromeOptions={debuggerAddress=localhost:50793}, acceptInsecureCerts=false, webStorageEnabled=true, browserName=chrome, takesScreenshot=true, javascriptEnabled=true, setWindowRect=true, unexpectedAlertBehaviour=, applicationCacheEnabled=false, rotatable=false, networkConnectionEnabled=false, chrome={chromedriverVersion=2.41.578737 (49da6702b16031c40d63e5618de03a32ff6c197e), userDataDir=C:\Users\User\AppData\Local\Temp\scoped_dir4588_7256}, takesHeapSnapshot=true, pageLoadStrategy=normal, unhandledPromptBehavior=, databaseEnabled=false, handlesAlerts=true, version=69.0.3497.100, browserConnectionEnabled=false, nativeEvents=true, locationContextEnabled=true, cssSelectorsEnabled=true}]
Session ID: 949c82249a03eabe8fab27084797eb2e
*** Element info: {Using=xpath, value=//*[@id=&#039;cw-panelbar&#039;]/div/div[3]/ng-transclude/cw-version-selector/div/ul/li/a}">
      <![CDATA[org.openqa.selenium.NoSuchElementException: no such element: Unable to locate element: {"method":"xpath","selector":"//*[@id='cw-panelbar']/div/div[3]/ng-transclude/cw-version-selector/div/ul/li/a"}
  (Session info: chrome=69.0.3497.100)
  (Driver info: chromedriver=2.41.578737 (49da6702b16031c40d63e5618de03a32ff6c197e),platform=Windows NT 6.3.9600 x86_64) (WARNING: The server did not provide any stacktrace information)
Command duration or timeout: 0 milliseconds
For documentation on this error, please visit: http://seleniumhq.org/exceptions/no_such_element.html
Build info: version: 'unknown', revision: 'unknown', time: 'unknown'
System info: host: 'DELL', ip: '192.168.1.7', os.name: 'Windows 8.1', os.arch: 'amd64', os.version: '6.3', java.version: '1.8.0_181'
Driver info: org.openqa.selenium.chrome.ChromeDriver
Capabilities [{mobileEmulationEnabled=false, hasTouchScreen=false, platform=WIN8_1, acceptSslCerts=false, goog:chromeOptions={debuggerAddress=localhost:50793}, acceptInsecureCerts=false, webStorageEnabled=true, browserName=chrome, takesScreenshot=true, javascriptEnabled=true, setWindowRect=true, unexpectedAlertBehaviour=, applicationCacheEnabled=false, rotatable=false, networkConnectionEnabled=false, chrome={chromedriverVersion=2.41.578737 (49da6702b16031c40d63e5618de03a32ff6c197e), userDataDir=C:\Users\User\AppData\Local\Temp\scoped_dir4588_7256}, takesHeapSnapshot=true, pageLoadStrategy=normal, unhandledPromptBehavior=, databaseEnabled=false, handlesAlerts=true, version=69.0.3497.100, browserConnectionEnabled=false, nativeEvents=true, locationContextEnabled=true, cssSelectorsEnabled=true}]
Session ID: 949c82249a03eabe8fab27084797eb2e
*** Element info: {Using=xpath, value=//*[@id='cw-panelbar']/div/div[3]/ng-transclude/cw-version-selector/div/ul/li/a}
	at sun.reflect.NativeConstructorAccessorImpl.newInstance0(Native Method)
	at sun.reflect.NativeConstructorAccessorImpl.newInstance(Unknown Source)
	at sun.reflect.DelegatingConstructorAccessorImpl.newInstance(Unknown Source)
	at java.lang.reflect.Constructor.newInstance(Unknown Source)
	at org.openqa.selenium.remote.ErrorHandler.createThrowable(ErrorHandler.java:215)
	at org.openqa.selenium.remote.ErrorHandler.throwIfResponseFailed(ErrorHandler.java:167)
	at org.openqa.selenium.remote.http.JsonHttpResponseCodec.reconstructValue(JsonHttpResponseCodec.java:40)
	at org.openqa.selenium.remote.http.AbstractHttpResponseCodec.decode(AbstractHttpResponseCodec.java:82)
	at org.openqa.selenium.remote.http.AbstractHttpResponseCodec.decode(AbstractHttpResponseCodec.java:45)
	at org.openqa.selenium.remote.HttpCommandExecutor.execute(HttpCommandExecutor.java:164)
	at org.openqa.selenium.remote.service.DriverCommandExecutor.execute(DriverCommandExecutor.java:82)
	at org.openqa.selenium.remote.RemoteWebDriver.execute(RemoteWebDriver.java:641)
	at org.openqa.selenium.remote.RemoteWebDriver.findElement(RemoteWebDriver.java:414)
	at org.openqa.selenium.remote.RemoteWebDriver.findElementByXPath(RemoteWebDriver.java:513)
	at org.openqa.selenium.By$ByXPath.findElement(By.java:361)
	at org.openqa.selenium.remote.RemoteWebDriver.findElement(RemoteWebDriver.java:406)
	at com.test.WrapperClass.assertTextXpath(WrapperClass.java:1272)
	at com.test.ReportsTestcases.QuickFilter_AssetInventoryReport(ReportsTestcases.java:885)
	at sun.reflect.NativeMethodAccessorImpl.invoke0(Native Method)
	at sun.reflect.NativeMethodAccessorImpl.invoke(Unknown Source)
	at sun.reflect.DelegatingMethodAccessorImpl.invoke(Unknown Source)
	at java.lang.reflect.Method.invoke(Unknown Source)
	at org.testng.internal.MethodInvocationHelper.invokeMethod(MethodInvocationHelper.java:108)
	at org.testng.internal.Invoker.invokeMethod(Invoker.java:661)
	at org.testng.internal.Invoker.invokeTestMethod(Invoker.java:869)
	at org.testng.internal.Invoker.invokeTestMethods(Invoker.java:1193)
	at org.testng.internal.TestMethodWorker.invokeTestMethods(TestMethodWorker.java:126)
	at org.testng.internal.TestMethodWorker.run(TestMethodWorker.java:109)
	at org.testng.TestRunner.privateRun(TestRunner.java:744)
	at org.testng.TestRunner.run(TestRunner.java:602)
	at org.testng.SuiteRunner.runTest(SuiteRunner.java:380)
	at org.testng.SuiteRunner.runSequentially(SuiteRunner.java:375)
	at org.testng.SuiteRunner.privateRun(SuiteRunner.java:340)
	at org.testng.SuiteRunner.run(SuiteRunner.java:289)
	at org.testng.SuiteRunnerWorker.runSuite(SuiteRunnerWorker.java:52)
	at org.testng.SuiteRunnerWorker.run(SuiteRunnerWorker.java:86)
	at org.testng.TestNG.runSuitesSequentially(TestNG.java:1301)
	at org.testng.TestNG.runSuitesLocally(TestNG.java:1226)
	at org.testng.TestNG.runSuites(TestNG.java:1144)
	at org.testng.TestNG.run(TestNG.java:1115)
	at org.testng.remote.AbstractRemoteTestNG.run(AbstractRemoteTestNG.java:132)
	at org.testng.remote.RemoteTestNG.initAndRun(RemoteTestNG.java:230)
	at org.testng.remote.RemoteTestNG.main(RemoteTestNG.java:76)
]]>
    </error>
  </testcase> <!-- QuickFilter_AssetInventoryReport -->
  <testcase name="Navigate_RiskResponseDetailReport" time="18.020" classname="com.test.ReportsTestcases"/>
  <testcase name="PageHearder_RiskResponseDetailReport" time="9.346" classname="com.test.ReportsTestcases"/>
  <testcase name="PanelBar_RiskResponseDetailReport" time="9.143" classname="com.test.ReportsTestcases"/>
  <testcase name="PageLevelHelp_RiskResponseDetailReport" time="13.470" classname="com.test.ReportsTestcases"/>
  <testcase name="RiskManagementMap_RiskResponseDetailReport" time="18.467" classname="com.test.ReportsTestcases"/>
  <testcase name="Export_RiskResponseDetailReport" time="41.887" classname="com.test.ReportsTestcases"/>
  <testcase name="QuickFilter_RiskResponseDetailReport" time="113.319" classname="com.test.ReportsTestcases"/>
  <testcase name="Navigate_EnterpriseExtracts" time="23.847" classname="com.test.ReportsTestcases"/>
  <testcase name="PageHearder_EnterpriseExtracts" time="9.496" classname="com.test.ReportsTestcases"/>
  <testcase name="PanelBar_EnterpriseExtracts" time="9.248" classname="com.test.ReportsTestcases"/>
  <testcase name="PageLevelHelp_EnterpriseExtracts" time="13.486" classname="com.test.ReportsTestcases"/>
  <testcase name="RiskManagementMap_EnterpriseExtracts" time="18.432" classname="com.test.ReportsTestcases"/>
  <testcase name="ExportButtons_EnterpriseExtracts" time="169.974" classname="com.test.ReportsTestcases"/>
  <testcase name="Filter_RiskRatingDetailReport" classname="com.test.ReportsTestcases">
    <skipped/>
  </testcase> <!-- Filter_RiskRatingDetailReport -->
  <testcase name="Check_ColumnHeader_RiskResponseDetailReport" classname="com.test.ReportsTestcases">
    <skipped/>
  </testcase> <!-- Check_ColumnHeader_RiskResponseDetailReport -->
  <testcase name="Filter_RiskResponseDetailReport" classname="com.test.ReportsTestcases">
    <skipped/>
  </testcase> <!-- Filter_RiskResponseDetailReport -->
  <testcase name="Filter_RiskRatingReport" classname="com.test.ReportsTestcases">
    <skipped/>
  </testcase> <!-- Filter_RiskRatingReport -->
  <testcase name="Filter_AssetInventoryReport" classname="com.test.ReportsTestcases">
    <skipped/>
  </testcase> <!-- Filter_AssetInventoryReport -->
</testsuite> <!-- com.test.ReportsTestcases -->
