<?xml version="1.0" encoding="UTF-8"?>
<!-- Generated by org.testng.reporters.JUnitReportReporter -->
<testsuite skipped="7" hostname="Dell" name="com.test.AddAssetTestcases" tests="40" failures="0" timestamp="10 Oct 2018 13:58:22 GMT" time="1618.344" errors="0">
  <testcase name="NavigatePage_AssetInventoryList" time="72.040" classname="com.test.AddAssetTestcases"/>
  <testcase name="AssetWizard_AssetInventoryList" time="449.521" classname="com.test.AddAssetTestcases"/>
  <testcase name="PageHearder_AssetInventoryList" time="9.449" classname="com.test.AddAssetTestcases"/>
  <testcase name="PanelBar_AssetInventoryList" time="9.250" classname="com.test.AddAssetTestcases"/>
  <testcase name="PageLevelHelp_AssetInventoryList" time="19.467" classname="com.test.AddAssetTestcases"/>
  <testcase name="RiskManagementMap_AssetInventoryList" time="18.465" classname="com.test.AddAssetTestcases"/>
  <testcase name="PageHearder_CreateAsset" time="24.502" classname="com.test.AddAssetTestcases"/>
  <testcase name="PanelBar_CreateAsset" time="8.150" classname="com.test.AddAssetTestcases"/>
  <testcase name="PageLevelHelp_CreateAsset" time="13.513" classname="com.test.AddAssetTestcases"/>
  <testcase name="RiskManagementMap_CreateAsset" time="13.446" classname="com.test.AddAssetTestcases"/>
  <testcase name="ContextHelp_CreateAsset" time="72.183" classname="com.test.AddAssetTestcases"/>
  <testcase name="AssetNameOnly_CreateAsset" time="69.521" classname="com.test.AddAssetTestcases"/>
  <testcase name="Testing_AllFields_CreateAsset" time="300.836" classname="com.test.AddAssetTestcases"/>
  <testcase name="Disable_sunset_Status_CreateAsset" time="65.751" classname="com.test.AddAssetTestcases"/>
  <testcase name="Prepoduction_Staus_CreateAsset" time="63.702" classname="com.test.AddAssetTestcases"/>
  <testcase name="EditBtn_AssetInventoryList" time="59.428" classname="com.test.AddAssetTestcases"/>
  <testcase name="DeleteBtn_AssetInventoryList" time="22.780" classname="com.test.AddAssetTestcases"/>
  <testcase name="ExportBtn_AssetInventoryList" time="28.750" classname="com.test.AddAssetTestcases"/>
  <testcase name="Search_AssetInventoryList" time="24.514" classname="com.test.AddAssetTestcases"/>
  <testcase name="Sorting_AssetInventoryList" time="61.425" classname="com.test.AddAssetTestcases"/>
  <testcase name="NavigationPage_AssetInventoryImport" time="10.139" classname="com.test.AddAssetTestcases"/>
  <testcase name="PageHearder_AssetInventoryImport" time="14.223" classname="com.test.AddAssetTestcases"/>
  <testcase name="PanelBar_AssetInventoryImport" time="10.237" classname="com.test.AddAssetTestcases"/>
  <testcase name="PageLevelHelp_AssetInventoryImport" time="18.435" classname="com.test.AddAssetTestcases"/>
  <testcase name="RiskManagementMap_AssetInventoryImport" time="18.470" classname="com.test.AddAssetTestcases"/>
  <testcase name="Download_AssetInventoryImport" time="7.859" classname="com.test.AddAssetTestcases"/>
  <testcase name="NavigationPage_MediaAssetGroups" time="10.742" classname="com.test.AddAssetTestcases"/>
  <testcase name="Edit_MediaAssetGroups" time="37.494" classname="com.test.AddAssetTestcases"/>
  <testcase name="Delete_MediaAssetGroups" time="14.490" classname="com.test.AddAssetTestcases"/>
  <testcase name="PageHearder_MediaAsset" time="22.477" classname="com.test.AddAssetTestcases"/>
  <testcase name="PanelBar_MediaAsset" time="10.228" classname="com.test.AddAssetTestcases"/>
  <testcase name="PageLevelHelp_MediaAsset" time="18.452" classname="com.test.AddAssetTestcases"/>
  <testcase name="RiskManagementMap_MediaAsset" time="18.405" classname="com.test.AddAssetTestcases"/>
  <testcase name="ValidImport_AssetInventoryImport" classname="com.test.AddAssetTestcases">
    <skipped/>
  </testcase> <!-- ValidImport_AssetInventoryImport -->
  <testcase name="ContextHelp_AssetInventoryList" classname="com.test.AddAssetTestcases">
    <skipped/>
  </testcase> <!-- ContextHelp_AssetInventoryList -->
  <testcase name="AssetEntryMethod_dropdown_AssetInventoryList" classname="com.test.AddAssetTestcases">
    <skipped/>
  </testcase> <!-- AssetEntryMethod_dropdown_AssetInventoryList -->
  <testcase name="Pagination_MediaAsset" classname="com.test.AddAssetTestcases">
    <skipped/>
  </testcase> <!-- Pagination_MediaAsset -->
  <testcase name="InValidImportFiles_AssetInventoryImport" classname="com.test.AddAssetTestcases">
    <skipped/>
  </testcase> <!-- InValidImportFiles_AssetInventoryImport -->
  <testcase name="EmptyImport_AssetInventoryImport" classname="com.test.AddAssetTestcases">
    <skipped/>
  </testcase> <!-- EmptyImport_AssetInventoryImport -->
  <testcase name="AssetStatus_AssetInventoryList" classname="com.test.AddAssetTestcases">
    <skipped/>
  </testcase> <!-- AssetStatus_AssetInventoryList -->
</testsuite> <!-- com.test.AddAssetTestcases -->
