<?xml version="1.0" encoding="UTF-8"?>
<!-- Generated by org.testng.reporters.JUnitReportReporter -->
<testsuite skipped="1" hostname="Dell" name="com.test.ControlsResponseReviewTestcases" tests="10" failures="0" timestamp="27 Mar 2019 13:33:43 GMT" time="296.560" errors="0">
  <testcase name="NavigatePage_ControlsResponseReview" time="58.530" classname="com.test.ControlsResponseReviewTestcases"/>
  <testcase name="PageHearder_ControlsResponseReview" time="7.328" classname="com.test.ControlsResponseReviewTestcases"/>
  <testcase name="PanelBar_ControlsResponseReview" time="6.129" classname="com.test.ControlsResponseReviewTestcases"/>
  <testcase name="PageLevelHelp_ControlsResponseReview" time="9.365" classname="com.test.ControlsResponseReviewTestcases"/>
  <testcase name="RiskManagementMap_ControlsResponseReview" time="14.388" classname="com.test.ControlsResponseReviewTestcases"/>
  <testcase name="Functions_ControlsResponseReview" time="57.398" classname="com.test.ControlsResponseReviewTestcases"/>
  <testcase name="Export_ControlsResponseReview" time="45.877" classname="com.test.ControlsResponseReviewTestcases"/>
  <testcase name="QuickFilter_ControlsResponseReview" time="50.789" classname="com.test.ControlsResponseReviewTestcases"/>
  <testcase name="Sorting_ControlsResponseReview" time="46.756" classname="com.test.ControlsResponseReviewTestcases"/>
  <testcase name="Filter_ControlsResponseReview" classname="com.test.ControlsResponseReviewTestcases">
    <skipped/>
  </testcase> <!-- Filter_ControlsResponseReview -->
</testsuite> <!-- com.test.ControlsResponseReviewTestcases -->
