<?xml version="1.0" encoding="UTF-8"?>
<!-- Generated by org.testng.reporters.JUnitReportReporter -->
<testsuite skipped="3" hostname="Dell" name="com.test.ControlReviewTestcases" tests="15" failures="0" timestamp="27 Mar 2019 13:33:43 GMT" time="1041.066" errors="1">
  <testcase name="NavigatePage_ControlReview" time="193.682" classname="com.test.ControlReviewTestcases"/>
  <testcase name="PageHearder_ControlReview" time="7.341" classname="com.test.ControlReviewTestcases"/>
  <testcase name="PanelBar_ControlReview" time="6.186" classname="com.test.ControlReviewTestcases"/>
  <testcase name="PageLevelHelp_ControlReview" time="9.603" classname="com.test.ControlReviewTestcases"/>
  <testcase name="RiskManagementMap_ControlReview" time="9.645" classname="com.test.ControlReviewTestcases"/>
  <testcase name="Notes_ControlReview" time="42.195" classname="com.test.ControlReviewTestcases"/>
  <testcase name="ClearResponse_ControlReview" time="26.437" classname="com.test.ControlReviewTestcases"/>
  <testcase name="SelectResponse_ControlReview" time="26.890" classname="com.test.ControlReviewTestcases"/>
  <testcase name="QuickFilter_ControlReview" time="404.805" classname="com.test.ControlReviewTestcases"/>
  <testcase name="Export_ControlsReview" time="278.739" classname="com.test.ControlReviewTestcases"/>
  <testcase name="NIST_ControlsReview" time="16.230" classname="com.test.ControlReviewTestcases">
    <error type="org.openqa.selenium.WebDriverException" message="unknown error: Element &lt;span class=&quot;btn btn-primary btn-xs&quot; ng-click=&quot;showDialog()&quot; data-toggle=&quot;tooltip&quot; data-container=&quot;body&quot; title=&quot;View mapping to ... Special Publication 800-53, Revision 4, Security and Privacy Controls for Federal Information Systems and Organizations&quot; data-placement=&quot;auto&quot;&gt;NIST&lt;/span&gt; is not clickable at point (615, 367). Other element would receive the click: &lt;div ng-if=&quot;filter.type == &#039;select&#039;&quot; class=&quot;ng-scope&quot;&gt;...&lt;/div&gt;
  (Session info: chrome=73.0.3683.86)
  (Driver info: chromedriver=2.41.578737 (49da6702b16031c40d63e5618de03a32ff6c197e),platform=Windows NT 6.3.9600 x86_64) (WARNING: The server did not provide any stacktrace information)
Command duration or timeout: 0 milliseconds
Build info: version: &#039;unknown&#039;, revision: &#039;unknown&#039;, time: &#039;unknown&#039;
System info: host: &#039;DELL&#039;, ip: &#039;192.168.43.138&#039;, os.name: &#039;Windows 8.1&#039;, os.arch: &#039;amd64&#039;, os.version: &#039;6.3&#039;, java.version: &#039;1.8.0_181&#039;
Driver info: org.openqa.selenium.chrome.ChromeDriver
Capabilities [{mobileEmulationEnabled=false, hasTouchScreen=false, platform=WIN8_1, acceptSslCerts=false, goog:chromeOptions={debuggerAddress=localhost:53292}, acceptInsecureCerts=false, webStorageEnabled=true, browserName=chrome, takesScreenshot=true, javascriptEnabled=true, setWindowRect=true, unexpectedAlertBehaviour=, applicationCacheEnabled=false, rotatable=false, networkConnectionEnabled=false, chrome={chromedriverVersion=2.41.578737 (49da6702b16031c40d63e5618de03a32ff6c197e), userDataDir=C:\Users\User\AppData\Local\Temp\scoped_dir4856_27497}, takesHeapSnapshot=true, pageLoadStrategy=normal, unhandledPromptBehavior=, databaseEnabled=false, handlesAlerts=true, version=73.0.3683.86, browserConnectionEnabled=false, nativeEvents=true, locationContextEnabled=true, cssSelectorsEnabled=true}]
Session ID: e4a82321ffc1ddc9999715addbded90f">
      <![CDATA[org.openqa.selenium.WebDriverException: unknown error: Element <span class="btn btn-primary btn-xs" ng-click="showDialog()" data-toggle="tooltip" data-container="body" title="View mapping to ... Special Publication 800-53, Revision 4, Security and Privacy Controls for Federal Information Systems and Organizations" data-placement="auto">NIST</span> is not clickable at point (615, 367). Other element would receive the click: <div ng-if="filter.type == 'select'" class="ng-scope">...</div>
  (Session info: chrome=73.0.3683.86)
  (Driver info: chromedriver=2.41.578737 (49da6702b16031c40d63e5618de03a32ff6c197e),platform=Windows NT 6.3.9600 x86_64) (WARNING: The server did not provide any stacktrace information)
Command duration or timeout: 0 milliseconds
Build info: version: 'unknown', revision: 'unknown', time: 'unknown'
System info: host: 'DELL', ip: '192.168.43.138', os.name: 'Windows 8.1', os.arch: 'amd64', os.version: '6.3', java.version: '1.8.0_181'
Driver info: org.openqa.selenium.chrome.ChromeDriver
Capabilities [{mobileEmulationEnabled=false, hasTouchScreen=false, platform=WIN8_1, acceptSslCerts=false, goog:chromeOptions={debuggerAddress=localhost:53292}, acceptInsecureCerts=false, webStorageEnabled=true, browserName=chrome, takesScreenshot=true, javascriptEnabled=true, setWindowRect=true, unexpectedAlertBehaviour=, applicationCacheEnabled=false, rotatable=false, networkConnectionEnabled=false, chrome={chromedriverVersion=2.41.578737 (49da6702b16031c40d63e5618de03a32ff6c197e), userDataDir=C:\Users\User\AppData\Local\Temp\scoped_dir4856_27497}, takesHeapSnapshot=true, pageLoadStrategy=normal, unhandledPromptBehavior=, databaseEnabled=false, handlesAlerts=true, version=73.0.3683.86, browserConnectionEnabled=false, nativeEvents=true, locationContextEnabled=true, cssSelectorsEnabled=true}]
Session ID: e4a82321ffc1ddc9999715addbded90f
	at sun.reflect.NativeConstructorAccessorImpl.newInstance0(Native Method)
	at sun.reflect.NativeConstructorAccessorImpl.newInstance(Unknown Source)
	at sun.reflect.DelegatingConstructorAccessorImpl.newInstance(Unknown Source)
	at java.lang.reflect.Constructor.newInstance(Unknown Source)
	at org.openqa.selenium.remote.ErrorHandler.createThrowable(ErrorHandler.java:215)
	at org.openqa.selenium.remote.ErrorHandler.throwIfResponseFailed(ErrorHandler.java:167)
	at org.openqa.selenium.remote.http.JsonHttpResponseCodec.reconstructValue(JsonHttpResponseCodec.java:40)
	at org.openqa.selenium.remote.http.AbstractHttpResponseCodec.decode(AbstractHttpResponseCodec.java:82)
	at org.openqa.selenium.remote.http.AbstractHttpResponseCodec.decode(AbstractHttpResponseCodec.java:45)
	at org.openqa.selenium.remote.HttpCommandExecutor.execute(HttpCommandExecutor.java:164)
	at org.openqa.selenium.remote.service.DriverCommandExecutor.execute(DriverCommandExecutor.java:82)
	at org.openqa.selenium.remote.RemoteWebDriver.execute(RemoteWebDriver.java:641)
	at org.openqa.selenium.remote.RemoteWebElement.execute(RemoteWebElement.java:275)
	at org.openqa.selenium.remote.RemoteWebElement.click(RemoteWebElement.java:82)
	at com.test.WrapperClass.clickByXpath(WrapperClass.java:568)
	at com.test.ControlReviewTestcases.NIST_ControlsReview(ControlReviewTestcases.java:579)
	at sun.reflect.NativeMethodAccessorImpl.invoke0(Native Method)
	at sun.reflect.NativeMethodAccessorImpl.invoke(Unknown Source)
	at sun.reflect.DelegatingMethodAccessorImpl.invoke(Unknown Source)
	at java.lang.reflect.Method.invoke(Unknown Source)
	at org.testng.internal.MethodInvocationHelper.invokeMethod(MethodInvocationHelper.java:108)
	at org.testng.internal.Invoker.invokeMethod(Invoker.java:661)
	at org.testng.internal.Invoker.invokeTestMethod(Invoker.java:869)
	at org.testng.internal.Invoker.invokeTestMethods(Invoker.java:1193)
	at org.testng.internal.TestMethodWorker.invokeTestMethods(TestMethodWorker.java:126)
	at org.testng.internal.TestMethodWorker.run(TestMethodWorker.java:109)
	at org.testng.TestRunner.privateRun(TestRunner.java:744)
	at org.testng.TestRunner.run(TestRunner.java:602)
	at org.testng.SuiteRunner.runTest(SuiteRunner.java:380)
	at org.testng.SuiteRunner.runSequentially(SuiteRunner.java:375)
	at org.testng.SuiteRunner.privateRun(SuiteRunner.java:340)
	at org.testng.SuiteRunner.run(SuiteRunner.java:289)
	at org.testng.SuiteRunnerWorker.runSuite(SuiteRunnerWorker.java:52)
	at org.testng.SuiteRunnerWorker.run(SuiteRunnerWorker.java:86)
	at org.testng.TestNG.runSuitesSequentially(TestNG.java:1301)
	at org.testng.TestNG.runSuitesLocally(TestNG.java:1226)
	at org.testng.TestNG.runSuites(TestNG.java:1144)
	at org.testng.TestNG.run(TestNG.java:1115)
	at org.testng.remote.AbstractRemoteTestNG.run(AbstractRemoteTestNG.java:132)
	at org.testng.remote.RemoteTestNG.initAndRun(RemoteTestNG.java:230)
	at org.testng.remote.RemoteTestNG.main(RemoteTestNG.java:76)
]]>
    </error>
  </testcase> <!-- NIST_ControlsReview -->
  <testcase name="Autoloading_ControlsGlobalMedia" time="19.313" classname="com.test.ControlReviewTestcases"/>
  <testcase name="Filter_ControlsReview" classname="com.test.ControlReviewTestcases">
    <skipped/>
  </testcase> <!-- Filter_ControlsReview -->
  <testcase name="Sorting_ControlsReview" classname="com.test.ControlReviewTestcases">
    <skipped/>
  </testcase> <!-- Sorting_ControlsReview -->
  <testcase name="ControlTag_ControlsReview" classname="com.test.ControlReviewTestcases">
    <skipped/>
  </testcase> <!-- ControlTag_ControlsReview -->
</testsuite> <!-- com.test.ControlReviewTestcases -->
