<?xml version="1.0" encoding="UTF-8"?>
<!-- Generated by org.testng.reporters.JUnitReportReporter -->
<testsuite skipped="2" hostname="Dell" name="com.test.RatingReviewTestcases" tests="14" failures="0" timestamp="05 Oct 2018 12:25:38 GMT" time="332.605" errors="0">
  <testcase name="NavigatePage_RatingReview" time="34.606" classname="com.test.RatingReviewTestcases"/>
  <testcase name="PageHearder_RatingReview" time="7.397" classname="com.test.RatingReviewTestcases"/>
  <testcase name="PanelBar_RatingReview" time="6.246" classname="com.test.RatingReviewTestcases"/>
  <testcase name="PageLevelHelp_RatingReview" time="9.477" classname="com.test.RatingReviewTestcases"/>
  <testcase name="RiskManagementMap_RatingReview" time="9.447" classname="com.test.RatingReviewTestcases"/>
  <testcase name="ScenarioAdvisory_RatingReview" time="43.237" classname="com.test.RatingReviewTestcases"/>
  <testcase name="Vulnerabilitylink_RatingReview" time="34.189" classname="com.test.RatingReviewTestcases"/>
  <testcase name="ContextHelpIcon_RatingReview" time="16.335" classname="com.test.RatingReviewTestcases"/>
  <testcase name="Notes_RatingReview" time="24.364" classname="com.test.RatingReviewTestcases"/>
  <testcase name="QuickFilter_RatingReview" time="58.409" classname="com.test.RatingReviewTestcases"/>
  <testcase name="Export_RatingReview" time="49.918" classname="com.test.RatingReviewTestcases"/>
  <testcase name="ClearResponse_RatingReview" time="38.980" classname="com.test.RatingReviewTestcases"/>
  <testcase name="Filter_RatingReview" classname="com.test.RatingReviewTestcases">
    <skipped/>
  </testcase> <!-- Filter_RatingReview -->
  <testcase name="Sorting_RatingReview" classname="com.test.RatingReviewTestcases">
    <skipped/>
  </testcase> <!-- Sorting_RatingReview -->
</testsuite> <!-- com.test.RatingReviewTestcases -->
