<?xml version="1.0" encoding="UTF-8"?>
<!-- Generated by org.testng.reporters.JUnitReportReporter -->
<testsuite skipped="6" hostname="Dell" name="com.test.RiskResponseListTestcase" tests="16" failures="0" timestamp="05 Dec 2018 07:13:12 GMT" time="595.293" errors="0">
  <testcase name="NavigatePage_RiskResponseList" time="43.572" classname="com.test.RiskResponseListTestcase"/>
  <testcase name="PageHearder_RiskResponseList" time="7.300" classname="com.test.RiskResponseListTestcase"/>
  <testcase name="PanelBar_RiskResponseList" time="6.383" classname="com.test.RiskResponseListTestcase"/>
  <testcase name="TBO_RiskResponseist" time="323.258" classname="com.test.RiskResponseListTestcase"/>
  <testcase name="ChkEachFields_RiskResponseist" time="26.418" classname="com.test.RiskResponseListTestcase"/>
  <testcase name="QuickFilter_RiskResponseist" time="47.031" classname="com.test.RiskResponseListTestcase"/>
  <testcase name="Export_RiskResponseist" time="76.859" classname="com.test.RiskResponseListTestcase"/>
  <testcase name="ProgressBar_RiskResponseist" time="9.257" classname="com.test.RiskResponseListTestcase"/>
  <testcase name="ColumnHeaders_RiskResponseist" time="0.524" classname="com.test.RiskResponseListTestcase"/>
  <testcase name="Sorting_RiskResponseist" time="54.691" classname="com.test.RiskResponseListTestcase"/>
  <testcase name="TC191" classname="com.test.RiskResponseListTestcase">
    <skipped/>
  </testcase> <!-- TC191 -->
  <testcase name="PageLevelHelp_RiskResponseList" classname="com.test.RiskResponseListTestcase">
    <skipped/>
  </testcase> <!-- PageLevelHelp_RiskResponseList -->
  <testcase name="RiskManagementMap_RiskResponseList" classname="com.test.RiskResponseListTestcase">
    <skipped/>
  </testcase> <!-- RiskManagementMap_RiskResponseList -->
  <testcase name="Filter_RiskResponseist" classname="com.test.RiskResponseListTestcase">
    <skipped/>
  </testcase> <!-- Filter_RiskResponseist -->
  <testcase name="Icon_RiskResponseist" classname="com.test.RiskResponseListTestcase">
    <skipped/>
  </testcase> <!-- Icon_RiskResponseist -->
  <testcase name="AutoLoading_" classname="com.test.RiskResponseListTestcase">
    <skipped/>
  </testcase> <!-- AutoLoading_ -->
</testsuite> <!-- com.test.RiskResponseListTestcase -->
