<?xml version="1.0" encoding="UTF-8"?>
<!-- Generated by org.testng.reporters.JUnitReportReporter -->
<testsuite skipped="6" hostname="Dell" name="com.test.ControlsResponseReviewTestcases" tests="15" failures="0" timestamp="05 Oct 2018 12:25:38 GMT" time="244.026" errors="0">
  <testcase name="NavigatePage_ControlsResponseReview" time="54.567" classname="com.test.ControlsResponseReviewTestcases"/>
  <testcase name="PageHearder_ControlsResponseReview" time="7.289" classname="com.test.ControlsResponseReviewTestcases"/>
  <testcase name="PanelBar_ControlsResponseReview" time="6.167" classname="com.test.ControlsResponseReviewTestcases"/>
  <testcase name="PageLevelHelp_ControlsResponseReview" time="9.428" classname="com.test.ControlsResponseReviewTestcases"/>
  <testcase name="RiskManagementMap_ControlsResponseReview" time="14.451" classname="com.test.ControlsResponseReviewTestcases"/>
  <testcase name="Functions_ControlsResponseReview" time="33.290" classname="com.test.ControlsResponseReviewTestcases"/>
  <testcase name="Export_ControlsResponseReview" time="36.994" classname="com.test.ControlsResponseReviewTestcases"/>
  <testcase name="QuickFilter_ControlsResponseReview" time="51.153" classname="com.test.ControlsResponseReviewTestcases"/>
  <testcase name="Sorting_ControlsResponseReview" time="30.687" classname="com.test.ControlsResponseReviewTestcases"/>
  <testcase name="Notes_ControlsResponseReview" classname="com.test.ControlsResponseReviewTestcases">
    <skipped/>
  </testcase> <!-- Notes_ControlsResponseReview -->
  <testcase name="NSIT_ControlsResponseReview" classname="com.test.ControlsResponseReviewTestcases">
    <skipped/>
  </testcase> <!-- NSIT_ControlsResponseReview -->
  <testcase name="ControlTag_ControlsResponseReview" classname="com.test.ControlsResponseReviewTestcases">
    <skipped/>
  </testcase> <!-- ControlTag_ControlsResponseReview -->
  <testcase name="Documents_ControlsResponseReview" classname="com.test.ControlsResponseReviewTestcases">
    <skipped/>
  </testcase> <!-- Documents_ControlsResponseReview -->
  <testcase name="Mutiselector_ControlsResponseReview" classname="com.test.ControlsResponseReviewTestcases">
    <skipped/>
  </testcase> <!-- Mutiselector_ControlsResponseReview -->
  <testcase name="Filter_ControlsResponseReview" classname="com.test.ControlsResponseReviewTestcases">
    <skipped/>
  </testcase> <!-- Filter_ControlsResponseReview -->
</testsuite> <!-- com.test.ControlsResponseReviewTestcases -->
