<?xml version="1.0" encoding="UTF-8"?>
<!-- Generated by org.testng.reporters.JUnitReportReporter -->
<testsuite skipped="6" hostname="Dell" name="com.test.DocumentsTestcase" tests="17" failures="2" timestamp="27 Mar 2019 13:33:43 GMT" time="304.921" errors="0">
  <testcase name="NavigatePage_Documents" time="62.624" classname="com.test.DocumentsTestcase"/>
  <testcase name="PageHearder_Documents" time="5.294" classname="com.test.DocumentsTestcase">
    <failure type="java.lang.AssertionError" message="expected [Documents] but found [Risk Reconciliation List
Residual Versus Reconciled]">
      <![CDATA[java.lang.AssertionError: expected [Documents] but found [Risk Reconciliation List
Residual Versus Reconciled]
	at org.testng.Assert.fail(Assert.java:93)
	at org.testng.Assert.failNotEquals(Assert.java:512)
	at org.testng.Assert.assertEqualsImpl(Assert.java:134)
	at org.testng.Assert.assertEquals(Assert.java:115)
	at org.testng.Assert.assertEquals(Assert.java:189)
	at org.testng.Assert.assertEquals(Assert.java:199)
	at com.test.WrapperClass.assertEquals(WrapperClass.java:1337)
	at com.test.DocumentsTestcase.PageHearder_Documents(DocumentsTestcase.java:56)
	at sun.reflect.NativeMethodAccessorImpl.invoke0(Native Method)
	at sun.reflect.NativeMethodAccessorImpl.invoke(Unknown Source)
	at sun.reflect.DelegatingMethodAccessorImpl.invoke(Unknown Source)
	at java.lang.reflect.Method.invoke(Unknown Source)
	at org.testng.internal.MethodInvocationHelper.invokeMethod(MethodInvocationHelper.java:108)
	at org.testng.internal.Invoker.invokeMethod(Invoker.java:661)
	at org.testng.internal.Invoker.invokeTestMethod(Invoker.java:869)
	at org.testng.internal.Invoker.invokeTestMethods(Invoker.java:1193)
	at org.testng.internal.TestMethodWorker.invokeTestMethods(TestMethodWorker.java:126)
	at org.testng.internal.TestMethodWorker.run(TestMethodWorker.java:109)
	at org.testng.TestRunner.privateRun(TestRunner.java:744)
	at org.testng.TestRunner.run(TestRunner.java:602)
	at org.testng.SuiteRunner.runTest(SuiteRunner.java:380)
	at org.testng.SuiteRunner.runSequentially(SuiteRunner.java:375)
	at org.testng.SuiteRunner.privateRun(SuiteRunner.java:340)
	at org.testng.SuiteRunner.run(SuiteRunner.java:289)
	at org.testng.SuiteRunnerWorker.runSuite(SuiteRunnerWorker.java:52)
	at org.testng.SuiteRunnerWorker.run(SuiteRunnerWorker.java:86)
	at org.testng.TestNG.runSuitesSequentially(TestNG.java:1301)
	at org.testng.TestNG.runSuitesLocally(TestNG.java:1226)
	at org.testng.TestNG.runSuites(TestNG.java:1144)
	at org.testng.TestNG.run(TestNG.java:1115)
	at org.testng.remote.AbstractRemoteTestNG.run(AbstractRemoteTestNG.java:132)
	at org.testng.remote.RemoteTestNG.initAndRun(RemoteTestNG.java:230)
	at org.testng.remote.RemoteTestNG.main(RemoteTestNG.java:76)
]]>
    </failure>
  </testcase> <!-- PageHearder_Documents -->
  <testcase name="PanelBar_Documents" time="3.129" classname="com.test.DocumentsTestcase">
    <failure type="java.lang.AssertionError" message="expected [Documents] but found [Risk Response List Risk Reconciliation List]">
      <![CDATA[java.lang.AssertionError: expected [Documents] but found [Risk Response List Risk Reconciliation List]
	at org.testng.Assert.fail(Assert.java:93)
	at org.testng.Assert.failNotEquals(Assert.java:512)
	at org.testng.Assert.assertEqualsImpl(Assert.java:134)
	at org.testng.Assert.assertEquals(Assert.java:115)
	at org.testng.Assert.assertEquals(Assert.java:189)
	at org.testng.Assert.assertEquals(Assert.java:199)
	at com.test.WrapperClass.assertEquals(WrapperClass.java:1337)
	at com.test.DocumentsTestcase.PanelBar_Documents(DocumentsTestcase.java:69)
	at sun.reflect.NativeMethodAccessorImpl.invoke0(Native Method)
	at sun.reflect.NativeMethodAccessorImpl.invoke(Unknown Source)
	at sun.reflect.DelegatingMethodAccessorImpl.invoke(Unknown Source)
	at java.lang.reflect.Method.invoke(Unknown Source)
	at org.testng.internal.MethodInvocationHelper.invokeMethod(MethodInvocationHelper.java:108)
	at org.testng.internal.Invoker.invokeMethod(Invoker.java:661)
	at org.testng.internal.Invoker.invokeTestMethod(Invoker.java:869)
	at org.testng.internal.Invoker.invokeTestMethods(Invoker.java:1193)
	at org.testng.internal.TestMethodWorker.invokeTestMethods(TestMethodWorker.java:126)
	at org.testng.internal.TestMethodWorker.run(TestMethodWorker.java:109)
	at org.testng.TestRunner.privateRun(TestRunner.java:744)
	at org.testng.TestRunner.run(TestRunner.java:602)
	at org.testng.SuiteRunner.runTest(SuiteRunner.java:380)
	at org.testng.SuiteRunner.runSequentially(SuiteRunner.java:375)
	at org.testng.SuiteRunner.privateRun(SuiteRunner.java:340)
	at org.testng.SuiteRunner.run(SuiteRunner.java:289)
	at org.testng.SuiteRunnerWorker.runSuite(SuiteRunnerWorker.java:52)
	at org.testng.SuiteRunnerWorker.run(SuiteRunnerWorker.java:86)
	at org.testng.TestNG.runSuitesSequentially(TestNG.java:1301)
	at org.testng.TestNG.runSuitesLocally(TestNG.java:1226)
	at org.testng.TestNG.runSuites(TestNG.java:1144)
	at org.testng.TestNG.run(TestNG.java:1115)
	at org.testng.remote.AbstractRemoteTestNG.run(AbstractRemoteTestNG.java:132)
	at org.testng.remote.RemoteTestNG.initAndRun(RemoteTestNG.java:230)
	at org.testng.remote.RemoteTestNG.main(RemoteTestNG.java:76)
]]>
    </failure>
  </testcase> <!-- PanelBar_Documents -->
  <testcase name="ChkEachFields_Documents" time="39.146" classname="com.test.DocumentsTestcase"/>
  <testcase name="QuickFilter_Documents" time="24.577" classname="com.test.DocumentsTestcase"/>
  <testcase name="Upload_Documents" time="33.717" classname="com.test.DocumentsTestcase"/>
  <testcase name="Notes_Documents" time="57.829" classname="com.test.DocumentsTestcase"/>
  <testcase name="SubRowsUpload_Documents" time="26.628" classname="com.test.DocumentsTestcase"/>
  <testcase name="DownloadandDelete_Documents" time="27.020" classname="com.test.DocumentsTestcase"/>
  <testcase name="Export_Documents" time="24.752" classname="com.test.DocumentsTestcase"/>
  <testcase name="ColumnHeader_Documents" time="0.205" classname="com.test.DocumentsTestcase"/>
  <testcase name="Filter_Documents" classname="com.test.DocumentsTestcase">
    <skipped/>
  </testcase> <!-- Filter_Documents -->
  <testcase name="TC214" classname="com.test.DocumentsTestcase">
    <skipped/>
  </testcase> <!-- TC214 -->
  <testcase name="MultiSelector_Documents" classname="com.test.DocumentsTestcase">
    <skipped/>
  </testcase> <!-- MultiSelector_Documents -->
  <testcase name="TC212" classname="com.test.DocumentsTestcase">
    <skipped/>
  </testcase> <!-- TC212 -->
  <testcase name="RiskManagementMap_Documents" classname="com.test.DocumentsTestcase">
    <skipped/>
  </testcase> <!-- RiskManagementMap_Documents -->
  <testcase name="PageLevelHelp_Documents" classname="com.test.DocumentsTestcase">
    <skipped/>
  </testcase> <!-- PageLevelHelp_Documents -->
</testsuite> <!-- com.test.DocumentsTestcase -->
