<?xml version="1.0" encoding="UTF-8"?>
<!-- Generated by org.testng.reporters.JUnitReportReporter -->
<testsuite skipped="3" hostname="Dell" name="com.test.Activities" tests="12" failures="0" timestamp="26 Sep 2018 14:57:31 GMT" time="747.683" errors="0">
  <testcase name="NewActivties" time="142.608" classname="com.test.Activities"/>
  <testcase name="EditActivity" time="42.915" classname="com.test.Activities"/>
  <testcase name="ActivitiesManagerQuickFilter" time="87.881" classname="com.test.Activities"/>
  <testcase name="ExportActivitiesManager" time="15.955" classname="com.test.Activities"/>
  <testcase name="MyActivties" time="98.656" classname="com.test.Activities"/>
  <testcase name="Reviewer_MyActivties" time="155.315" classname="com.test.Activities"/>
  <testcase name="Approver_MyActivties" time="126.395" classname="com.test.Activities"/>
  <testcase name="MyActivitiesQuickFilter" time="47.608" classname="com.test.Activities"/>
  <testcase name="ExportMyActivities" time="30.350" classname="com.test.Activities"/>
  <testcase name="MyActivitiesFilter" classname="com.test.Activities">
    <skipped/>
  </testcase> <!-- MyActivitiesFilter -->
  <testcase name="ActivitiesManagerSort" classname="com.test.Activities">
    <skipped/>
  </testcase> <!-- ActivitiesManagerSort -->
  <testcase name="ActivitiesManagerFilter" classname="com.test.Activities">
    <skipped/>
  </testcase> <!-- ActivitiesManagerFilter -->
</testsuite> <!-- com.test.Activities -->
