<?xml version="1.0" encoding="UTF-8"?>
<!-- Generated by org.testng.reporters.JUnitReportReporter -->
<testsuite skipped="2" hostname="Dell" name="com.test.ControlsGlobalMediaTestcases" tests="15" failures="0" timestamp="27 Mar 2019 13:33:43 GMT" time="432.470" errors="0">
  <testcase name="NavigatePage_ControlsGlobalMedia" time="26.568" classname="com.test.ControlsGlobalMediaTestcases"/>
  <testcase name="PageHearder_ControlsGlobalMedia" time="7.336" classname="com.test.ControlsGlobalMediaTestcases"/>
  <testcase name="PanelBar_ControlsGlobalMedia" time="6.109" classname="com.test.ControlsGlobalMediaTestcases"/>
  <testcase name="PageLevelHelp_ControlsGlobalMedia" time="9.467" classname="com.test.ControlsGlobalMediaTestcases"/>
  <testcase name="RiskManagementMap_ControlsGlobalMedia" time="9.408" classname="com.test.ControlsGlobalMediaTestcases"/>
  <testcase name="ExpandControls_ControlsGlobalMedia" time="11.336" classname="com.test.ControlsGlobalMediaTestcases"/>
  <testcase name="SelectResponse_ControlsGlobalMedia" time="159.723" classname="com.test.ControlsGlobalMediaTestcases"/>
  <testcase name="ClearResponse_ControlsGlobalMedia" time="14.590" classname="com.test.ControlsGlobalMediaTestcases"/>
  <testcase name="Notes_ControlsGlobalMedia" time="29.946" classname="com.test.ControlsGlobalMediaTestcases"/>
  <testcase name="QuickFilter_ControlsGlobalMedia" time="77.348" classname="com.test.ControlsGlobalMediaTestcases"/>
  <testcase name="Export_ControlsGlobalMedia" time="54.826" classname="com.test.ControlsGlobalMediaTestcases"/>
  <testcase name="Icons_ControlsGlobalMedia" time="22.012" classname="com.test.ControlsGlobalMediaTestcases"/>
  <testcase name="Autoloading_ControlsGlobalMedia" time="3.801" classname="com.test.ControlsGlobalMediaTestcases"/>
  <testcase name="Documents_ControlsGlobalMedia" classname="com.test.ControlsGlobalMediaTestcases">
    <skipped/>
  </testcase> <!-- Documents_ControlsGlobalMedia -->
  <testcase name="Filter_ControlsGlobalMedia" classname="com.test.ControlsGlobalMediaTestcases">
    <skipped/>
  </testcase> <!-- Filter_ControlsGlobalMedia -->
</testsuite> <!-- com.test.ControlsGlobalMediaTestcases -->
