<?xml version="1.0" encoding="UTF-8"?>
<!-- Generated by org.testng.reporters.JUnitReportReporter -->
<testsuite skipped="0" hostname="Dell" name="com.test.FramingGovernanceTestcases" tests="25" failures="0" timestamp="27 Mar 2019 13:33:43 GMT" time="618.204" errors="1">
  <testcase name="ChkAllSubModules_FramingGovernance" time="8.186" classname="com.test.FramingGovernanceTestcases">
    <error type="org.openqa.selenium.WebDriverException" message="unknown error: Element &lt;span class=&quot;text&quot;&gt;...&lt;/span&gt; is not clickable at point (108, 196). Other element would receive the click: &lt;div class=&quot;bootbox modal fade in&quot; tabindex=&quot;-1&quot; role=&quot;dialog&quot; style=&quot;display: block; padding-right: 17px;&quot;&gt;...&lt;/div&gt;
  (Session info: chrome=73.0.3683.86)
  (Driver info: chromedriver=2.41.578737 (49da6702b16031c40d63e5618de03a32ff6c197e),platform=Windows NT 6.3.9600 x86_64) (WARNING: The server did not provide any stacktrace information)
Command duration or timeout: 0 milliseconds
Build info: version: &#039;unknown&#039;, revision: &#039;unknown&#039;, time: &#039;unknown&#039;
System info: host: &#039;DELL&#039;, ip: &#039;192.168.43.138&#039;, os.name: &#039;Windows 8.1&#039;, os.arch: &#039;amd64&#039;, os.version: &#039;6.3&#039;, java.version: &#039;1.8.0_181&#039;
Driver info: org.openqa.selenium.chrome.ChromeDriver
Capabilities [{mobileEmulationEnabled=false, hasTouchScreen=false, platform=WIN8_1, acceptSslCerts=false, goog:chromeOptions={debuggerAddress=localhost:53292}, acceptInsecureCerts=false, webStorageEnabled=true, browserName=chrome, takesScreenshot=true, javascriptEnabled=true, setWindowRect=true, unexpectedAlertBehaviour=, applicationCacheEnabled=false, rotatable=false, networkConnectionEnabled=false, chrome={chromedriverVersion=2.41.578737 (49da6702b16031c40d63e5618de03a32ff6c197e), userDataDir=C:\Users\User\AppData\Local\Temp\scoped_dir4856_27497}, takesHeapSnapshot=true, pageLoadStrategy=normal, unhandledPromptBehavior=, databaseEnabled=false, handlesAlerts=true, version=73.0.3683.86, browserConnectionEnabled=false, nativeEvents=true, locationContextEnabled=true, cssSelectorsEnabled=true}]
Session ID: e4a82321ffc1ddc9999715addbded90f">
      <![CDATA[org.openqa.selenium.WebDriverException: unknown error: Element <span class="text">...</span> is not clickable at point (108, 196). Other element would receive the click: <div class="bootbox modal fade in" tabindex="-1" role="dialog" style="display: block; padding-right: 17px;">...</div>
  (Session info: chrome=73.0.3683.86)
  (Driver info: chromedriver=2.41.578737 (49da6702b16031c40d63e5618de03a32ff6c197e),platform=Windows NT 6.3.9600 x86_64) (WARNING: The server did not provide any stacktrace information)
Command duration or timeout: 0 milliseconds
Build info: version: 'unknown', revision: 'unknown', time: 'unknown'
System info: host: 'DELL', ip: '192.168.43.138', os.name: 'Windows 8.1', os.arch: 'amd64', os.version: '6.3', java.version: '1.8.0_181'
Driver info: org.openqa.selenium.chrome.ChromeDriver
Capabilities [{mobileEmulationEnabled=false, hasTouchScreen=false, platform=WIN8_1, acceptSslCerts=false, goog:chromeOptions={debuggerAddress=localhost:53292}, acceptInsecureCerts=false, webStorageEnabled=true, browserName=chrome, takesScreenshot=true, javascriptEnabled=true, setWindowRect=true, unexpectedAlertBehaviour=, applicationCacheEnabled=false, rotatable=false, networkConnectionEnabled=false, chrome={chromedriverVersion=2.41.578737 (49da6702b16031c40d63e5618de03a32ff6c197e), userDataDir=C:\Users\User\AppData\Local\Temp\scoped_dir4856_27497}, takesHeapSnapshot=true, pageLoadStrategy=normal, unhandledPromptBehavior=, databaseEnabled=false, handlesAlerts=true, version=73.0.3683.86, browserConnectionEnabled=false, nativeEvents=true, locationContextEnabled=true, cssSelectorsEnabled=true}]
Session ID: e4a82321ffc1ddc9999715addbded90f
	at sun.reflect.NativeConstructorAccessorImpl.newInstance0(Native Method)
	at sun.reflect.NativeConstructorAccessorImpl.newInstance(Unknown Source)
	at sun.reflect.DelegatingConstructorAccessorImpl.newInstance(Unknown Source)
	at java.lang.reflect.Constructor.newInstance(Unknown Source)
	at org.openqa.selenium.remote.ErrorHandler.createThrowable(ErrorHandler.java:215)
	at org.openqa.selenium.remote.ErrorHandler.throwIfResponseFailed(ErrorHandler.java:167)
	at org.openqa.selenium.remote.http.JsonHttpResponseCodec.reconstructValue(JsonHttpResponseCodec.java:40)
	at org.openqa.selenium.remote.http.AbstractHttpResponseCodec.decode(AbstractHttpResponseCodec.java:82)
	at org.openqa.selenium.remote.http.AbstractHttpResponseCodec.decode(AbstractHttpResponseCodec.java:45)
	at org.openqa.selenium.remote.HttpCommandExecutor.execute(HttpCommandExecutor.java:164)
	at org.openqa.selenium.remote.service.DriverCommandExecutor.execute(DriverCommandExecutor.java:82)
	at org.openqa.selenium.remote.RemoteWebDriver.execute(RemoteWebDriver.java:641)
	at org.openqa.selenium.remote.RemoteWebElement.execute(RemoteWebElement.java:275)
	at org.openqa.selenium.remote.RemoteWebElement.click(RemoteWebElement.java:82)
	at com.test.WrapperClass.clickByXpath(WrapperClass.java:568)
	at com.test.FramingGovernanceTestcases.ChkAllSubModules_FramingGovernance(FramingGovernanceTestcases.java:22)
	at sun.reflect.NativeMethodAccessorImpl.invoke0(Native Method)
	at sun.reflect.NativeMethodAccessorImpl.invoke(Unknown Source)
	at sun.reflect.DelegatingMethodAccessorImpl.invoke(Unknown Source)
	at java.lang.reflect.Method.invoke(Unknown Source)
	at org.testng.internal.MethodInvocationHelper.invokeMethod(MethodInvocationHelper.java:108)
	at org.testng.internal.Invoker.invokeMethod(Invoker.java:661)
	at org.testng.internal.Invoker.invokeTestMethod(Invoker.java:869)
	at org.testng.internal.Invoker.invokeTestMethods(Invoker.java:1193)
	at org.testng.internal.TestMethodWorker.invokeTestMethods(TestMethodWorker.java:126)
	at org.testng.internal.TestMethodWorker.run(TestMethodWorker.java:109)
	at org.testng.TestRunner.privateRun(TestRunner.java:744)
	at org.testng.TestRunner.run(TestRunner.java:602)
	at org.testng.SuiteRunner.runTest(SuiteRunner.java:380)
	at org.testng.SuiteRunner.runSequentially(SuiteRunner.java:375)
	at org.testng.SuiteRunner.privateRun(SuiteRunner.java:340)
	at org.testng.SuiteRunner.run(SuiteRunner.java:289)
	at org.testng.SuiteRunnerWorker.runSuite(SuiteRunnerWorker.java:52)
	at org.testng.SuiteRunnerWorker.run(SuiteRunnerWorker.java:86)
	at org.testng.TestNG.runSuitesSequentially(TestNG.java:1301)
	at org.testng.TestNG.runSuitesLocally(TestNG.java:1226)
	at org.testng.TestNG.runSuites(TestNG.java:1144)
	at org.testng.TestNG.run(TestNG.java:1115)
	at org.testng.remote.AbstractRemoteTestNG.run(AbstractRemoteTestNG.java:132)
	at org.testng.remote.RemoteTestNG.initAndRun(RemoteTestNG.java:230)
	at org.testng.remote.RemoteTestNG.main(RemoteTestNG.java:76)
]]>
    </error>
  </testcase> <!-- ChkAllSubModules_FramingGovernance -->
  <testcase name="PageLevelHelp_RiskThreshold" time="30.189" classname="com.test.FramingGovernanceTestcases"/>
  <testcase name="RiskManagementMap_RiskThreshold" time="6.386" classname="com.test.FramingGovernanceTestcases"/>
  <testcase name="RiskThresholddropdown_RiskThreshold" time="24.624" classname="com.test.FramingGovernanceTestcases"/>
  <testcase name="Export_RiskThreshold" time="76.956" classname="com.test.FramingGovernanceTestcases"/>
  <testcase name="PageLevelHelp_LikelihoodSettings" time="21.282" classname="com.test.FramingGovernanceTestcases"/>
  <testcase name="RiskManagementMap_LikelihoodSettings" time="6.401" classname="com.test.FramingGovernanceTestcases"/>
  <testcase name="Export_LikelihoodSettings" time="17.395" classname="com.test.FramingGovernanceTestcases"/>
  <testcase name="Search_LikelihoodSettings" time="20.372" classname="com.test.FramingGovernanceTestcases"/>
  <testcase name="PageLevelHelp_ImpactSettings" time="19.432" classname="com.test.FramingGovernanceTestcases"/>
  <testcase name="RiskManagementMap_ImpactSettings" time="6.483" classname="com.test.FramingGovernanceTestcases"/>
  <testcase name="Export_ImpactSettings" time="17.394" classname="com.test.FramingGovernanceTestcases"/>
  <testcase name="Search_ImpactSettings" time="20.410" classname="com.test.FramingGovernanceTestcases"/>
  <testcase name="PageLevelHelp_CustomControls" time="20.321" classname="com.test.FramingGovernanceTestcases"/>
  <testcase name="RiskManagementMap_CustomControls" time="6.440" classname="com.test.FramingGovernanceTestcases"/>
  <testcase name="NewButton_CustomControls" time="51.096" classname="com.test.FramingGovernanceTestcases"/>
  <testcase name="EditButton_CustomControls" time="51.203" classname="com.test.FramingGovernanceTestcases"/>
  <testcase name="Export_CustomControls" time="17.338" classname="com.test.FramingGovernanceTestcases"/>
  <testcase name="Search_CustomControls" time="20.352" classname="com.test.FramingGovernanceTestcases"/>
  <testcase name="PageLevelHelp_CustomTags" time="20.470" classname="com.test.FramingGovernanceTestcases"/>
  <testcase name="RiskManagementMap_CustomTags" time="6.470" classname="com.test.FramingGovernanceTestcases"/>
  <testcase name="NewButton_CustomTags" time="51.192" classname="com.test.FramingGovernanceTestcases"/>
  <testcase name="EditButton_CustomTags" time="51.412" classname="com.test.FramingGovernanceTestcases"/>
  <testcase name="Export_CustomTags" time="25.938" classname="com.test.FramingGovernanceTestcases"/>
  <testcase name="Search_CustomTags" time="20.462" classname="com.test.FramingGovernanceTestcases"/>
</testsuite> <!-- com.test.FramingGovernanceTestcases -->
