<?xml version="1.0" encoding="UTF-8"?>
<!-- Generated by org.testng.reporters.JUnitReportReporter -->
<testsuite skipped="40" hostname="Dell" name="com.test.AssetTestcases" tests="40" failures="0" timestamp="25 Jul 2018 09:23:52 GMT" time="0.001" errors="0">
  <testcase name="NavigatePage_AssetInventoryList" time="0.001" classname="com.test.AssetTestcases">
    <skipped/>
  </testcase> <!-- NavigatePage_AssetInventoryList -->
  <testcase name="AssetWizard_AssetInventoryList" time="0.000" classname="com.test.AssetTestcases">
    <skipped/>
  </testcase> <!-- AssetWizard_AssetInventoryList -->
  <testcase name="PageHearder_AssetInventoryList" time="0.000" classname="com.test.AssetTestcases">
    <skipped/>
  </testcase> <!-- PageHearder_AssetInventoryList -->
  <testcase name="PanelBar_AssetInventoryList" time="0.000" classname="com.test.AssetTestcases">
    <skipped/>
  </testcase> <!-- PanelBar_AssetInventoryList -->
  <testcase name="PageLevelHelp_AssetInventoryList" time="0.000" classname="com.test.AssetTestcases">
    <skipped/>
  </testcase> <!-- PageLevelHelp_AssetInventoryList -->
  <testcase name="RiskManagementMap_AssetInventoryList" time="0.000" classname="com.test.AssetTestcases">
    <skipped/>
  </testcase> <!-- RiskManagementMap_AssetInventoryList -->
  <testcase name="PageHearder_CreateAsset" time="0.000" classname="com.test.AssetTestcases">
    <skipped/>
  </testcase> <!-- PageHearder_CreateAsset -->
  <testcase name="PanelBar_CreateAsset" time="0.000" classname="com.test.AssetTestcases">
    <skipped/>
  </testcase> <!-- PanelBar_CreateAsset -->
  <testcase name="PageLevelHelp_CreateAsset" time="0.000" classname="com.test.AssetTestcases">
    <skipped/>
  </testcase> <!-- PageLevelHelp_CreateAsset -->
  <testcase name="RiskManagementMap_CreateAsset" time="0.000" classname="com.test.AssetTestcases">
    <skipped/>
  </testcase> <!-- RiskManagementMap_CreateAsset -->
  <testcase name="ContextHelp_CreateAsset" time="0.000" classname="com.test.AssetTestcases">
    <skipped/>
  </testcase> <!-- ContextHelp_CreateAsset -->
  <testcase name="AssetNameOnly_CreateAsset" time="0.000" classname="com.test.AssetTestcases">
    <skipped/>
  </testcase> <!-- AssetNameOnly_CreateAsset -->
  <testcase name="Testing_AllFields_CreateAsset" time="0.000" classname="com.test.AssetTestcases">
    <skipped/>
  </testcase> <!-- Testing_AllFields_CreateAsset -->
  <testcase name="Disable_sunset_Status_CreateAsset" time="0.000" classname="com.test.AssetTestcases">
    <skipped/>
  </testcase> <!-- Disable_sunset_Status_CreateAsset -->
  <testcase name="Prepoduction_Staus_CreateAsset" time="0.000" classname="com.test.AssetTestcases">
    <skipped/>
  </testcase> <!-- Prepoduction_Staus_CreateAsset -->
  <testcase name="EditBtn_AssetInventoryList" time="0.000" classname="com.test.AssetTestcases">
    <skipped/>
  </testcase> <!-- EditBtn_AssetInventoryList -->
  <testcase name="DeleteBtn_AssetInventoryList" time="0.000" classname="com.test.AssetTestcases">
    <skipped/>
  </testcase> <!-- DeleteBtn_AssetInventoryList -->
  <testcase name="ExportBtn_AssetInventoryList" time="0.000" classname="com.test.AssetTestcases">
    <skipped/>
  </testcase> <!-- ExportBtn_AssetInventoryList -->
  <testcase name="Search_AssetInventoryList" time="0.000" classname="com.test.AssetTestcases">
    <skipped/>
  </testcase> <!-- Search_AssetInventoryList -->
  <testcase name="Sorting_AssetInventoryList" time="0.000" classname="com.test.AssetTestcases">
    <skipped/>
  </testcase> <!-- Sorting_AssetInventoryList -->
  <testcase name="NavigationPage_AssetInventoryImport" time="0.000" classname="com.test.AssetTestcases">
    <skipped/>
  </testcase> <!-- NavigationPage_AssetInventoryImport -->
  <testcase name="PageHearder_AssetInventoryImport" time="0.000" classname="com.test.AssetTestcases">
    <skipped/>
  </testcase> <!-- PageHearder_AssetInventoryImport -->
  <testcase name="PanelBar_AssetInventoryImport" time="0.000" classname="com.test.AssetTestcases">
    <skipped/>
  </testcase> <!-- PanelBar_AssetInventoryImport -->
  <testcase name="PageLevelHelp_AssetInventoryImport" time="0.000" classname="com.test.AssetTestcases">
    <skipped/>
  </testcase> <!-- PageLevelHelp_AssetInventoryImport -->
  <testcase name="RiskManagementMap_AssetInventoryImport" time="0.000" classname="com.test.AssetTestcases">
    <skipped/>
  </testcase> <!-- RiskManagementMap_AssetInventoryImport -->
  <testcase name="Download_AssetInventoryImport" time="0.000" classname="com.test.AssetTestcases">
    <skipped/>
  </testcase> <!-- Download_AssetInventoryImport -->
  <testcase name="EmptyImport_AssetInventoryImport" time="0.000" classname="com.test.AssetTestcases">
    <skipped/>
  </testcase> <!-- EmptyImport_AssetInventoryImport -->
  <testcase name="InValidImportFiles_AssetInventoryImport" time="0.000" classname="com.test.AssetTestcases">
    <skipped/>
  </testcase> <!-- InValidImportFiles_AssetInventoryImport -->
  <testcase name="ValidImport_AssetInventoryImport" time="0.000" classname="com.test.AssetTestcases">
    <skipped/>
  </testcase> <!-- ValidImport_AssetInventoryImport -->
  <testcase name="AssetStatus_AssetInventoryList" time="0.000" classname="com.test.AssetTestcases">
    <skipped/>
  </testcase> <!-- AssetStatus_AssetInventoryList -->
  <testcase name="NavigationPage_MediaAssetGroups" time="0.000" classname="com.test.AssetTestcases">
    <skipped/>
  </testcase> <!-- NavigationPage_MediaAssetGroups -->
  <testcase name="Edit_MediaAssetGroups" time="0.000" classname="com.test.AssetTestcases">
    <skipped/>
  </testcase> <!-- Edit_MediaAssetGroups -->
  <testcase name="Delete_MediaAssetGroups" time="0.000" classname="com.test.AssetTestcases">
    <skipped/>
  </testcase> <!-- Delete_MediaAssetGroups -->
  <testcase name="PageHearder_MediaAsset" time="0.000" classname="com.test.AssetTestcases">
    <skipped/>
  </testcase> <!-- PageHearder_MediaAsset -->
  <testcase name="PanelBar_MediaAsset" time="0.000" classname="com.test.AssetTestcases">
    <skipped/>
  </testcase> <!-- PanelBar_MediaAsset -->
  <testcase name="PageLevelHelp_MediaAsset" time="0.000" classname="com.test.AssetTestcases">
    <skipped/>
  </testcase> <!-- PageLevelHelp_MediaAsset -->
  <testcase name="RiskManagementMap_MediaAsset" time="0.000" classname="com.test.AssetTestcases">
    <skipped/>
  </testcase> <!-- RiskManagementMap_MediaAsset -->
  <testcase name="AssetEntryMethod_dropdown_AssetInventoryList" classname="com.test.AssetTestcases">
    <skipped/>
  </testcase> <!-- AssetEntryMethod_dropdown_AssetInventoryList -->
  <testcase name="Pagination_MediaAsset" classname="com.test.AssetTestcases">
    <skipped/>
  </testcase> <!-- Pagination_MediaAsset -->
  <testcase name="ContextHelp_AssetInventoryList" classname="com.test.AssetTestcases">
    <skipped/>
  </testcase> <!-- ContextHelp_AssetInventoryList -->
</testsuite> <!-- com.test.AssetTestcases -->
