<?xml version="1.0" encoding="UTF-8"?>
<!-- Generated by org.testng.reporters.JUnitReportReporter -->
<testsuite skipped="0" hostname="Dell" name="com.test.sample" tests="1" failures="0" timestamp="02 Feb 2018 08:02:04 GMT" time="116.573" errors="0">
  <testcase name="RiskRatingReportFilter" time="116.573" classname="com.test.sample"/>
</testsuite> <!-- com.test.sample -->
