<?xml version="1.0" encoding="UTF-8"?>
<!-- Generated by org.testng.reporters.JUnitReportReporter -->
<testsuite skipped="4" hostname="Dell" name="com.test.DocumentsTestcase" tests="17" failures="0" timestamp="05 Oct 2018 12:25:38 GMT" time="252.721" errors="0">
  <testcase name="NavigatePage_Documents" time="21.231" classname="com.test.DocumentsTestcase"/>
  <testcase name="PageHearder_Documents" time="7.259" classname="com.test.DocumentsTestcase"/>
  <testcase name="PanelBar_Documents" time="6.170" classname="com.test.DocumentsTestcase"/>
  <testcase name="PageLevelHelp_Documents" time="9.435" classname="com.test.DocumentsTestcase"/>
  <testcase name="RiskManagementMap_Documents" time="9.447" classname="com.test.DocumentsTestcase"/>
  <testcase name="ChkEachFields_Documents" time="3.360" classname="com.test.DocumentsTestcase"/>
  <testcase name="QuickFilter_Documents" time="24.742" classname="com.test.DocumentsTestcase"/>
  <testcase name="Upload_Documents" time="35.003" classname="com.test.DocumentsTestcase"/>
  <testcase name="Notes_Documents" time="58.254" classname="com.test.DocumentsTestcase"/>
  <testcase name="SubRowsUpload_Documents" time="26.707" classname="com.test.DocumentsTestcase"/>
  <testcase name="DownloadandDelete_Documents" time="25.043" classname="com.test.DocumentsTestcase"/>
  <testcase name="Export_Documents" time="25.711" classname="com.test.DocumentsTestcase"/>
  <testcase name="ColumnHeader_Documents" time="0.359" classname="com.test.DocumentsTestcase"/>
  <testcase name="Filter_Documents" classname="com.test.DocumentsTestcase">
    <skipped/>
  </testcase> <!-- Filter_Documents -->
  <testcase name="TC214" classname="com.test.DocumentsTestcase">
    <skipped/>
  </testcase> <!-- TC214 -->
  <testcase name="MultiSelector_Documents" classname="com.test.DocumentsTestcase">
    <skipped/>
  </testcase> <!-- MultiSelector_Documents -->
  <testcase name="TC212" classname="com.test.DocumentsTestcase">
    <skipped/>
  </testcase> <!-- TC212 -->
</testsuite> <!-- com.test.DocumentsTestcase -->
