<?xml version="1.0" encoding="UTF-8"?>
<!-- Generated by org.testng.reporters.JUnitReportReporter -->
<testsuite skipped="8" hostname="Dell" name="com.test.AddAsset" tests="40" failures="1" timestamp="16 Jul 2018 14:58:03 GMT" time="872.115" errors="0">
  <testcase name="NavigatePage_AssetInventoryList" time="22.646" classname="com.test.AddAsset"/>
  <testcase name="AssetWizard_AssetInventoryList" time="100.008" classname="com.test.AddAsset"/>
  <testcase name="PageHearder_AssetInventoryList" time="9.558" classname="com.test.AddAsset"/>
  <testcase name="PanelBar_AssetInventoryList" time="6.251" classname="com.test.AddAsset"/>
  <testcase name="PageLevelHelp_AssetInventoryList" time="7.727" classname="com.test.AddAsset"/>
  <testcase name="RiskManagementMap_AssetInventoryList" time="9.799" classname="com.test.AddAsset"/>
  <testcase name="AssetNameOnly_CreateAsset" time="27.973" classname="com.test.AddAsset"/>
  <testcase name="Testing_AllFields_CreateAsset" time="72.650" classname="com.test.AddAsset"/>
  <testcase name="Disable_sunset_Status_CreateAsset" time="33.078" classname="com.test.AddAsset"/>
  <testcase name="Prepoduction_Staus_CreateAsset" time="34.422" classname="com.test.AddAsset"/>
  <testcase name="EditBtn_AssetInventoryList" time="31.217" classname="com.test.AddAsset"/>
  <testcase name="DeleteBtn_AssetInventoryList" time="19.889" classname="com.test.AddAsset"/>
  <testcase name="ExportBtn_AssetInventoryList" time="10.617" classname="com.test.AddAsset"/>
  <testcase name="Search_AssetInventoryList" time="6.385" classname="com.test.AddAsset"/>
  <testcase name="Sorting_AssetInventoryList" time="3.443" classname="com.test.AddAsset">
    <failure type="java.lang.AssertionError" message="expected [true] but found [false]">
      <![CDATA[java.lang.AssertionError: expected [true] but found [false]
	at org.testng.Assert.fail(Assert.java:93)
	at org.testng.Assert.failNotEquals(Assert.java:512)
	at org.testng.Assert.assertTrue(Assert.java:41)
	at org.testng.Assert.assertTrue(Assert.java:51)
	at com.test.WrapperClass.sortascen(WrapperClass.java:1399)
	at com.test.AddAsset.Sorting_AssetInventoryList(AddAsset.java:982)
	at sun.reflect.NativeMethodAccessorImpl.invoke0(Native Method)
	at sun.reflect.NativeMethodAccessorImpl.invoke(Unknown Source)
	at sun.reflect.DelegatingMethodAccessorImpl.invoke(Unknown Source)
	at java.lang.reflect.Method.invoke(Unknown Source)
	at org.testng.internal.MethodInvocationHelper.invokeMethod(MethodInvocationHelper.java:108)
	at org.testng.internal.Invoker.invokeMethod(Invoker.java:661)
	at org.testng.internal.Invoker.invokeTestMethod(Invoker.java:869)
	at org.testng.internal.Invoker.invokeTestMethods(Invoker.java:1193)
	at org.testng.internal.TestMethodWorker.invokeTestMethods(TestMethodWorker.java:126)
	at org.testng.internal.TestMethodWorker.run(TestMethodWorker.java:109)
	at org.testng.TestRunner.privateRun(TestRunner.java:744)
	at org.testng.TestRunner.run(TestRunner.java:602)
	at org.testng.SuiteRunner.runTest(SuiteRunner.java:380)
	at org.testng.SuiteRunner.runSequentially(SuiteRunner.java:375)
	at org.testng.SuiteRunner.privateRun(SuiteRunner.java:340)
	at org.testng.SuiteRunner.run(SuiteRunner.java:289)
	at org.testng.SuiteRunnerWorker.runSuite(SuiteRunnerWorker.java:52)
	at org.testng.SuiteRunnerWorker.run(SuiteRunnerWorker.java:86)
	at org.testng.TestNG.runSuitesSequentially(TestNG.java:1301)
	at org.testng.TestNG.runSuitesLocally(TestNG.java:1226)
	at org.testng.TestNG.runSuites(TestNG.java:1144)
	at org.testng.TestNG.run(TestNG.java:1115)
	at org.testng.remote.AbstractRemoteTestNG.run(AbstractRemoteTestNG.java:132)
	at org.testng.remote.RemoteTestNG.initAndRun(RemoteTestNG.java:230)
	at org.testng.remote.RemoteTestNG.main(RemoteTestNG.java:76)
]]>
    </failure>
  </testcase> <!-- Sorting_AssetInventoryList -->
  <testcase name="NavigationPage_AssetInventoryImport" time="7.008" classname="com.test.AddAsset"/>
  <testcase name="PageHearder_AssetInventoryImport" time="8.320" classname="com.test.AddAsset"/>
  <testcase name="PanelBar_AssetInventoryImport" time="7.271" classname="com.test.AddAsset"/>
  <testcase name="PageLevelHelp_AssetInventoryImport" time="9.722" classname="com.test.AddAsset"/>
  <testcase name="RiskManagementMap_AssetInventoryImport" time="9.759" classname="com.test.AddAsset"/>
  <testcase name="Download_AssetInventoryImport" time="8.350" classname="com.test.AddAsset"/>
  <testcase name="EmptyImport_AssetInventoryImport" time="29.248" classname="com.test.AddAsset"/>
  <testcase name="InValidImportFiles_AssetInventoryImport" time="70.716" classname="com.test.AddAsset"/>
  <testcase name="ValidImport_AssetInventoryImport" time="224.284" classname="com.test.AddAsset"/>
  <testcase name="AssetStatus_AssetInventoryList" time="22.272" classname="com.test.AddAsset"/>
  <testcase name="NavigationPage_MediaAssetGroups" time="8.373" classname="com.test.AddAsset"/>
  <testcase name="Edit_MediaAssetGroups" time="22.308" classname="com.test.AddAsset"/>
  <testcase name="Delete_MediaAssetGroups" time="8.756" classname="com.test.AddAsset"/>
  <testcase name="PageHearder_MediaAsset" time="13.403" classname="com.test.AddAsset"/>
  <testcase name="PanelBar_MediaAsset" time="7.213" classname="com.test.AddAsset"/>
  <testcase name="PageLevelHelp_MediaAsset" time="9.713" classname="com.test.AddAsset"/>
  <testcase name="RiskManagementMap_MediaAsset" time="9.736" classname="com.test.AddAsset"/>
  <testcase name="ContextHelp_AssetInventoryList" classname="com.test.AddAsset">
    <skipped/>
  </testcase> <!-- ContextHelp_AssetInventoryList -->
  <testcase name="AssetEntryMethod_dropdown_AssetInventoryList" classname="com.test.AddAsset">
    <skipped/>
  </testcase> <!-- AssetEntryMethod_dropdown_AssetInventoryList -->
  <testcase name="Pagination_MediaAsset" classname="com.test.AddAsset">
    <skipped/>
  </testcase> <!-- Pagination_MediaAsset -->
  <testcase name="PageHearder_CreateAsset" classname="com.test.AddAsset">
    <skipped/>
  </testcase> <!-- PageHearder_CreateAsset -->
  <testcase name="RiskManagementMap_CreateAsset" classname="com.test.AddAsset">
    <skipped/>
  </testcase> <!-- RiskManagementMap_CreateAsset -->
  <testcase name="PanelBar_CreateAsset" classname="com.test.AddAsset">
    <skipped/>
  </testcase> <!-- PanelBar_CreateAsset -->
  <testcase name="PageLevelHelp_CreateAsset" classname="com.test.AddAsset">
    <skipped/>
  </testcase> <!-- PageLevelHelp_CreateAsset -->
  <testcase name="ContextHelp_CreateAsset" classname="com.test.AddAsset">
    <skipped/>
  </testcase> <!-- ContextHelp_CreateAsset -->
</testsuite> <!-- com.test.AddAsset -->
