<?xml version="1.0" encoding="UTF-8"?>
<!-- Generated by org.testng.reporters.JUnitReportReporter -->
<testsuite skipped="0" hostname="Dell" name="com.test.FramingGovernanceTestcases" tests="25" failures="0" timestamp="03 May 2019 08:21:07 GMT" time="635.455" errors="0">
  <testcase name="ChkAllSubModules_FramingGovernance" time="39.643" classname="com.test.FramingGovernanceTestcases"/>
  <testcase name="PageLevelHelp_RiskThreshold" time="15.958" classname="com.test.FramingGovernanceTestcases"/>
  <testcase name="RiskManagementMap_RiskThreshold" time="6.323" classname="com.test.FramingGovernanceTestcases"/>
  <testcase name="RiskThresholddropdown_RiskThreshold" time="24.641" classname="com.test.FramingGovernanceTestcases"/>
  <testcase name="Export_RiskThreshold" time="78.548" classname="com.test.FramingGovernanceTestcases"/>
  <testcase name="PageLevelHelp_LikelihoodSettings" time="19.038" classname="com.test.FramingGovernanceTestcases"/>
  <testcase name="RiskManagementMap_LikelihoodSettings" time="6.373" classname="com.test.FramingGovernanceTestcases"/>
  <testcase name="Export_LikelihoodSettings" time="17.360" classname="com.test.FramingGovernanceTestcases"/>
  <testcase name="Search_LikelihoodSettings" time="20.347" classname="com.test.FramingGovernanceTestcases"/>
  <testcase name="PageLevelHelp_ImpactSettings" time="19.459" classname="com.test.FramingGovernanceTestcases"/>
  <testcase name="RiskManagementMap_ImpactSettings" time="6.385" classname="com.test.FramingGovernanceTestcases"/>
  <testcase name="Export_ImpactSettings" time="17.285" classname="com.test.FramingGovernanceTestcases"/>
  <testcase name="Search_ImpactSettings" time="20.382" classname="com.test.FramingGovernanceTestcases"/>
  <testcase name="PageLevelHelp_CustomControls" time="18.749" classname="com.test.FramingGovernanceTestcases"/>
  <testcase name="RiskManagementMap_CustomControls" time="6.382" classname="com.test.FramingGovernanceTestcases"/>
  <testcase name="NewButton_CustomControls" time="50.932" classname="com.test.FramingGovernanceTestcases"/>
  <testcase name="EditButton_CustomControls" time="51.128" classname="com.test.FramingGovernanceTestcases"/>
  <testcase name="Export_CustomControls" time="19.611" classname="com.test.FramingGovernanceTestcases"/>
  <testcase name="Search_CustomControls" time="20.455" classname="com.test.FramingGovernanceTestcases"/>
  <testcase name="PageLevelHelp_CustomTags" time="21.651" classname="com.test.FramingGovernanceTestcases"/>
  <testcase name="RiskManagementMap_CustomTags" time="6.370" classname="com.test.FramingGovernanceTestcases"/>
  <testcase name="NewButton_CustomTags" time="51.110" classname="com.test.FramingGovernanceTestcases"/>
  <testcase name="EditButton_CustomTags" time="51.194" classname="com.test.FramingGovernanceTestcases"/>
  <testcase name="Export_CustomTags" time="25.801" classname="com.test.FramingGovernanceTestcases"/>
  <testcase name="Search_CustomTags" time="20.330" classname="com.test.FramingGovernanceTestcases"/>
</testsuite> <!-- com.test.FramingGovernanceTestcases -->
