<?xml version="1.0" encoding="UTF-8"?>
<!-- Generated by org.testng.reporters.JUnitReportReporter -->
<testsuite skipped="2" hostname="Dell" name="com.test.RiskReconciliationListTestcases" tests="9" failures="0" timestamp="27 Mar 2019 13:33:43 GMT" time="140.373" errors="0">
  <testcase name="NavigatePage_RiskReconciliationList" time="25.640" classname="com.test.RiskReconciliationListTestcases"/>
  <testcase name="PageHearder_RiskReconciliationList" time="7.314" classname="com.test.RiskReconciliationListTestcases"/>
  <testcase name="PanelBar_RiskReconciliationList" time="6.243" classname="com.test.RiskReconciliationListTestcases"/>
  <testcase name="PageLevelHelp_RiskReconciliationList" time="9.357" classname="com.test.RiskReconciliationListTestcases"/>
  <testcase name="RiskManagementMap_RiskReconciliationList" time="9.349" classname="com.test.RiskReconciliationListTestcases"/>
  <testcase name="QuickFilter_RiskReconciliationList" time="32.704" classname="com.test.RiskReconciliationListTestcases"/>
  <testcase name="Export_RiskReconciliationList" time="49.766" classname="com.test.RiskReconciliationListTestcases"/>
  <testcase name="Filter_RiskReconciliationList" classname="com.test.RiskReconciliationListTestcases">
    <skipped/>
  </testcase> <!-- Filter_RiskReconciliationList -->
  <testcase name="Sorting_RiskReconciliationList" classname="com.test.RiskReconciliationListTestcases">
    <skipped/>
  </testcase> <!-- Sorting_RiskReconciliationList -->
</testsuite> <!-- com.test.RiskReconciliationListTestcases -->
