<?xml version="1.0" encoding="UTF-8"?>
<!-- Generated by org.testng.reporters.JUnitReportReporter -->
<testsuite skipped="0" hostname="Dell" name="com.test.ManageAccount" tests="9" failures="0" timestamp="15 Mar 2018 12:32:28 GMT" time="459.114" errors="0">
  <testcase name="UserList" time="94.840" classname="com.test.ManageAccount"/>
  <testcase name="ExportUserList" time="28.334" classname="com.test.ManageAccount"/>
  <testcase name="UserListSort" time="33.714" classname="com.test.ManageAccount"/>
  <testcase name="ExportManageRoles" time="49.324" classname="com.test.ManageAccount"/>
  <testcase name="ManageRolesSort" time="42.577" classname="com.test.ManageAccount"/>
  <testcase name="ExportUserImport" time="36.821" classname="com.test.ManageAccount"/>
  <testcase name="UploadUserImport" time="24.262" classname="com.test.ManageAccount"/>
  <testcase name="UserAssignment" time="94.681" classname="com.test.ManageAccount"/>
  <testcase name="ExportUserAssignment" time="54.561" classname="com.test.ManageAccount"/>
</testsuite> <!-- com.test.ManageAccount -->
