<?xml version="1.0" encoding="UTF-8"?>
<!-- Generated by org.testng.reporters.JUnitReportReporter -->
<testsuite skipped="19" hostname="Dell" name="com.test.CES" tests="23" failures="1" timestamp="02 Jan 2019 17:09:57 GMT" time="330.493" errors="0">
  <testcase name="Edit_GroupWizard_ComponentGroups" time="102.805" classname="com.test.CES">
    <failure type="java.lang.AssertionError" message="expected [Add a Backup Media Component Group] but found [  Add a Backup Media Component Group]">
      <![CDATA[java.lang.AssertionError: expected [Add a Backup Media Component Group] but found [  Add a Backup Media Component Group]
	at org.testng.Assert.fail(Assert.java:93)
	at org.testng.Assert.failNotEquals(Assert.java:512)
	at org.testng.Assert.assertEqualsImpl(Assert.java:134)
	at org.testng.Assert.assertEquals(Assert.java:115)
	at org.testng.Assert.assertEquals(Assert.java:189)
	at org.testng.Assert.assertEquals(Assert.java:199)
	at com.test.WrapperClass.assertEquals(WrapperClass.java:1337)
	at com.test.CES.Edit_GroupWizard_ComponentGroups(CES.java:1100)
	at sun.reflect.NativeMethodAccessorImpl.invoke0(Native Method)
	at sun.reflect.NativeMethodAccessorImpl.invoke(Unknown Source)
	at sun.reflect.DelegatingMethodAccessorImpl.invoke(Unknown Source)
	at java.lang.reflect.Method.invoke(Unknown Source)
	at org.testng.internal.MethodInvocationHelper.invokeMethod(MethodInvocationHelper.java:108)
	at org.testng.internal.Invoker.invokeMethod(Invoker.java:661)
	at org.testng.internal.Invoker.invokeTestMethod(Invoker.java:869)
	at org.testng.internal.Invoker.invokeTestMethods(Invoker.java:1193)
	at org.testng.internal.TestMethodWorker.invokeTestMethods(TestMethodWorker.java:126)
	at org.testng.internal.TestMethodWorker.run(TestMethodWorker.java:109)
	at org.testng.TestRunner.privateRun(TestRunner.java:744)
	at org.testng.TestRunner.run(TestRunner.java:602)
	at org.testng.SuiteRunner.runTest(SuiteRunner.java:380)
	at org.testng.SuiteRunner.runSequentially(SuiteRunner.java:375)
	at org.testng.SuiteRunner.privateRun(SuiteRunner.java:340)
	at org.testng.SuiteRunner.run(SuiteRunner.java:289)
	at org.testng.SuiteRunnerWorker.runSuite(SuiteRunnerWorker.java:52)
	at org.testng.SuiteRunnerWorker.run(SuiteRunnerWorker.java:86)
	at org.testng.TestNG.runSuitesSequentially(TestNG.java:1301)
	at org.testng.TestNG.runSuitesLocally(TestNG.java:1226)
	at org.testng.TestNG.runSuites(TestNG.java:1144)
	at org.testng.TestNG.run(TestNG.java:1115)
	at org.testng.remote.AbstractRemoteTestNG.run(AbstractRemoteTestNG.java:132)
	at org.testng.remote.RemoteTestNG.initAndRun(RemoteTestNG.java:230)
	at org.testng.remote.RemoteTestNG.main(RemoteTestNG.java:76)
]]>
    </failure>
  </testcase> <!-- Edit_GroupWizard_ComponentGroups -->
  <testcase name="ChkListedFields_ComponentGroups" time="56.824" classname="com.test.CES"/>
  <testcase name="AddNewGroup_ComponentGroups" time="121.343" classname="com.test.CES"/>
  <testcase name="NextStep_ComponentGroups" time="49.521" classname="com.test.CES"/>
  <testcase name="AssetInventoryList_ChkExport" classname="com.test.CES">
    <skipped/>
  </testcase> <!-- AssetInventoryList_ChkExport -->
  <testcase name="NavigatePage_AssetInventoryList_CES" classname="com.test.CES">
    <skipped/>
  </testcase> <!-- NavigatePage_AssetInventoryList_CES -->
  <testcase name="AllGroups_CES" classname="com.test.CES">
    <skipped/>
  </testcase> <!-- AllGroups_CES -->
  <testcase name="UserList_CES" classname="com.test.CES">
    <skipped/>
  </testcase> <!-- UserList_CES -->
  <testcase name="ChkRecentNameLink_CES" classname="com.test.CES">
    <skipped/>
  </testcase> <!-- ChkRecentNameLink_CES -->
  <testcase name="ColumnHeader_AssetInventoryList" classname="com.test.CES">
    <skipped/>
  </testcase> <!-- ColumnHeader_AssetInventoryList -->
  <testcase name="AssetName_AssetWizard_CES" classname="com.test.CES">
    <skipped/>
  </testcase> <!-- AssetName_AssetWizard_CES -->
  <testcase name="AssetBasics_CES" classname="com.test.CES">
    <skipped/>
  </testcase> <!-- AssetBasics_CES -->
  <testcase name="EditBtn_AssetInventoryList" classname="com.test.CES">
    <skipped/>
  </testcase> <!-- EditBtn_AssetInventoryList -->
  <testcase name="ComponentGroups_AssetWizard" classname="com.test.CES">
    <skipped/>
  </testcase> <!-- ComponentGroups_AssetWizard -->
  <testcase name="ComponentTypes_AssetWizard_CES" classname="com.test.CES">
    <skipped/>
  </testcase> <!-- ComponentTypes_AssetWizard_CES -->
  <testcase name="NewGroupIcon_CES" classname="com.test.CES">
    <skipped/>
  </testcase> <!-- NewGroupIcon_CES -->
  <testcase name="ComponentCount_CES" classname="com.test.CES">
    <skipped/>
  </testcase> <!-- ComponentCount_CES -->
  <testcase name="ChkBussinessOwnerPopup_AssetWizard_CES" classname="com.test.CES">
    <skipped/>
  </testcase> <!-- ChkBussinessOwnerPopup_AssetWizard_CES -->
  <testcase name="PhysicalLocation_ComponentGrouping_CES" classname="com.test.CES">
    <skipped/>
  </testcase> <!-- PhysicalLocation_ComponentGrouping_CES -->
  <testcase name="PanelTab_AssetWizard_CES" classname="com.test.CES">
    <skipped/>
  </testcase> <!-- PanelTab_AssetWizard_CES -->
  <testcase name="AssetInventoryReport_CES" classname="com.test.CES">
    <skipped/>
  </testcase> <!-- AssetInventoryReport_CES -->
  <testcase name="BusinessOwnerPopup_AssetWizard_CES" classname="com.test.CES">
    <skipped/>
  </testcase> <!-- BusinessOwnerPopup_AssetWizard_CES -->
  <testcase name="ChkListedDetails_BussinessOwner_CES" classname="com.test.CES">
    <skipped/>
  </testcase> <!-- ChkListedDetails_BussinessOwner_CES -->
</testsuite> <!-- com.test.CES -->
